#
# There is insufficient memory for the Java Runtime Environment to continue.
# Native memory allocation (malloc) failed to allocate 749536 bytes for Chunk::new
# Possible reasons:
#   The system is out of physical RAM or swap space
#   The process is running with CompressedOops enabled, and the Java Heap may be blocking the growth of the native heap
# Possible solutions:
#   Reduce memory load on the system
#   Increase physical memory or swap space
#   Check if swap backing store is full
#   Decrease Java heap size (-Xmx/-Xms)
#   Decrease number of Java threads
#   Decrease Java thread stack sizes (-Xss)
#   Set larger code cache with -XX:ReservedCodeCacheSize=
#   JVM is running with Zero Based Compressed Oops mode in which the Java heap is
#     placed in the first 32GB address space. The Java Heap base address is the
#     maximum limit for the native heap growth. Please use -XX:HeapBaseMinAddress
#     to set the Java Heap base and to place the Java Heap above 32GB virtual address.
# This output file may be truncated or incomplete.
#
#  Out of Memory Error (arena.cpp:189), pid=11256, tid=30216
#
# JRE version: Java(TM) SE Runtime Environment (17.0.4.1+1) (build 17.0.4.1+1-LTS-2)
# Java VM: Java HotSpot(TM) 64-Bit Server VM (17.0.4.1+1-LTS-2, mixed mode, sharing, tiered, compressed oops, compressed class ptrs, g1 gc, windows-amd64)
# No core dump will be written. Minidumps are not enabled by default on client versions of Windows
#

---------------  S U M M A R Y ------------

Command Line: -ea -Didea.test.cyclic.buffer.size=4194304 -javaagent:D:\software\JetBrains\IntelliJ IDEA 2021.3.1\lib\idea_rt.jar=59909:D:\software\JetBrains\IntelliJ IDEA 2021.3.1\bin -Dfile.encoding=UTF-8 com.intellij.rt.junit.JUnitStarter -ideVersion5 -junit5 com.example.banksys.presentationlayer.controller.PersonalUserControllerTest,withMockAuthenticationTest

Host: Intel(R) Core(TM) i7-10700 CPU @ 2.90GHz, 16 cores, 15G,  Windows 10 , 64 bit Build 19041 (10.0.19041.2788)
Time: Tue May 16 10:32:31 2023  Windows 10 , 64 bit Build 19041 (10.0.19041.2788) elapsed time: 1.538016 seconds (0d 0h 0m 1s)

---------------  T H R E A D  ---------------

Current thread (0x000002b462016bb0):  JavaThread "C2 CompilerThread0" daemon [_thread_in_native, id=30216, stack(0x000000bb21800000,0x000000bb21900000)]


Current CompileTask:
C2:   1538 1598       4       jdk.internal.org.objectweb.asm.Frame::execute (2305 bytes)

Stack: [0x000000bb21800000,0x000000bb21900000]
Native frames: (J=compiled Java code, j=interpreted, Vv=VM code, C=native code)
V  [jvm.dll+0x6723ba]
V  [jvm.dll+0x7d1e34]
V  [jvm.dll+0x7d35de]
V  [jvm.dll+0x7d3c43]
V  [jvm.dll+0x243065]
V  [jvm.dll+0xaa57b]
V  [jvm.dll+0xaab0c]
V  [jvm.dll+0x2a9dcf]
V  [jvm.dll+0x57a7f7]
V  [jvm.dll+0x21e342]
V  [jvm.dll+0x21e71f]
V  [jvm.dll+0x217ff5]
V  [jvm.dll+0x2154bb]
V  [jvm.dll+0x1a1fcd]
V  [jvm.dll+0x224e08]
V  [jvm.dll+0x222f75]
V  [jvm.dll+0x787a0b]
V  [jvm.dll+0x781fca]
V  [jvm.dll+0x671245]
C  [ucrtbase.dll+0x21bb2]
C  [KERNEL32.DLL+0x17604]
C  [ntdll.dll+0x526a1]


---------------  P R O C E S S  ---------------

Threads class SMR info:
_java_thread_list=0x000002b462fc8cd0, length=17, elements={
0x000002b43be2b3d0, 0x000002b46154d0a0, 0x000002b46154f6c0, 0x000002b462008cb0,
0x000002b46200b770, 0x000002b46200c8c0, 0x000002b46200d270, 0x000002b462016bb0,
0x000002b4620175a0, 0x000002b462017ea0, 0x000002b461536f00, 0x000002b46211e8a0,
0x000002b46211eff0, 0x000002b46211f5b0, 0x000002b46226a640, 0x000002b46226ab10,
0x000002b462ee5a10
}

Java Threads: ( => current thread )
  0x000002b43be2b3d0 JavaThread "main" [_thread_in_vm, id=28756, stack(0x000000bb20b00000,0x000000bb20c00000)]
  0x000002b46154d0a0 JavaThread "Reference Handler" daemon [_thread_blocked, id=4396, stack(0x000000bb21200000,0x000000bb21300000)]
  0x000002b46154f6c0 JavaThread "Finalizer" daemon [_thread_blocked, id=2136, stack(0x000000bb21300000,0x000000bb21400000)]
  0x000002b462008cb0 JavaThread "Signal Dispatcher" daemon [_thread_blocked, id=13380, stack(0x000000bb21400000,0x000000bb21500000)]
  0x000002b46200b770 JavaThread "Attach Listener" daemon [_thread_blocked, id=19480, stack(0x000000bb21500000,0x000000bb21600000)]
  0x000002b46200c8c0 JavaThread "Service Thread" daemon [_thread_blocked, id=11876, stack(0x000000bb21600000,0x000000bb21700000)]
  0x000002b46200d270 JavaThread "Monitor Deflation Thread" daemon [_thread_blocked, id=14024, stack(0x000000bb21700000,0x000000bb21800000)]
=>0x000002b462016bb0 JavaThread "C2 CompilerThread0" daemon [_thread_in_native, id=30216, stack(0x000000bb21800000,0x000000bb21900000)]
  0x000002b4620175a0 JavaThread "C1 CompilerThread0" daemon [_thread_blocked, id=11664, stack(0x000000bb21900000,0x000000bb21a00000)]
  0x000002b462017ea0 JavaThread "Sweeper thread" daemon [_thread_blocked, id=13352, stack(0x000000bb21a00000,0x000000bb21b00000)]
  0x000002b461536f00 JavaThread "Common-Cleaner" daemon [_thread_blocked, id=7772, stack(0x000000bb21b00000,0x000000bb21c00000)]
  0x000002b46211e8a0 JavaThread "C1 CompilerThread1" daemon [_thread_blocked, id=26620, stack(0x000000bb21c00000,0x000000bb21d00000)]
  0x000002b46211eff0 JavaThread "C1 CompilerThread2" daemon [_thread_blocked, id=22980, stack(0x000000bb21d00000,0x000000bb21e00000)]
  0x000002b46211f5b0 JavaThread "C1 CompilerThread3" daemon [_thread_blocked, id=23856, stack(0x000000bb21e00000,0x000000bb21f00000)]
  0x000002b46226a640 JavaThread "Monitor Ctrl-Break" daemon [_thread_in_native, id=5400, stack(0x000000bb22000000,0x000000bb22100000)]
  0x000002b46226ab10 JavaThread "Notification Thread" daemon [_thread_blocked, id=14680, stack(0x000000bb22100000,0x000000bb22200000)]
  0x000002b462ee5a10 JavaThread "C2 CompilerThread1" daemon [_thread_in_native, id=28232, stack(0x000000bb21f00000,0x000000bb22000000)]

Other Threads:
  0x000002b461548d10 VMThread "VM Thread" [stack: 0x000000bb21100000,0x000000bb21200000] [id=3784]
  0x000002b43bece8c0 WatcherThread [stack: 0x000000bb22200000,0x000000bb22300000] [id=6096]
  0x000002b43bcde7b0 GCTaskThread "GC Thread#0" [stack: 0x000000bb20c00000,0x000000bb20d00000] [id=13220]
  0x000002b463057cb0 GCTaskThread "GC Thread#1" [stack: 0x000000bb22300000,0x000000bb22400000] [id=1204]
  0x000002b462dd27c0 GCTaskThread "GC Thread#2" [stack: 0x000000bb22400000,0x000000bb22500000] [id=26144]
  0x000002b463051190 GCTaskThread "GC Thread#3" [stack: 0x000000bb22500000,0x000000bb22600000] [id=22004]
  0x000002b463051440 GCTaskThread "GC Thread#4" [stack: 0x000000bb22600000,0x000000bb22700000] [id=26180]
  0x000002b4630516f0 GCTaskThread "GC Thread#5" [stack: 0x000000bb22700000,0x000000bb22800000] [id=12100]
  0x000002b43bea2e20 ConcurrentGCThread "G1 Main Marker" [stack: 0x000000bb20d00000,0x000000bb20e00000] [id=12612]
  0x000002b43bea4df0 ConcurrentGCThread "G1 Conc#0" [stack: 0x000000bb20e00000,0x000000bb20f00000] [id=9112]
  0x000002b461405590 ConcurrentGCThread "G1 Refine#0" [stack: 0x000000bb20f00000,0x000000bb21000000] [id=29332]
  0x000002b461405dc0 ConcurrentGCThread "G1 Service" [stack: 0x000000bb21000000,0x000000bb21100000] [id=2052]

Threads with active compile tasks:
C2 CompilerThread0     1564 1598       4       jdk.internal.org.objectweb.asm.Frame::execute (2305 bytes)
C1 CompilerThread3     1564 1733       3       java.lang.invoke.MemberName::equals (69 bytes)
C2 CompilerThread1     1564 1627       4       jdk.internal.loader.URLClassPath::getResource (74 bytes)

VM state: not at safepoint (normal execution)

VM Mutex/Monitor currently owned by a thread:  ([mutex/lock_event])
[0x000002b43be1ad20] CodeCache_lock - owner thread: 0x000002b43be2b3d0

Heap address: 0x0000000702c00000, size: 4052 MB, Compressed Oops mode: Zero based, Oop shift amount: 3

CDS archive(s) mapped at: [0x0000000800000000-0x0000000800bc0000-0x0000000800bc0000), size 12320768, SharedBaseAddress: 0x0000000800000000, ArchiveRelocationMode: 0.
Compressed class space mapped at: 0x0000000800c00000-0x0000000840c00000, reserved size: 1073741824
Narrow klass base: 0x0000000800000000, Narrow klass shift: 0, Narrow klass range: 0x100000000

GC Precious Log:
 CPUs: 16 total, 16 available
 Memory: 16206M
 Large Page Support: Disabled
 NUMA Support: Disabled
 Compressed Oops: Enabled (Zero based)
 Heap Region Size: 2M
 Heap Min Capacity: 8M
 Heap Initial Capacity: 254M
 Heap Max Capacity: 4052M
 Pre-touch: Disabled
 Parallel Workers: 13
 Concurrent Workers: 3
 Concurrent Refinement Workers: 13
 Periodic GC: Disabled

Heap:
 garbage-first heap   total 260096K, used 25441K [0x0000000702c00000, 0x0000000800000000)
  region size 2048K, 12 young (24576K), 2 survivors (4096K)
 Metaspace       used 8785K, committed 8960K, reserved 1064960K
  class space    used 1082K, committed 1152K, reserved 1048576K

Heap Regions: E=young(eden), S=young(survivor), O=old, HS=humongous(starts), HC=humongous(continues), CS=collection set, F=free, OA=open archive, CA=closed archive, TAMS=top-at-mark-start (previous, next)
|   0|0x0000000702c00000, 0x0000000702e00000, 0x0000000702e00000|100%| O|  |TAMS 0x0000000702c00000, 0x0000000702c00000| Untracked 
|   1|0x0000000702e00000, 0x0000000702ed8400, 0x0000000703000000| 42%| O|  |TAMS 0x0000000702e00000, 0x0000000702e00000| Untracked 
|   2|0x0000000703000000, 0x0000000703000000, 0x0000000703200000|  0%| F|  |TAMS 0x0000000703000000, 0x0000000703000000| Untracked 
|   3|0x0000000703200000, 0x0000000703200000, 0x0000000703400000|  0%| F|  |TAMS 0x0000000703200000, 0x0000000703200000| Untracked 
|   4|0x0000000703400000, 0x0000000703400000, 0x0000000703600000|  0%| F|  |TAMS 0x0000000703400000, 0x0000000703400000| Untracked 
|   5|0x0000000703600000, 0x0000000703600000, 0x0000000703800000|  0%| F|  |TAMS 0x0000000703600000, 0x0000000703600000| Untracked 
|   6|0x0000000703800000, 0x0000000703800000, 0x0000000703a00000|  0%| F|  |TAMS 0x0000000703800000, 0x0000000703800000| Untracked 
|   7|0x0000000703a00000, 0x0000000703a00000, 0x0000000703c00000|  0%| F|  |TAMS 0x0000000703a00000, 0x0000000703a00000| Untracked 
|   8|0x0000000703c00000, 0x0000000703c00000, 0x0000000703e00000|  0%| F|  |TAMS 0x0000000703c00000, 0x0000000703c00000| Untracked 
|   9|0x0000000703e00000, 0x0000000703e00000, 0x0000000704000000|  0%| F|  |TAMS 0x0000000703e00000, 0x0000000703e00000| Untracked 
|  10|0x0000000704000000, 0x0000000704000000, 0x0000000704200000|  0%| F|  |TAMS 0x0000000704000000, 0x0000000704000000| Untracked 
|  11|0x0000000704200000, 0x0000000704200000, 0x0000000704400000|  0%| F|  |TAMS 0x0000000704200000, 0x0000000704200000| Untracked 
|  12|0x0000000704400000, 0x0000000704400000, 0x0000000704600000|  0%| F|  |TAMS 0x0000000704400000, 0x0000000704400000| Untracked 
|  13|0x0000000704600000, 0x0000000704600000, 0x0000000704800000|  0%| F|  |TAMS 0x0000000704600000, 0x0000000704600000| Untracked 
|  14|0x0000000704800000, 0x0000000704800000, 0x0000000704a00000|  0%| F|  |TAMS 0x0000000704800000, 0x0000000704800000| Untracked 
|  15|0x0000000704a00000, 0x0000000704a00000, 0x0000000704c00000|  0%| F|  |TAMS 0x0000000704a00000, 0x0000000704a00000| Untracked 
|  16|0x0000000704c00000, 0x0000000704c00000, 0x0000000704e00000|  0%| F|  |TAMS 0x0000000704c00000, 0x0000000704c00000| Untracked 
|  17|0x0000000704e00000, 0x0000000704e00000, 0x0000000705000000|  0%| F|  |TAMS 0x0000000704e00000, 0x0000000704e00000| Untracked 
|  18|0x0000000705000000, 0x0000000705000000, 0x0000000705200000|  0%| F|  |TAMS 0x0000000705000000, 0x0000000705000000| Untracked 
|  19|0x0000000705200000, 0x0000000705200000, 0x0000000705400000|  0%| F|  |TAMS 0x0000000705200000, 0x0000000705200000| Untracked 
|  20|0x0000000705400000, 0x0000000705400000, 0x0000000705600000|  0%| F|  |TAMS 0x0000000705400000, 0x0000000705400000| Untracked 
|  21|0x0000000705600000, 0x0000000705600000, 0x0000000705800000|  0%| F|  |TAMS 0x0000000705600000, 0x0000000705600000| Untracked 
|  22|0x0000000705800000, 0x0000000705800000, 0x0000000705a00000|  0%| F|  |TAMS 0x0000000705800000, 0x0000000705800000| Untracked 
|  23|0x0000000705a00000, 0x0000000705a00000, 0x0000000705c00000|  0%| F|  |TAMS 0x0000000705a00000, 0x0000000705a00000| Untracked 
|  24|0x0000000705c00000, 0x0000000705c00000, 0x0000000705e00000|  0%| F|  |TAMS 0x0000000705c00000, 0x0000000705c00000| Untracked 
|  25|0x0000000705e00000, 0x0000000705e00000, 0x0000000706000000|  0%| F|  |TAMS 0x0000000705e00000, 0x0000000705e00000| Untracked 
|  26|0x0000000706000000, 0x0000000706000000, 0x0000000706200000|  0%| F|  |TAMS 0x0000000706000000, 0x0000000706000000| Untracked 
|  27|0x0000000706200000, 0x0000000706200000, 0x0000000706400000|  0%| F|  |TAMS 0x0000000706200000, 0x0000000706200000| Untracked 
|  28|0x0000000706400000, 0x0000000706400000, 0x0000000706600000|  0%| F|  |TAMS 0x0000000706400000, 0x0000000706400000| Untracked 
|  29|0x0000000706600000, 0x0000000706600000, 0x0000000706800000|  0%| F|  |TAMS 0x0000000706600000, 0x0000000706600000| Untracked 
|  30|0x0000000706800000, 0x0000000706800000, 0x0000000706a00000|  0%| F|  |TAMS 0x0000000706800000, 0x0000000706800000| Untracked 
|  31|0x0000000706a00000, 0x0000000706a00000, 0x0000000706c00000|  0%| F|  |TAMS 0x0000000706a00000, 0x0000000706a00000| Untracked 
|  32|0x0000000706c00000, 0x0000000706c00000, 0x0000000706e00000|  0%| F|  |TAMS 0x0000000706c00000, 0x0000000706c00000| Untracked 
|  33|0x0000000706e00000, 0x0000000706e00000, 0x0000000707000000|  0%| F|  |TAMS 0x0000000706e00000, 0x0000000706e00000| Untracked 
|  34|0x0000000707000000, 0x0000000707000000, 0x0000000707200000|  0%| F|  |TAMS 0x0000000707000000, 0x0000000707000000| Untracked 
|  35|0x0000000707200000, 0x0000000707200000, 0x0000000707400000|  0%| F|  |TAMS 0x0000000707200000, 0x0000000707200000| Untracked 
|  36|0x0000000707400000, 0x0000000707400000, 0x0000000707600000|  0%| F|  |TAMS 0x0000000707400000, 0x0000000707400000| Untracked 
|  37|0x0000000707600000, 0x0000000707600000, 0x0000000707800000|  0%| F|  |TAMS 0x0000000707600000, 0x0000000707600000| Untracked 
|  38|0x0000000707800000, 0x0000000707800000, 0x0000000707a00000|  0%| F|  |TAMS 0x0000000707800000, 0x0000000707800000| Untracked 
|  39|0x0000000707a00000, 0x0000000707a00000, 0x0000000707c00000|  0%| F|  |TAMS 0x0000000707a00000, 0x0000000707a00000| Untracked 
|  40|0x0000000707c00000, 0x0000000707c00000, 0x0000000707e00000|  0%| F|  |TAMS 0x0000000707c00000, 0x0000000707c00000| Untracked 
|  41|0x0000000707e00000, 0x0000000707e00000, 0x0000000708000000|  0%| F|  |TAMS 0x0000000707e00000, 0x0000000707e00000| Untracked 
|  42|0x0000000708000000, 0x0000000708000000, 0x0000000708200000|  0%| F|  |TAMS 0x0000000708000000, 0x0000000708000000| Untracked 
|  43|0x0000000708200000, 0x0000000708200000, 0x0000000708400000|  0%| F|  |TAMS 0x0000000708200000, 0x0000000708200000| Untracked 
|  44|0x0000000708400000, 0x0000000708400000, 0x0000000708600000|  0%| F|  |TAMS 0x0000000708400000, 0x0000000708400000| Untracked 
|  45|0x0000000708600000, 0x0000000708600000, 0x0000000708800000|  0%| F|  |TAMS 0x0000000708600000, 0x0000000708600000| Untracked 
|  46|0x0000000708800000, 0x0000000708800000, 0x0000000708a00000|  0%| F|  |TAMS 0x0000000708800000, 0x0000000708800000| Untracked 
|  47|0x0000000708a00000, 0x0000000708a00000, 0x0000000708c00000|  0%| F|  |TAMS 0x0000000708a00000, 0x0000000708a00000| Untracked 
|  48|0x0000000708c00000, 0x0000000708c00000, 0x0000000708e00000|  0%| F|  |TAMS 0x0000000708c00000, 0x0000000708c00000| Untracked 
|  49|0x0000000708e00000, 0x0000000708e00000, 0x0000000709000000|  0%| F|  |TAMS 0x0000000708e00000, 0x0000000708e00000| Untracked 
|  50|0x0000000709000000, 0x0000000709000000, 0x0000000709200000|  0%| F|  |TAMS 0x0000000709000000, 0x0000000709000000| Untracked 
|  51|0x0000000709200000, 0x0000000709200000, 0x0000000709400000|  0%| F|  |TAMS 0x0000000709200000, 0x0000000709200000| Untracked 
|  52|0x0000000709400000, 0x0000000709400000, 0x0000000709600000|  0%| F|  |TAMS 0x0000000709400000, 0x0000000709400000| Untracked 
|  53|0x0000000709600000, 0x0000000709600000, 0x0000000709800000|  0%| F|  |TAMS 0x0000000709600000, 0x0000000709600000| Untracked 
|  54|0x0000000709800000, 0x0000000709800000, 0x0000000709a00000|  0%| F|  |TAMS 0x0000000709800000, 0x0000000709800000| Untracked 
|  55|0x0000000709a00000, 0x0000000709a00000, 0x0000000709c00000|  0%| F|  |TAMS 0x0000000709a00000, 0x0000000709a00000| Untracked 
|  56|0x0000000709c00000, 0x0000000709c00000, 0x0000000709e00000|  0%| F|  |TAMS 0x0000000709c00000, 0x0000000709c00000| Untracked 
|  57|0x0000000709e00000, 0x0000000709e00000, 0x000000070a000000|  0%| F|  |TAMS 0x0000000709e00000, 0x0000000709e00000| Untracked 
|  58|0x000000070a000000, 0x000000070a000000, 0x000000070a200000|  0%| F|  |TAMS 0x000000070a000000, 0x000000070a000000| Untracked 
|  59|0x000000070a200000, 0x000000070a200000, 0x000000070a400000|  0%| F|  |TAMS 0x000000070a200000, 0x000000070a200000| Untracked 
|  60|0x000000070a400000, 0x000000070a400000, 0x000000070a600000|  0%| F|  |TAMS 0x000000070a400000, 0x000000070a400000| Untracked 
|  61|0x000000070a600000, 0x000000070a600000, 0x000000070a800000|  0%| F|  |TAMS 0x000000070a600000, 0x000000070a600000| Untracked 
|  62|0x000000070a800000, 0x000000070a800000, 0x000000070aa00000|  0%| F|  |TAMS 0x000000070a800000, 0x000000070a800000| Untracked 
|  63|0x000000070aa00000, 0x000000070aa00000, 0x000000070ac00000|  0%| F|  |TAMS 0x000000070aa00000, 0x000000070aa00000| Untracked 
|  64|0x000000070ac00000, 0x000000070ac00000, 0x000000070ae00000|  0%| F|  |TAMS 0x000000070ac00000, 0x000000070ac00000| Untracked 
|  65|0x000000070ae00000, 0x000000070ae00000, 0x000000070b000000|  0%| F|  |TAMS 0x000000070ae00000, 0x000000070ae00000| Untracked 
|  66|0x000000070b000000, 0x000000070b000000, 0x000000070b200000|  0%| F|  |TAMS 0x000000070b000000, 0x000000070b000000| Untracked 
|  67|0x000000070b200000, 0x000000070b200000, 0x000000070b400000|  0%| F|  |TAMS 0x000000070b200000, 0x000000070b200000| Untracked 
|  68|0x000000070b400000, 0x000000070b400000, 0x000000070b600000|  0%| F|  |TAMS 0x000000070b400000, 0x000000070b400000| Untracked 
|  69|0x000000070b600000, 0x000000070b600000, 0x000000070b800000|  0%| F|  |TAMS 0x000000070b600000, 0x000000070b600000| Untracked 
|  70|0x000000070b800000, 0x000000070b800000, 0x000000070ba00000|  0%| F|  |TAMS 0x000000070b800000, 0x000000070b800000| Untracked 
|  71|0x000000070ba00000, 0x000000070ba00000, 0x000000070bc00000|  0%| F|  |TAMS 0x000000070ba00000, 0x000000070ba00000| Untracked 
|  72|0x000000070bc00000, 0x000000070bc00000, 0x000000070be00000|  0%| F|  |TAMS 0x000000070bc00000, 0x000000070bc00000| Untracked 
|  73|0x000000070be00000, 0x000000070be00000, 0x000000070c000000|  0%| F|  |TAMS 0x000000070be00000, 0x000000070be00000| Untracked 
|  74|0x000000070c000000, 0x000000070c000000, 0x000000070c200000|  0%| F|  |TAMS 0x000000070c000000, 0x000000070c000000| Untracked 
|  75|0x000000070c200000, 0x000000070c200000, 0x000000070c400000|  0%| F|  |TAMS 0x000000070c200000, 0x000000070c200000| Untracked 
|  76|0x000000070c400000, 0x000000070c400000, 0x000000070c600000|  0%| F|  |TAMS 0x000000070c400000, 0x000000070c400000| Untracked 
|  77|0x000000070c600000, 0x000000070c600000, 0x000000070c800000|  0%| F|  |TAMS 0x000000070c600000, 0x000000070c600000| Untracked 
|  78|0x000000070c800000, 0x000000070c800000, 0x000000070ca00000|  0%| F|  |TAMS 0x000000070c800000, 0x000000070c800000| Untracked 
|  79|0x000000070ca00000, 0x000000070ca00000, 0x000000070cc00000|  0%| F|  |TAMS 0x000000070ca00000, 0x000000070ca00000| Untracked 
|  80|0x000000070cc00000, 0x000000070cc00000, 0x000000070ce00000|  0%| F|  |TAMS 0x000000070cc00000, 0x000000070cc00000| Untracked 
|  81|0x000000070ce00000, 0x000000070ce00000, 0x000000070d000000|  0%| F|  |TAMS 0x000000070ce00000, 0x000000070ce00000| Untracked 
|  82|0x000000070d000000, 0x000000070d000000, 0x000000070d200000|  0%| F|  |TAMS 0x000000070d000000, 0x000000070d000000| Untracked 
|  83|0x000000070d200000, 0x000000070d200000, 0x000000070d400000|  0%| F|  |TAMS 0x000000070d200000, 0x000000070d200000| Untracked 
|  84|0x000000070d400000, 0x000000070d400000, 0x000000070d600000|  0%| F|  |TAMS 0x000000070d400000, 0x000000070d400000| Untracked 
|  85|0x000000070d600000, 0x000000070d600000, 0x000000070d800000|  0%| F|  |TAMS 0x000000070d600000, 0x000000070d600000| Untracked 
|  86|0x000000070d800000, 0x000000070d800000, 0x000000070da00000|  0%| F|  |TAMS 0x000000070d800000, 0x000000070d800000| Untracked 
|  87|0x000000070da00000, 0x000000070da00000, 0x000000070dc00000|  0%| F|  |TAMS 0x000000070da00000, 0x000000070da00000| Untracked 
|  88|0x000000070dc00000, 0x000000070dc00000, 0x000000070de00000|  0%| F|  |TAMS 0x000000070dc00000, 0x000000070dc00000| Untracked 
|  89|0x000000070de00000, 0x000000070de00000, 0x000000070e000000|  0%| F|  |TAMS 0x000000070de00000, 0x000000070de00000| Untracked 
|  90|0x000000070e000000, 0x000000070e000000, 0x000000070e200000|  0%| F|  |TAMS 0x000000070e000000, 0x000000070e000000| Untracked 
|  91|0x000000070e200000, 0x000000070e200000, 0x000000070e400000|  0%| F|  |TAMS 0x000000070e200000, 0x000000070e200000| Untracked 
|  92|0x000000070e400000, 0x000000070e400000, 0x000000070e600000|  0%| F|  |TAMS 0x000000070e400000, 0x000000070e400000| Untracked 
|  93|0x000000070e600000, 0x000000070e600000, 0x000000070e800000|  0%| F|  |TAMS 0x000000070e600000, 0x000000070e600000| Untracked 
|  94|0x000000070e800000, 0x000000070e800000, 0x000000070ea00000|  0%| F|  |TAMS 0x000000070e800000, 0x000000070e800000| Untracked 
|  95|0x000000070ea00000, 0x000000070ea00000, 0x000000070ec00000|  0%| F|  |TAMS 0x000000070ea00000, 0x000000070ea00000| Untracked 
|  96|0x000000070ec00000, 0x000000070ec00000, 0x000000070ee00000|  0%| F|  |TAMS 0x000000070ec00000, 0x000000070ec00000| Untracked 
|  97|0x000000070ee00000, 0x000000070ee00000, 0x000000070f000000|  0%| F|  |TAMS 0x000000070ee00000, 0x000000070ee00000| Untracked 
|  98|0x000000070f000000, 0x000000070f000000, 0x000000070f200000|  0%| F|  |TAMS 0x000000070f000000, 0x000000070f000000| Untracked 
|  99|0x000000070f200000, 0x000000070f200000, 0x000000070f400000|  0%| F|  |TAMS 0x000000070f200000, 0x000000070f200000| Untracked 
| 100|0x000000070f400000, 0x000000070f400000, 0x000000070f600000|  0%| F|  |TAMS 0x000000070f400000, 0x000000070f400000| Untracked 
| 101|0x000000070f600000, 0x000000070f600000, 0x000000070f800000|  0%| F|  |TAMS 0x000000070f600000, 0x000000070f600000| Untracked 
| 102|0x000000070f800000, 0x000000070f800000, 0x000000070fa00000|  0%| F|  |TAMS 0x000000070f800000, 0x000000070f800000| Untracked 
| 103|0x000000070fa00000, 0x000000070fa00000, 0x000000070fc00000|  0%| F|  |TAMS 0x000000070fa00000, 0x000000070fa00000| Untracked 
| 104|0x000000070fc00000, 0x000000070fc00000, 0x000000070fe00000|  0%| F|  |TAMS 0x000000070fc00000, 0x000000070fc00000| Untracked 
| 105|0x000000070fe00000, 0x000000070fe00000, 0x0000000710000000|  0%| F|  |TAMS 0x000000070fe00000, 0x000000070fe00000| Untracked 
| 106|0x0000000710000000, 0x0000000710000000, 0x0000000710200000|  0%| F|  |TAMS 0x0000000710000000, 0x0000000710000000| Untracked 
| 107|0x0000000710200000, 0x0000000710200000, 0x0000000710400000|  0%| F|  |TAMS 0x0000000710200000, 0x0000000710200000| Untracked 
| 108|0x0000000710400000, 0x0000000710400000, 0x0000000710600000|  0%| F|  |TAMS 0x0000000710400000, 0x0000000710400000| Untracked 
| 109|0x0000000710600000, 0x0000000710600000, 0x0000000710800000|  0%| F|  |TAMS 0x0000000710600000, 0x0000000710600000| Untracked 
| 110|0x0000000710800000, 0x0000000710800000, 0x0000000710a00000|  0%| F|  |TAMS 0x0000000710800000, 0x0000000710800000| Untracked 
| 111|0x0000000710a00000, 0x0000000710a00000, 0x0000000710c00000|  0%| F|  |TAMS 0x0000000710a00000, 0x0000000710a00000| Untracked 
| 112|0x0000000710c00000, 0x0000000710c00000, 0x0000000710e00000|  0%| F|  |TAMS 0x0000000710c00000, 0x0000000710c00000| Untracked 
| 113|0x0000000710e00000, 0x0000000710e00000, 0x0000000711000000|  0%| F|  |TAMS 0x0000000710e00000, 0x0000000710e00000| Untracked 
| 114|0x0000000711000000, 0x0000000711200000, 0x0000000711200000|100%| S|CS|TAMS 0x0000000711000000, 0x0000000711000000| Complete 
| 115|0x0000000711200000, 0x0000000711400000, 0x0000000711400000|100%| S|CS|TAMS 0x0000000711200000, 0x0000000711200000| Complete 
| 116|0x0000000711400000, 0x0000000711400000, 0x0000000711600000|  0%| F|  |TAMS 0x0000000711400000, 0x0000000711400000| Untracked 
| 117|0x0000000711600000, 0x00000007116747b0, 0x0000000711800000| 22%| E|  |TAMS 0x0000000711600000, 0x0000000711600000| Complete 
| 118|0x0000000711800000, 0x0000000711a00000, 0x0000000711a00000|100%| E|CS|TAMS 0x0000000711800000, 0x0000000711800000| Complete 
| 119|0x0000000711a00000, 0x0000000711c00000, 0x0000000711c00000|100%| E|CS|TAMS 0x0000000711a00000, 0x0000000711a00000| Complete 
| 120|0x0000000711c00000, 0x0000000711e00000, 0x0000000711e00000|100%| E|CS|TAMS 0x0000000711c00000, 0x0000000711c00000| Complete 
| 121|0x0000000711e00000, 0x0000000712000000, 0x0000000712000000|100%| E|CS|TAMS 0x0000000711e00000, 0x0000000711e00000| Complete 
| 122|0x0000000712000000, 0x0000000712200000, 0x0000000712200000|100%| E|CS|TAMS 0x0000000712000000, 0x0000000712000000| Complete 
| 123|0x0000000712200000, 0x0000000712400000, 0x0000000712400000|100%| E|CS|TAMS 0x0000000712200000, 0x0000000712200000| Complete 
| 124|0x0000000712400000, 0x0000000712600000, 0x0000000712600000|100%| E|CS|TAMS 0x0000000712400000, 0x0000000712400000| Complete 
| 125|0x0000000712600000, 0x0000000712800000, 0x0000000712800000|100%| E|CS|TAMS 0x0000000712600000, 0x0000000712600000| Complete 
| 126|0x0000000712800000, 0x0000000712a00000, 0x0000000712a00000|100%| E|CS|TAMS 0x0000000712800000, 0x0000000712800000| Complete 

Card table byte_map: [0x000002b455610000,0x000002b455e00000] _byte_map_base: 0x000002b451dfa000

Marking Bits (Prev, Next): (CMBitMap*) 0x000002b43be927b0, (CMBitMap*) 0x000002b43be927f0
 Prev Bits: [0x000002b4565f0000, 0x000002b45a540000)
 Next Bits: [0x000002b45a540000, 0x000002b45e490000)

Polling page: 0x000002b43bef0000

Metaspace:

Usage:
  Non-class:      7.52 MB used.
      Class:      1.06 MB used.
       Both:      8.58 MB used.

Virtual space:
  Non-class space:       16.00 MB reserved,       7.62 MB ( 48%) committed,  2 nodes.
      Class space:        1.00 GB reserved,       1.12 MB ( <1%) committed,  1 nodes.
             Both:        1.02 GB reserved,       8.75 MB ( <1%) committed. 

Chunk freelists:
   Non-Class:  3.78 MB
       Class:  2.83 MB
        Both:  6.61 MB

MaxMetaspaceSize: unlimited
CompressedClassSpaceSize: 1.00 GB
Initial GC threshold: 21.00 MB
Current GC threshold: 21.00 MB
CDS: on
MetaspaceReclaimPolicy: balanced
 - commit_granule_bytes: 65536.
 - commit_granule_words: 8192.
 - virtual_space_node_default_size: 1048576.
 - enlarge_chunks_in_place: 1.
 - new_chunks_are_fully_committed: 0.
 - uncommit_free_chunks: 1.
 - use_allocation_guard: 0.
 - handle_deallocations: 1.


Internal statistics:

num_allocs_failed_limit: 0.
num_arena_births: 142.
num_arena_deaths: 0.
num_vsnodes_births: 3.
num_vsnodes_deaths: 0.
num_space_committed: 140.
num_space_uncommitted: 0.
num_chunks_returned_to_freelist: 0.
num_chunks_taken_from_freelist: 453.
num_chunk_merges: 0.
num_chunk_splits: 260.
num_chunks_enlarged: 170.
num_purges: 0.
num_inconsistent_stats: 0.

CodeHeap 'non-profiled nmethods': size=119168Kb used=557Kb max_used=557Kb free=118610Kb
 bounds [0x000002b44ca00000, 0x000002b44cc70000, 0x000002b453e60000]
CodeHeap 'profiled nmethods': size=119104Kb used=3531Kb max_used=3531Kb free=115572Kb
 bounds [0x000002b4455b0000, 0x000002b445930000, 0x000002b44ca00000]
CodeHeap 'non-nmethods': size=7488Kb used=2860Kb max_used=2885Kb free=4627Kb
 bounds [0x000002b444e60000, 0x000002b445140000, 0x000002b4455b0000]
 total_blobs=2197 nmethods=1728 adapters=378
 compilation: enabled
              stopped_count=0, restarted_count=0
 full_count=0

Compilation events (20 events):
Event: 1.524 Thread 0x000002b46211f5b0 nmethod 1694 0x000002b44590bd90 code [0x000002b44590bf20, 0x000002b44590c0b8]
Event: 1.524 Thread 0x000002b46211f5b0 1695       3       java.lang.StringUTF16::putCharSB (12 bytes)
Event: 1.524 Thread 0x000002b46211eff0 nmethod 1683 0x000002b44590c190 code [0x000002b44590c520, 0x000002b44590d9c8]
Event: 1.524 Thread 0x000002b46211e8a0 nmethod 1693 0x000002b44590e090 code [0x000002b44590e240, 0x000002b44590e558]
Event: 1.524 Thread 0x000002b46211f5b0 nmethod 1695 0x000002b44590e610 code [0x000002b44590e7c0, 0x000002b44590e9c8]
Event: 1.524 Thread 0x000002b4620175a0 nmethod 1690 0x000002b44590eb10 code [0x000002b44590ee00, 0x000002b44590fbd8]
Event: 1.524 Thread 0x000002b4620175a0 1696       3       java.lang.String::hashCode (60 bytes)
Event: 1.524 Thread 0x000002b4620175a0 nmethod 1696 0x000002b445910110 code [0x000002b4459102e0, 0x000002b445910658]
Event: 1.524 Thread 0x000002b4620175a0 1697       3       java.lang.StringUTF16::checkBoundsOffCount (10 bytes)
Event: 1.524 Thread 0x000002b4620175a0 nmethod 1697 0x000002b445910710 code [0x000002b4459108c0, 0x000002b445910a48]
Event: 1.525 Thread 0x000002b4620175a0 1698       3       java.lang.StringUTF16::toChars (18 bytes)
Event: 1.525 Thread 0x000002b4620175a0 nmethod 1698 0x000002b445910b90 code [0x000002b445910d40, 0x000002b445910f28]
Event: 1.525 Thread 0x000002b4620175a0 1699       3       java.lang.CharacterData::of (136 bytes)
Event: 1.525 Thread 0x000002b4620175a0 nmethod 1699 0x000002b445911010 code [0x000002b445911240, 0x000002b445911b38]
Event: 1.526 Thread 0x000002b4620175a0 1700       3       java.lang.String::replace (42 bytes)
Event: 1.526 Thread 0x000002b4620175a0 nmethod 1700 0x000002b445911d90 code [0x000002b445911f60, 0x000002b445912298]
Event: 1.526 Thread 0x000002b4620175a0 1701       3       java.lang.invoke.MethodHandles$Lookup::resolveOrFail (48 bytes)
Event: 1.526 Thread 0x000002b46211eff0 1702       3       java.lang.invoke.MethodHandles$Lookup::checkMethodName (45 bytes)
Event: 1.527 Thread 0x000002b4620175a0 nmethod 1701 0x000002b445912390 code [0x000002b4459125c0, 0x000002b445912c68]
Event: 1.527 Thread 0x000002b46211eff0 nmethod 1702 0x000002b445912f10 code [0x000002b445913160, 0x000002b4459138a8]

GC Heap History (2 events):
Event: 0.925 GC heap before
{Heap before GC invocations=0 (full 0):
 garbage-first heap   total 260096K, used 22528K [0x0000000702c00000, 0x0000000800000000)
  region size 2048K, 11 young (22528K), 0 survivors (0K)
 Metaspace       used 4226K, committed 4416K, reserved 1056768K
  class space    used 505K, committed 576K, reserved 1048576K
}
Event: 0.927 GC heap after
{Heap after GC invocations=1 (full 0):
 garbage-first heap   total 260096K, used 7009K [0x0000000702c00000, 0x0000000800000000)
  region size 2048K, 2 young (4096K), 2 survivors (4096K)
 Metaspace       used 4226K, committed 4416K, reserved 1056768K
  class space    used 505K, committed 576K, reserved 1048576K
}

Deoptimization events (20 events):
Event: 1.524 Thread 0x000002b43be2b3d0 Uncommon trap: trap_request=0xffffff45 fr.pc=0x000002b44ca62538 relative=0x0000000000000618
Event: 1.524 Thread 0x000002b43be2b3d0 Uncommon trap: reason=unstable_if action=reinterpret pc=0x000002b44ca62538 method=java.lang.String.replace(CC)Ljava/lang/String; @ 9 c2
Event: 1.524 Thread 0x000002b43be2b3d0 DEOPT PACKING pc=0x000002b44ca62538 sp=0x000000bb20bfcad0
Event: 1.524 Thread 0x000002b43be2b3d0 DEOPT UNPACKING pc=0x000002b444eb23a3 sp=0x000000bb20bfca88 mode 2
Event: 1.524 Thread 0x000002b43be2b3d0 Uncommon trap: trap_request=0xffffff45 fr.pc=0x000002b44ca7d298 relative=0x00000000000001f8
Event: 1.524 Thread 0x000002b43be2b3d0 Uncommon trap: reason=unstable_if action=reinterpret pc=0x000002b44ca7d298 method=java.lang.String.startsWith(Ljava/lang/String;I)Z @ 50 c2
Event: 1.524 Thread 0x000002b43be2b3d0 DEOPT PACKING pc=0x000002b44ca7d298 sp=0x000000bb20bfcae0
Event: 1.524 Thread 0x000002b43be2b3d0 DEOPT UNPACKING pc=0x000002b444eb23a3 sp=0x000000bb20bfc9e8 mode 2
Event: 1.524 Thread 0x000002b43be2b3d0 Uncommon trap: trap_request=0xffffff45 fr.pc=0x000002b44ca2af7c relative=0x000000000000025c
Event: 1.524 Thread 0x000002b43be2b3d0 Uncommon trap: reason=unstable_if action=reinterpret pc=0x000002b44ca2af7c method=java.lang.String.startsWith(Ljava/lang/String;I)Z @ 50 c2
Event: 1.524 Thread 0x000002b43be2b3d0 DEOPT PACKING pc=0x000002b44ca2af7c sp=0x000000bb20bfca70
Event: 1.524 Thread 0x000002b43be2b3d0 DEOPT UNPACKING pc=0x000002b444eb23a3 sp=0x000000bb20bfc9d0 mode 2
Event: 1.524 Thread 0x000002b43be2b3d0 Uncommon trap: trap_request=0xffffff45 fr.pc=0x000002b44ca3bbc8 relative=0x0000000000000048
Event: 1.524 Thread 0x000002b43be2b3d0 Uncommon trap: reason=unstable_if action=reinterpret pc=0x000002b44ca3bbc8 method=java.lang.CharacterData.of(I)Ljava/lang/CharacterData; @ 4 c2
Event: 1.524 Thread 0x000002b43be2b3d0 DEOPT PACKING pc=0x000002b44ca3bbc8 sp=0x000000bb20bfc700
Event: 1.524 Thread 0x000002b43be2b3d0 DEOPT UNPACKING pc=0x000002b444eb23a3 sp=0x000000bb20bfc6a0 mode 2
Event: 1.525 Thread 0x000002b43be2b3d0 Uncommon trap: trap_request=0xffffff45 fr.pc=0x000002b44ca19840 relative=0x0000000000000040
Event: 1.525 Thread 0x000002b43be2b3d0 Uncommon trap: reason=unstable_if action=reinterpret pc=0x000002b44ca19840 method=sun.nio.fs.WindowsPathParser.isSlash(C)Z @ 9 c2
Event: 1.525 Thread 0x000002b43be2b3d0 DEOPT PACKING pc=0x000002b44ca19840 sp=0x000000bb20bfc8a0
Event: 1.525 Thread 0x000002b43be2b3d0 DEOPT UNPACKING pc=0x000002b444eb23a3 sp=0x000000bb20bfc828 mode 2

Classes unloaded (0 events):
No events

Classes redefined (0 events):
No events

Internal exceptions (20 events):
Event: 0.909 Thread 0x000002b43be2b3d0 Exception <a 'java/lang/NoSuchMethodError'{0x0000000711519ca0}: 'void java.lang.invoke.DirectMethodHandle$Holder.invokeSpecial(java.lang.Object, java.lang.Object, java.lang.Object, java.lang.Object, java.lang.Object)'> (0x0000000711519ca0) 
thrown [s\open\src\hotspot\share\interpreter\linkResolver.cpp, line 759]
Event: 0.915 Thread 0x000002b43be2b3d0 Exception <a 'java/lang/NoSuchMethodError'{0x0000000711566cf8}: 'void java.lang.invoke.DirectMethodHandle$Holder.invokeInterface(java.lang.Object, java.lang.Object, java.lang.Object, java.lang.Object)'> (0x0000000711566cf8) 
thrown [s\open\src\hotspot\share\interpreter\linkResolver.cpp, line 759]
Event: 0.915 Thread 0x000002b43be2b3d0 Exception <a 'java/lang/IncompatibleClassChangeError'{0x000000071156a620}: Found class java.lang.Object, but interface was expected> (0x000000071156a620) 
thrown [s\open\src\hotspot\share\interpreter\linkResolver.cpp, line 826]
Event: 0.917 Thread 0x000002b43be2b3d0 Exception <a 'java/lang/NoSuchMethodError'{0x0000000711590760}: 'void java.lang.invoke.DirectMethodHandle$Holder.invokeStatic(java.lang.Object, java.lang.Object, java.lang.Object, java.lang.Object)'> (0x0000000711590760) 
thrown [s\open\src\hotspot\share\interpreter\linkResolver.cpp, line 759]
Event: 0.935 Thread 0x000002b43be2b3d0 Exception <a 'java/lang/NoSuchMethodError'{0x0000000712904530}: 'java.lang.Object java.lang.invoke.Invokers$Holder.invokeExact_MT(java.lang.Object, java.lang.Object, java.lang.Object, java.lang.Object, java.lang.Object, java.lang.Object)'> (0x0000000712904530) 
thrown [s\open\src\hotspot\share\interpreter\linkResolver.cpp, line 759]
Event: 0.936 Thread 0x000002b43be2b3d0 Exception <a 'java/lang/NoSuchMethodError'{0x0000000712914418}: 'int java.lang.invoke.DirectMethodHandle$Holder.invokeStatic(java.lang.Object, java.lang.Object, java.lang.Object, java.lang.Object, java.lang.Object)'> (0x0000000712914418) 
thrown [s\open\src\hotspot\share\interpreter\linkResolver.cpp, line 759]
Event: 0.943 Thread 0x000002b43be2b3d0 Exception <a 'java/lang/NoSuchMethodError'{0x0000000712963250}: 'void java.lang.invoke.DirectMethodHandle$Holder.invokeStaticInit(java.lang.Object)'> (0x0000000712963250) 
thrown [s\open\src\hotspot\share\interpreter\linkResolver.cpp, line 759]
Event: 0.957 Thread 0x000002b43be2b3d0 Exception <a 'java/lang/NoSuchMethodError'{0x00000007126999c8}: 'int java.lang.invoke.DirectMethodHandle$Holder.invokeStaticInit(java.lang.Object, java.lang.Object)'> (0x00000007126999c8) 
thrown [s\open\src\hotspot\share\interpreter\linkResolver.cpp, line 759]
Event: 0.986 Thread 0x000002b43be2b3d0 Exception <a 'java/lang/NoSuchMethodError'{0x0000000712487940}: 'java.lang.Object java.lang.invoke.DirectMethodHandle$Holder.newInvokeSpecial(java.lang.Object, java.lang.Object, java.lang.Object, java.lang.Object, java.lang.Object, java.lang.Object, java.lang.Object)'> (0x0000000712487940) 
thrown [s\open\src\hotspot\share\interpreter\linkResolver.cpp, line 759]
Event: 0.986 Thread 0x000002b43be2b3d0 Exception <a 'java/lang/NoSuchMethodError'{0x000000071248c4f8}: 'java.lang.Object java.lang.invoke.Invokers$Holder.linkToTargetMethod(java.lang.Object, java.lang.Object, java.lang.Object, java.lang.Object, java.lang.Object, java.lang.Object, java.lang.Object)'> (0x000000071248c4f8) 
thrown [s\open\src\hotspot\share\interpreter\linkResolver.cpp, line 759]
Event: 0.987 Thread 0x000002b43be2b3d0 Exception <a 'java/lang/NoSuchMethodError'{0x000000071249eba8}: 'java.lang.Object java.lang.invoke.DirectMethodHandle$Holder.invokeInterface(java.lang.Object, java.lang.Object, java.lang.Object, java.lang.Object, java.lang.Object)'> (0x000000071249eba8) 
thrown [s\open\src\hotspot\share\interpreter\linkResolver.cpp, line 759]
Event: 0.987 Thread 0x000002b43be2b3d0 Exception <a 'java/lang/IncompatibleClassChangeError'{0x00000007124a29a0}: Found class java.lang.Object, but interface was expected> (0x00000007124a29a0) 
thrown [s\open\src\hotspot\share\interpreter\linkResolver.cpp, line 826]
Event: 1.027 Thread 0x000002b43be2b3d0 Exception <a 'java/lang/NoSuchMethodError'{0x00000007125cce80}: 'int java.lang.invoke.DirectMethodHandle$Holder.invokeStaticInit(java.lang.Object, java.lang.Object, java.lang.Object)'> (0x00000007125cce80) 
thrown [s\open\src\hotspot\share\interpreter\linkResolver.cpp, line 759]
Event: 1.142 Thread 0x000002b43be2b3d0 Exception <a 'java/lang/ClassNotFoundException'{0x000000071202cc68}: javax/smartcardio/CardPermission> (0x000000071202cc68) 
thrown [s\open\src\hotspot\share\classfile\systemDictionary.cpp, line 256]
Event: 1.172 Thread 0x000002b43be2b3d0 Exception <a 'java/io/FileNotFoundException'{0x000000071203b8d8}> (0x000000071203b8d8) 
thrown [s\open\src\hotspot\share\prims\jni.cpp, line 516]
Event: 1.383 Thread 0x000002b43be2b3d0 Implicit null exception at 0x000002b44ca74ae0 to 0x000002b44ca75f74
Event: 1.399 Thread 0x000002b43be2b3d0 Exception <a 'java/lang/NoSuchMethodError'{0x0000000711e9d728}: 'int java.lang.invoke.DirectMethodHandle$Holder.invokeInterface(java.lang.Object, java.lang.Object)'> (0x0000000711e9d728) 
thrown [s\open\src\hotspot\share\interpreter\linkResolver.cpp, line 759]
Event: 1.455 Thread 0x000002b43be2b3d0 Exception <a 'java/lang/NoSuchMethodError'{0x0000000711db3c40}: 'void java.lang.invoke.DirectMethodHandle$Holder.invokeStaticInit(java.lang.Object, java.lang.Object)'> (0x0000000711db3c40) 
thrown [s\open\src\hotspot\share\interpreter\linkResolver.cpp, line 759]
Event: 1.521 Thread 0x000002b43be2b3d0 Exception <a 'java/lang/NoSuchMethodError'{0x00000007118ebba8}: 'int java.lang.invoke.DirectMethodHandle$Holder.invokeSpecial(java.lang.Object, java.lang.Object, java.lang.Object, java.lang.Object)'> (0x00000007118ebba8) 
thrown [s\open\src\hotspot\share\interpreter\linkResolver.cpp, line 759]
Event: 1.526 Thread 0x000002b43be2b3d0 Exception <a 'java/lang/NoSuchMethodError'{0x000000071191d918}: 'int java.lang.invoke.DirectMethodHandle$Holder.invokeSpecial(java.lang.Object, java.lang.Object, java.lang.Object, java.lang.Object, java.lang.Object)'> (0x000000071191d918) 
thrown [s\open\src\hotspot\share\interpreter\linkResolver.cpp, line 759]

VM Operations (20 events):
Event: 0.843 Executing VM operation: HandshakeAllThreads
Event: 0.843 Executing VM operation: HandshakeAllThreads done
Event: 0.843 Executing VM operation: HandshakeAllThreads
Event: 0.843 Executing VM operation: HandshakeAllThreads done
Event: 0.925 Executing VM operation: G1CollectForAllocation
Event: 0.927 Executing VM operation: G1CollectForAllocation done
Event: 1.042 Executing VM operation: HandshakeAllThreads
Event: 1.042 Executing VM operation: HandshakeAllThreads done
Event: 1.182 Executing VM operation: HandshakeAllThreads
Event: 1.182 Executing VM operation: HandshakeAllThreads done
Event: 1.251 Executing VM operation: HandshakeAllThreads
Event: 1.251 Executing VM operation: HandshakeAllThreads done
Event: 1.438 Executing VM operation: HandshakeAllThreads
Event: 1.438 Executing VM operation: HandshakeAllThreads done
Event: 1.508 Executing VM operation: HandshakeAllThreads
Event: 1.508 Executing VM operation: HandshakeAllThreads done
Event: 1.525 Executing VM operation: HandshakeAllThreads
Event: 1.525 Executing VM operation: HandshakeAllThreads done
Event: 1.525 Executing VM operation: ICBufferFull
Event: 1.525 Executing VM operation: ICBufferFull done

Events (20 events):
Event: 1.508 loading class java/lang/ProcessEnvironment done
Event: 1.508 loading class java/lang/ProcessEnvironment$NameComparator
Event: 1.509 loading class java/lang/ProcessEnvironment$NameComparator done
Event: 1.509 loading class java/lang/ProcessEnvironment$EntryComparator
Event: 1.509 loading class java/lang/ProcessEnvironment$EntryComparator done
Event: 1.509 loading class java/lang/ProcessEnvironment$CheckedEntrySet
Event: 1.509 loading class java/lang/ProcessEnvironment$CheckedEntrySet done
Event: 1.509 loading class java/lang/ProcessEnvironment$CheckedEntrySet$1
Event: 1.509 loading class java/lang/ProcessEnvironment$CheckedEntrySet$1 done
Event: 1.509 loading class java/lang/ProcessEnvironment$CheckedEntry
Event: 1.509 loading class java/lang/ProcessEnvironment$CheckedEntry done
Event: 1.512 loading class java/util/zip/ZipException
Event: 1.512 loading class java/util/zip/ZipException done
Event: 1.512 loading class java/nio/file/FileSystemNotFoundException
Event: 1.512 loading class java/nio/file/FileSystemNotFoundException done
Event: 1.526 loading class java/nio/file/FileVisitOption
Event: 1.526 loading class java/nio/file/FileVisitOption done
Event: 1.526 loading class java/nio/file/FileTreeIterator
Event: 1.530 loading class java/nio/file/FileTreeIterator done
Event: 1.530 loading class java/nio/file/FileTreeWalker


Dynamic libraries:
0x00007ff67cb00000 - 0x00007ff67cb10000 	D:\software\jdk-17.0.4.1\bin\java.exe
0x00007ffccb110000 - 0x00007ffccb308000 	C:\WINDOWS\SYSTEM32\ntdll.dll
0x00007ffcca680000 - 0x00007ffcca73f000 	C:\WINDOWS\System32\KERNEL32.DLL
0x00007ffcc8a20000 - 0x00007ffcc8cfa000 	C:\WINDOWS\System32\KERNELBASE.dll
0x00007ffcc8fb0000 - 0x00007ffcc90b0000 	C:\WINDOWS\System32\ucrtbase.dll
0x00007ffcb7b00000 - 0x00007ffcb7b18000 	D:\software\jdk-17.0.4.1\bin\jli.dll
0x00007ffcb6b30000 - 0x00007ffcb6b4a000 	D:\software\jdk-17.0.4.1\bin\VCRUNTIME140.dll
0x00007ffcca370000 - 0x00007ffcca41e000 	C:\WINDOWS\System32\ADVAPI32.dll
0x00007ffcca5e0000 - 0x00007ffcca67e000 	C:\WINDOWS\System32\msvcrt.dll
0x00007ffcca9e0000 - 0x00007ffccaa7c000 	C:\WINDOWS\System32\sechost.dll
0x00007ffcca890000 - 0x00007ffcca9b6000 	C:\WINDOWS\System32\RPCRT4.dll
0x00007ffcc9180000 - 0x00007ffcc931d000 	C:\WINDOWS\System32\USER32.dll
0x00007ffcc8f80000 - 0x00007ffcc8fa2000 	C:\WINDOWS\System32\win32u.dll
0x00007ffcb46d0000 - 0x00007ffcb496a000 	C:\WINDOWS\WinSxS\amd64_microsoft.windows.common-controls_6595b64144ccf1df_6.0.19041.1110_none_60b5254171f9507e\COMCTL32.dll
0x00007ffcc9a70000 - 0x00007ffcc9a9b000 	C:\WINDOWS\System32\GDI32.dll
0x00007ffcc8db0000 - 0x00007ffcc8ec0000 	C:\WINDOWS\System32\gdi32full.dll
0x00007ffcc8980000 - 0x00007ffcc8a1d000 	C:\WINDOWS\System32\msvcp_win.dll
0x00007ffcc3700000 - 0x00007ffcc370a000 	C:\WINDOWS\SYSTEM32\VERSION.dll
0x00007ffcc9aa0000 - 0x00007ffcc9ad0000 	C:\WINDOWS\System32\IMM32.DLL
0x00007ffcb7200000 - 0x00007ffcb720c000 	D:\software\jdk-17.0.4.1\bin\vcruntime140_1.dll
0x00007ffcb0cc0000 - 0x00007ffcb0d4d000 	D:\software\jdk-17.0.4.1\bin\msvcp140.dll
0x00007ffc7d940000 - 0x00007ffc7e502000 	D:\software\jdk-17.0.4.1\bin\server\jvm.dll
0x00007ffcc9170000 - 0x00007ffcc9178000 	C:\WINDOWS\System32\PSAPI.DLL
0x00007ffcb85a0000 - 0x00007ffcb85a9000 	C:\WINDOWS\SYSTEM32\WSOCK32.dll
0x00007ffcb7a50000 - 0x00007ffcb7a77000 	C:\WINDOWS\SYSTEM32\WINMM.dll
0x00007ffccaf30000 - 0x00007ffccaf9b000 	C:\WINDOWS\System32\WS2_32.dll
0x00007ffcc6700000 - 0x00007ffcc6712000 	C:\WINDOWS\SYSTEM32\kernel.appcore.dll
0x00007ffcb71a0000 - 0x00007ffcb71aa000 	D:\software\jdk-17.0.4.1\bin\jimage.dll
0x00007ffcb38e0000 - 0x00007ffcb3ac4000 	C:\WINDOWS\SYSTEM32\DBGHELP.DLL
0x00007ffcb3870000 - 0x00007ffcb38a4000 	C:\WINDOWS\SYSTEM32\dbgcore.DLL
0x00007ffcc90e0000 - 0x00007ffcc9162000 	C:\WINDOWS\System32\bcryptPrimitives.dll
0x00007ffcb66e0000 - 0x00007ffcb66ee000 	D:\software\jdk-17.0.4.1\bin\instrument.dll
0x00007ffcb1420000 - 0x00007ffcb1445000 	D:\software\jdk-17.0.4.1\bin\java.dll
0x00007ffc9f9f0000 - 0x00007ffc9fac6000 	D:\software\jdk-17.0.4.1\bin\jsvml.dll
0x00007ffcc9320000 - 0x00007ffcc9a64000 	C:\WINDOWS\System32\SHELL32.dll
0x00007ffcc6900000 - 0x00007ffcc7093000 	C:\WINDOWS\SYSTEM32\windows.storage.dll
0x00007ffcca010000 - 0x00007ffcca364000 	C:\WINDOWS\System32\combase.dll
0x00007ffcc8280000 - 0x00007ffcc82ae000 	C:\WINDOWS\SYSTEM32\Wldp.dll
0x00007ffccac70000 - 0x00007ffccad1d000 	C:\WINDOWS\System32\SHCORE.dll
0x00007ffcc9ad0000 - 0x00007ffcc9b25000 	C:\WINDOWS\System32\shlwapi.dll
0x00007ffcc8760000 - 0x00007ffcc877f000 	C:\WINDOWS\SYSTEM32\profapi.dll
0x00007ffcb65c0000 - 0x00007ffcb65d8000 	D:\software\jdk-17.0.4.1\bin\zip.dll
0x00007ffcb6a90000 - 0x00007ffcb6aa9000 	D:\software\jdk-17.0.4.1\bin\net.dll
0x00007ffcc24d0000 - 0x00007ffcc25da000 	C:\WINDOWS\SYSTEM32\WINHTTP.dll
0x00007ffcc7fe0000 - 0x00007ffcc804a000 	C:\WINDOWS\system32\mswsock.dll
0x00007ffcb6720000 - 0x00007ffcb6736000 	D:\software\jdk-17.0.4.1\bin\nio.dll
0x00007ffcb3d20000 - 0x00007ffcb3d3a000 	D:\software\JetBrains\IntelliJ IDEA 2021.3.1\bin\breakgen64.dll
0x00007ffcb6b00000 - 0x00007ffcb6b10000 	D:\software\jdk-17.0.4.1\bin\verify.dll

dbghelp: loaded successfully - version: 4.0.5 - missing functions: none
symbol engine: initialized successfully - sym options: 0x614 - pdb path: .;D:\software\jdk-17.0.4.1\bin;C:\WINDOWS\SYSTEM32;C:\WINDOWS\WinSxS\amd64_microsoft.windows.common-controls_6595b64144ccf1df_6.0.19041.1110_none_60b5254171f9507e;D:\software\jdk-17.0.4.1\bin\server;D:\software\JetBrains\IntelliJ IDEA 2021.3.1\bin

VM Arguments:
jvm_args: -ea -Didea.test.cyclic.buffer.size=4194304 -javaagent:D:\software\JetBrains\IntelliJ IDEA 2021.3.1\lib\idea_rt.jar=59909:D:\software\JetBrains\IntelliJ IDEA 2021.3.1\bin -Dfile.encoding=UTF-8 
java_command: com.intellij.rt.junit.JUnitStarter -ideVersion5 -junit5 com.example.banksys.presentationlayer.controller.PersonalUserControllerTest,withMockAuthenticationTest
java_class_path (initial): C:\Users\admin\.m2\repository\org\junit\platform\junit-platform-launcher\1.9.2\junit-platform-launcher-1.9.2.jar;C:\Users\admin\.m2\repository\org\junit\vintage\junit-vintage-engine\5.9.2\junit-vintage-engine-5.9.2.jar;D:\software\JetBrains\IntelliJ IDEA 2021.3.1\lib\idea_rt.jar;D:\software\JetBrains\IntelliJ IDEA 2021.3.1\plugins\junit\lib\junit5-rt.jar;D:\software\JetBrains\IntelliJ IDEA 2021.3.1\plugins\junit\lib\junit-rt.jar;D:\data\IdeaProjects\面向对象技术\22214608张渊博 OOM final\bankSys\target\test-classes;D:\data\IdeaProjects\面向对象技术\22214608张渊博 OOM final\bankSys\target\classes;C:\Users\admin\.m2\repository\org\springframework\boot\spring-boot-starter-data-jpa\3.0.6\spring-boot-starter-data-jpa-3.0.6.jar;C:\Users\admin\.m2\repository\org\springframework\boot\spring-boot-starter-jdbc\3.0.6\spring-boot-starter-jdbc-3.0.6.jar;C:\Users\admin\.m2\repository\com\zaxxer\HikariCP\5.0.1\HikariCP-5.0.1.jar;C:\Users\admin\.m2\repository\org\springframework\spring-jdbc\6.0.8\spring-jdbc-6.0.8.jar;C:\Users\admin\.m2\repository\org\hibernate\orm\hibernate-core\6.1.7.Final\hibernate-core-6.1.7.Final.jar;C:\Users\admin\.m2\repository\jakarta\persistence\jakarta.persistence-api\3.1.0\jakarta.persistence-api-3.1.0.jar;C:\Users\admin\.m2\repository\jakarta\transaction\jakarta.transaction-api\2.0.1\jakarta.transaction-api-2.0.1.jar;C:\Users\admin\.m2\repository\org\jboss\logging\jboss-logging\3.5.0.Final\jboss-logging-3.5.0.Final.jar;C:\Users\admin\.m2\repository\org\hibernate\common\hibernate-commons-annotations\6.0.6.Final\hibernate-commons-annotations-6.0.6.Final.jar;C:\Users\admin\.m2\repository\org\jboss\jandex\2.4.2.Final\jandex-2.4.2.Final.jar;C:\Users\admin\.m2\repository\com\fasterxml\classmate\1.5.1\classmate-1.5.1.jar;C:\Users\admin\.m2\repository\net\bytebuddy\byte-buddy\1.12.23\byte-buddy-1.12.23.jar;C:\Users\admin\.m2\repository\org\glassfish\jaxb\jaxb-runtime\4.0.2\jaxb-runtime-4.0.2.jar;C:\Users\admin\.m2\repository\org\glas
Launcher Type: SUN_STANDARD

[Global flags]
     intx CICompilerCount                          = 12                                        {product} {ergonomic}
     uint ConcGCThreads                            = 3                                         {product} {ergonomic}
     uint G1ConcRefinementThreads                  = 13                                        {product} {ergonomic}
   size_t G1HeapRegionSize                         = 2097152                                   {product} {ergonomic}
    uintx GCDrainStackTargetSize                   = 64                                        {product} {ergonomic}
   size_t InitialHeapSize                          = 266338304                                 {product} {ergonomic}
   size_t MarkStackSize                            = 4194304                                   {product} {ergonomic}
   size_t MaxHeapSize                              = 4248829952                                {product} {ergonomic}
   size_t MaxNewSize                               = 2548039680                                {product} {ergonomic}
   size_t MinHeapDeltaBytes                        = 2097152                                   {product} {ergonomic}
   size_t MinHeapSize                              = 8388608                                   {product} {ergonomic}
    uintx NonNMethodCodeHeapSize                   = 7602480                                {pd product} {ergonomic}
    uintx NonProfiledCodeHeapSize                  = 122027880                              {pd product} {ergonomic}
    uintx ProfiledCodeHeapSize                     = 122027880                              {pd product} {ergonomic}
    uintx ReservedCodeCacheSize                    = 251658240                              {pd product} {ergonomic}
     bool SegmentedCodeCache                       = true                                      {product} {ergonomic}
   size_t SoftMaxHeapSize                          = 4248829952                             {manageable} {ergonomic}
     bool UseCompressedClassPointers               = true                           {product lp64_product} {ergonomic}
     bool UseCompressedOops                        = true                           {product lp64_product} {ergonomic}
     bool UseG1GC                                  = true                                      {product} {ergonomic}
     bool UseLargePagesIndividualAllocation        = false                                  {pd product} {ergonomic}

Logging:
Log output configuration:
 #0: stdout all=warning uptime,level,tags
 #1: stderr all=off uptime,level,tags

Environment Variables:
JAVA_HOME=D:\software\jdk-17.0.4.1
PATH=D:\VMware\VMware Workstation\bin\;C:\Program Files\Common Files\Oracle\Java\javapath;C:\windows\system32;C:\windows;C:\windows\System32\Wbem;C:\windows\System32\WindowsPowerShell\v1.0\;C:\windows\System32\OpenSSH\;C:\Program Files (x86)\NVIDIA Corporation\PhysX\Common;%path%;C:\WINDOWS\system32;C:\WINDOWS;C:\WINDOWS\system32\WBEM;C:\WINDOWS\System32\WindowsPowerShell\v1.0\;C:\WINDOWS\System32\Wbem;C:\WINDOWS\System32\OpenSSH\;D:\software\jdk-17.0.4.1\bin;D:\software\jdk-17.0.4.1\jre\bin;D:\software\Git\cmd;D:\software\MinGW\bin;D:\software\Anaconda3;D:\software\Anaconda3\Scripts;D:\software\Anaconda3\Library\bin;D:\software\Anaconda3\Library\mingw-w64\bin;D:\software\MATLAB\R2022a\bin;D:\software\apache-maven-3.9.0-bin\apache-maven-3.9.0\bin;D:\software\erl9.2\bin;D:\software\Xshell 7\;C:\Users\admin\AppData\Local\Microsoft\WindowsApps;D:\software\cpolar\;D:\software\texlive\2022\bin\win32
USERNAME=admin
OS=Windows_NT
PROCESSOR_IDENTIFIER=Intel64 Family 6 Model 165 Stepping 5, GenuineIntel



---------------  S Y S T E M  ---------------

OS:
 Windows 10 , 64 bit Build 19041 (10.0.19041.2788)
OS uptime: 16 days 15:41 hours

CPU: total 16 (initial active 16) (8 cores per cpu, 2 threads per core) family 6 model 165 stepping 5 microcode 0xca, cx8, cmov, fxsr, ht, mmx, 3dnowpref, sse, sse2, sse3, ssse3, sse4.1, sse4.2, popcnt, lzcnt, tsc, tscinvbit, avx, avx2, aes, erms, clmul, bmi1, bmi2, adx, fma, vzeroupper, clflush, clflushopt

Memory: 4k page, system-wide physical 16206M (532M free)
TotalPageFile size 46615M (AvailPageFile size 0M)
current process WorkingSet (physical memory assigned to process): 98M, peak: 98M
current process commit charge ("private bytes"): 385M, peak: 385M

vm_info: Java HotSpot(TM) 64-Bit Server VM (17.0.4.1+1-LTS-2) for windows-amd64 JRE (17.0.4.1+1-LTS-2), built on Aug 16 2022 18:32:06 by "mach5one" with MS VC++ 16.8 / 16.9 (VS2019)

END.
