#
# There is insufficient memory for the Java Runtime Environment to continue.
# Native memory allocation (malloc) failed to allocate 1804368 bytes for Chunk::new
# Possible reasons:
#   The system is out of physical RAM or swap space
#   The process is running with CompressedOops enabled, and the Java Heap may be blocking the growth of the native heap
# Possible solutions:
#   Reduce memory load on the system
#   Increase physical memory or swap space
#   Check if swap backing store is full
#   Decrease Java heap size (-Xmx/-Xms)
#   Decrease number of Java threads
#   Decrease Java thread stack sizes (-Xss)
#   Set larger code cache with -XX:ReservedCodeCacheSize=
#   JVM is running with Zero Based Compressed Oops mode in which the Java heap is
#     placed in the first 32GB address space. The Java Heap base address is the
#     maximum limit for the native heap growth. Please use -XX:HeapBaseMinAddress
#     to set the Java Heap base and to place the Java Heap above 32GB virtual address.
# This output file may be truncated or incomplete.
#
#  Out of Memory Error (arena.cpp:189), pid=26720, tid=23440
#
# JRE version: Java(TM) SE Runtime Environment (17.0.4.1+1) (build 17.0.4.1+1-LTS-2)
# Java VM: Java HotSpot(TM) 64-Bit Server VM (17.0.4.1+1-LTS-2, mixed mode, sharing, tiered, compressed oops, compressed class ptrs, g1 gc, windows-amd64)
# No core dump will be written. Minidumps are not enabled by default on client versions of Windows
#

---------------  S U M M A R Y ------------

Command Line: -ea -Didea.test.cyclic.buffer.size=4194304 -javaagent:D:\software\JetBrains\IntelliJ IDEA 2021.3.1\lib\idea_rt.jar=51758:D:\software\JetBrains\IntelliJ IDEA 2021.3.1\bin -Dfile.encoding=UTF-8 com.intellij.rt.junit.JUnitStarter -ideVersion5 -junit5 com.example.banksys.businesslogiclayer.EnterpriseUserAccountTest,withdraw

Host: Intel(R) Core(TM) i7-10700 CPU @ 2.90GHz, 16 cores, 15G,  Windows 10 , 64 bit Build 19041 (10.0.19041.2788)
Time: Wed May 10 17:17:25 2023  Windows 10 , 64 bit Build 19041 (10.0.19041.2788) elapsed time: 1.045539 seconds (0d 0h 0m 1s)

---------------  T H R E A D  ---------------

Current thread (0x00000228b2c76a30):  JavaThread "C2 CompilerThread0" daemon [_thread_in_native, id=23440, stack(0x00000089c0000000,0x00000089c0100000)]


Current CompileTask:
C2:   1045 1560       4       jdk.internal.loader.URLClassPath::getResource (74 bytes)

Stack: [0x00000089c0000000,0x00000089c0100000]
Native frames: (J=compiled Java code, j=interpreted, Vv=VM code, C=native code)
V  [jvm.dll+0x6723ba]
V  [jvm.dll+0x7d1e34]
V  [jvm.dll+0x7d35de]
V  [jvm.dll+0x7d3c43]
V  [jvm.dll+0x243065]
V  [jvm.dll+0xaa57b]
V  [jvm.dll+0xaab0c]
V  [jvm.dll+0x360467]
V  [jvm.dll+0x1ba0c8]
V  [jvm.dll+0x2162f9]
V  [jvm.dll+0x2155c1]
V  [jvm.dll+0x1a1fcd]
V  [jvm.dll+0x224e08]
V  [jvm.dll+0x222f75]
V  [jvm.dll+0x787a0b]
V  [jvm.dll+0x781fca]
V  [jvm.dll+0x671245]
C  [ucrtbase.dll+0x21bb2]
C  [KERNEL32.DLL+0x17604]
C  [ntdll.dll+0x526a1]


---------------  P R O C E S S  ---------------

Threads class SMR info:
_java_thread_list=0x00000228b30a56c0, length=17, elements={
0x000002288ec751a0, 0x00000228b239fad0, 0x00000228b23a0940, 0x00000228b2c6d3c0,
0x00000228b2c6fe80, 0x00000228b2c70830, 0x00000228b23a62b0, 0x00000228b2c76a30,
0x00000228b2c7b140, 0x00000228b2c7db40, 0x00000228b23a5910, 0x00000228b2d844e0,
0x00000228b2d84e00, 0x00000228b2dd0a70, 0x00000228b23a7ac0, 0x00000228b23a6780,
0x00000228b35c4d10
}

Java Threads: ( => current thread )
  0x000002288ec751a0 JavaThread "main" [_thread_in_Java, id=22852, stack(0x00000089bf300000,0x00000089bf400000)]
  0x00000228b239fad0 JavaThread "Reference Handler" daemon [_thread_blocked, id=20684, stack(0x00000089bfa00000,0x00000089bfb00000)]
  0x00000228b23a0940 JavaThread "Finalizer" daemon [_thread_blocked, id=12264, stack(0x00000089bfb00000,0x00000089bfc00000)]
  0x00000228b2c6d3c0 JavaThread "Signal Dispatcher" daemon [_thread_blocked, id=23520, stack(0x00000089bfc00000,0x00000089bfd00000)]
  0x00000228b2c6fe80 JavaThread "Attach Listener" daemon [_thread_blocked, id=10424, stack(0x00000089bfd00000,0x00000089bfe00000)]
  0x00000228b2c70830 JavaThread "Service Thread" daemon [_thread_blocked, id=28496, stack(0x00000089bfe00000,0x00000089bff00000)]
  0x00000228b23a62b0 JavaThread "Monitor Deflation Thread" daemon [_thread_blocked, id=11172, stack(0x00000089bff00000,0x00000089c0000000)]
=>0x00000228b2c76a30 JavaThread "C2 CompilerThread0" daemon [_thread_in_native, id=23440, stack(0x00000089c0000000,0x00000089c0100000)]
  0x00000228b2c7b140 JavaThread "C1 CompilerThread0" daemon [_thread_blocked, id=28768, stack(0x00000089c0100000,0x00000089c0200000)]
  0x00000228b2c7db40 JavaThread "Sweeper thread" daemon [_thread_blocked, id=13272, stack(0x00000089c0200000,0x00000089c0300000)]
  0x00000228b23a5910 JavaThread "Common-Cleaner" daemon [_thread_blocked, id=26604, stack(0x00000089c0300000,0x00000089c0400000)]
  0x00000228b2d844e0 JavaThread "C1 CompilerThread1" daemon [_thread_blocked, id=1056, stack(0x00000089c0400000,0x00000089c0500000)]
  0x00000228b2d84e00 JavaThread "C1 CompilerThread2" daemon [_thread_blocked, id=9856, stack(0x00000089c0500000,0x00000089c0600000)]
  0x00000228b2dd0a70 JavaThread "C2 CompilerThread1" daemon [_thread_in_native, id=27840, stack(0x00000089c0600000,0x00000089c0700000)]
  0x00000228b23a7ac0 JavaThread "Monitor Ctrl-Break" daemon [_thread_in_native, id=27196, stack(0x00000089c0700000,0x00000089c0800000)]
  0x00000228b23a6780 JavaThread "Notification Thread" daemon [_thread_blocked, id=28516, stack(0x00000089c0800000,0x00000089c0900000)]
  0x00000228b35c4d10 JavaThread "C2 CompilerThread2" daemon [_thread_in_native, id=4632, stack(0x00000089c0a00000,0x00000089c0b00000)]

Other Threads:
  0x00000228b239aed0 VMThread "VM Thread" [stack: 0x00000089bf900000,0x00000089bfa00000] [id=15824]
  0x00000228b2e9b6a0 WatcherThread [stack: 0x00000089c0900000,0x00000089c0a00000] [id=23232]
  0x000002288ecdfde0 GCTaskThread "GC Thread#0" [stack: 0x00000089bf400000,0x00000089bf500000] [id=29620]
  0x00000228b3a45080 GCTaskThread "GC Thread#1" [stack: 0x00000089c0b00000,0x00000089c0c00000] [id=19668]
  0x00000228b3b33f40 GCTaskThread "GC Thread#2" [stack: 0x00000089c0c00000,0x00000089c0d00000] [id=29128]
  0x00000228b3b341f0 GCTaskThread "GC Thread#3" [stack: 0x00000089c0d00000,0x00000089c0e00000] [id=29540]
  0x00000228b3a37e50 GCTaskThread "GC Thread#4" [stack: 0x00000089c0e00000,0x00000089c0f00000] [id=13852]
  0x00000228b3a6d9e0 GCTaskThread "GC Thread#5" [stack: 0x00000089c0f00000,0x00000089c1000000] [id=10232]
  0x00000228b5ffad20 GCTaskThread "GC Thread#6" [stack: 0x00000089c1000000,0x00000089c1100000] [id=9868]
  0x00000228b4068b90 GCTaskThread "GC Thread#7" [stack: 0x00000089c1100000,0x00000089c1200000] [id=11584]
  0x000002288ecf1a70 ConcurrentGCThread "G1 Main Marker" [stack: 0x00000089bf500000,0x00000089bf600000] [id=24628]
  0x000002288ecf3c30 ConcurrentGCThread "G1 Conc#0" [stack: 0x00000089bf600000,0x00000089bf700000] [id=29036]
  0x00000228b2253570 ConcurrentGCThread "G1 Refine#0" [stack: 0x00000089bf700000,0x00000089bf800000] [id=14072]
  0x00000228b2253ea0 ConcurrentGCThread "G1 Service" [stack: 0x00000089bf800000,0x00000089bf900000] [id=26176]

Threads with active compile tasks:
C2 CompilerThread0     1070 1560       4       jdk.internal.loader.URLClassPath::getResource (74 bytes)
C2 CompilerThread1     1070 1731       4       jdk.internal.org.objectweb.asm.Frame::execute (2305 bytes)
C2 CompilerThread2     1070 1869       4       java.io.WinNTFileSystem::normalize (143 bytes)

VM state: not at safepoint (normal execution)

VM Mutex/Monitor currently owned by a thread: None

Heap address: 0x0000000702c00000, size: 4052 MB, Compressed Oops mode: Zero based, Oop shift amount: 3

CDS archive(s) mapped at: [0x0000000800000000-0x0000000800bc0000-0x0000000800bc0000), size 12320768, SharedBaseAddress: 0x0000000800000000, ArchiveRelocationMode: 0.
Compressed class space mapped at: 0x0000000800c00000-0x0000000840c00000, reserved size: 1073741824
Narrow klass base: 0x0000000800000000, Narrow klass shift: 0, Narrow klass range: 0x100000000

GC Precious Log:
 CPUs: 16 total, 16 available
 Memory: 16206M
 Large Page Support: Disabled
 NUMA Support: Disabled
 Compressed Oops: Enabled (Zero based)
 Heap Region Size: 2M
 Heap Min Capacity: 8M
 Heap Initial Capacity: 254M
 Heap Max Capacity: 4052M
 Pre-touch: Disabled
 Parallel Workers: 13
 Concurrent Workers: 3
 Concurrent Refinement Workers: 13
 Periodic GC: Disabled

Heap:
 garbage-first heap   total 260096K, used 14430K [0x0000000702c00000, 0x0000000800000000)
  region size 2048K, 6 young (12288K), 2 survivors (4096K)
 Metaspace       used 11724K, committed 11968K, reserved 1064960K
  class space    used 1515K, committed 1664K, reserved 1048576K

Heap Regions: E=young(eden), S=young(survivor), O=old, HS=humongous(starts), HC=humongous(continues), CS=collection set, F=free, OA=open archive, CA=closed archive, TAMS=top-at-mark-start (previous, next)
|   0|0x0000000702c00000, 0x0000000702e00000, 0x0000000702e00000|100%| O|  |TAMS 0x0000000702c00000, 0x0000000702c00000| Untracked 
|   1|0x0000000702e00000, 0x0000000703000000, 0x0000000703000000|100%| O|  |TAMS 0x0000000702e00000, 0x0000000702e00000| Untracked 
|   2|0x0000000703000000, 0x00000007031fb600, 0x0000000703200000| 99%| O|  |TAMS 0x0000000703000000, 0x0000000703000000| Untracked 
|   3|0x0000000703200000, 0x0000000703200000, 0x0000000703400000|  0%| F|  |TAMS 0x0000000703200000, 0x0000000703200000| Untracked 
|   4|0x0000000703400000, 0x0000000703400000, 0x0000000703600000|  0%| F|  |TAMS 0x0000000703400000, 0x0000000703400000| Untracked 
|   5|0x0000000703600000, 0x0000000703600000, 0x0000000703800000|  0%| F|  |TAMS 0x0000000703600000, 0x0000000703600000| Untracked 
|   6|0x0000000703800000, 0x0000000703800000, 0x0000000703a00000|  0%| F|  |TAMS 0x0000000703800000, 0x0000000703800000| Untracked 
|   7|0x0000000703a00000, 0x0000000703a00000, 0x0000000703c00000|  0%| F|  |TAMS 0x0000000703a00000, 0x0000000703a00000| Untracked 
|   8|0x0000000703c00000, 0x0000000703c00000, 0x0000000703e00000|  0%| F|  |TAMS 0x0000000703c00000, 0x0000000703c00000| Untracked 
|   9|0x0000000703e00000, 0x0000000703e00000, 0x0000000704000000|  0%| F|  |TAMS 0x0000000703e00000, 0x0000000703e00000| Untracked 
|  10|0x0000000704000000, 0x0000000704000000, 0x0000000704200000|  0%| F|  |TAMS 0x0000000704000000, 0x0000000704000000| Untracked 
|  11|0x0000000704200000, 0x0000000704200000, 0x0000000704400000|  0%| F|  |TAMS 0x0000000704200000, 0x0000000704200000| Untracked 
|  12|0x0000000704400000, 0x0000000704400000, 0x0000000704600000|  0%| F|  |TAMS 0x0000000704400000, 0x0000000704400000| Untracked 
|  13|0x0000000704600000, 0x0000000704600000, 0x0000000704800000|  0%| F|  |TAMS 0x0000000704600000, 0x0000000704600000| Untracked 
|  14|0x0000000704800000, 0x0000000704800000, 0x0000000704a00000|  0%| F|  |TAMS 0x0000000704800000, 0x0000000704800000| Untracked 
|  15|0x0000000704a00000, 0x0000000704a00000, 0x0000000704c00000|  0%| F|  |TAMS 0x0000000704a00000, 0x0000000704a00000| Untracked 
|  16|0x0000000704c00000, 0x0000000704c00000, 0x0000000704e00000|  0%| F|  |TAMS 0x0000000704c00000, 0x0000000704c00000| Untracked 
|  17|0x0000000704e00000, 0x0000000704e00000, 0x0000000705000000|  0%| F|  |TAMS 0x0000000704e00000, 0x0000000704e00000| Untracked 
|  18|0x0000000705000000, 0x0000000705000000, 0x0000000705200000|  0%| F|  |TAMS 0x0000000705000000, 0x0000000705000000| Untracked 
|  19|0x0000000705200000, 0x0000000705200000, 0x0000000705400000|  0%| F|  |TAMS 0x0000000705200000, 0x0000000705200000| Untracked 
|  20|0x0000000705400000, 0x0000000705400000, 0x0000000705600000|  0%| F|  |TAMS 0x0000000705400000, 0x0000000705400000| Untracked 
|  21|0x0000000705600000, 0x0000000705600000, 0x0000000705800000|  0%| F|  |TAMS 0x0000000705600000, 0x0000000705600000| Untracked 
|  22|0x0000000705800000, 0x0000000705800000, 0x0000000705a00000|  0%| F|  |TAMS 0x0000000705800000, 0x0000000705800000| Untracked 
|  23|0x0000000705a00000, 0x0000000705a00000, 0x0000000705c00000|  0%| F|  |TAMS 0x0000000705a00000, 0x0000000705a00000| Untracked 
|  24|0x0000000705c00000, 0x0000000705c00000, 0x0000000705e00000|  0%| F|  |TAMS 0x0000000705c00000, 0x0000000705c00000| Untracked 
|  25|0x0000000705e00000, 0x0000000705e00000, 0x0000000706000000|  0%| F|  |TAMS 0x0000000705e00000, 0x0000000705e00000| Untracked 
|  26|0x0000000706000000, 0x0000000706000000, 0x0000000706200000|  0%| F|  |TAMS 0x0000000706000000, 0x0000000706000000| Untracked 
|  27|0x0000000706200000, 0x0000000706200000, 0x0000000706400000|  0%| F|  |TAMS 0x0000000706200000, 0x0000000706200000| Untracked 
|  28|0x0000000706400000, 0x0000000706400000, 0x0000000706600000|  0%| F|  |TAMS 0x0000000706400000, 0x0000000706400000| Untracked 
|  29|0x0000000706600000, 0x0000000706600000, 0x0000000706800000|  0%| F|  |TAMS 0x0000000706600000, 0x0000000706600000| Untracked 
|  30|0x0000000706800000, 0x0000000706800000, 0x0000000706a00000|  0%| F|  |TAMS 0x0000000706800000, 0x0000000706800000| Untracked 
|  31|0x0000000706a00000, 0x0000000706a00000, 0x0000000706c00000|  0%| F|  |TAMS 0x0000000706a00000, 0x0000000706a00000| Untracked 
|  32|0x0000000706c00000, 0x0000000706c00000, 0x0000000706e00000|  0%| F|  |TAMS 0x0000000706c00000, 0x0000000706c00000| Untracked 
|  33|0x0000000706e00000, 0x0000000706e00000, 0x0000000707000000|  0%| F|  |TAMS 0x0000000706e00000, 0x0000000706e00000| Untracked 
|  34|0x0000000707000000, 0x0000000707000000, 0x0000000707200000|  0%| F|  |TAMS 0x0000000707000000, 0x0000000707000000| Untracked 
|  35|0x0000000707200000, 0x0000000707200000, 0x0000000707400000|  0%| F|  |TAMS 0x0000000707200000, 0x0000000707200000| Untracked 
|  36|0x0000000707400000, 0x0000000707400000, 0x0000000707600000|  0%| F|  |TAMS 0x0000000707400000, 0x0000000707400000| Untracked 
|  37|0x0000000707600000, 0x0000000707600000, 0x0000000707800000|  0%| F|  |TAMS 0x0000000707600000, 0x0000000707600000| Untracked 
|  38|0x0000000707800000, 0x0000000707800000, 0x0000000707a00000|  0%| F|  |TAMS 0x0000000707800000, 0x0000000707800000| Untracked 
|  39|0x0000000707a00000, 0x0000000707a00000, 0x0000000707c00000|  0%| F|  |TAMS 0x0000000707a00000, 0x0000000707a00000| Untracked 
|  40|0x0000000707c00000, 0x0000000707c00000, 0x0000000707e00000|  0%| F|  |TAMS 0x0000000707c00000, 0x0000000707c00000| Untracked 
|  41|0x0000000707e00000, 0x0000000707e00000, 0x0000000708000000|  0%| F|  |TAMS 0x0000000707e00000, 0x0000000707e00000| Untracked 
|  42|0x0000000708000000, 0x0000000708000000, 0x0000000708200000|  0%| F|  |TAMS 0x0000000708000000, 0x0000000708000000| Untracked 
|  43|0x0000000708200000, 0x0000000708200000, 0x0000000708400000|  0%| F|  |TAMS 0x0000000708200000, 0x0000000708200000| Untracked 
|  44|0x0000000708400000, 0x0000000708400000, 0x0000000708600000|  0%| F|  |TAMS 0x0000000708400000, 0x0000000708400000| Untracked 
|  45|0x0000000708600000, 0x0000000708600000, 0x0000000708800000|  0%| F|  |TAMS 0x0000000708600000, 0x0000000708600000| Untracked 
|  46|0x0000000708800000, 0x0000000708800000, 0x0000000708a00000|  0%| F|  |TAMS 0x0000000708800000, 0x0000000708800000| Untracked 
|  47|0x0000000708a00000, 0x0000000708a00000, 0x0000000708c00000|  0%| F|  |TAMS 0x0000000708a00000, 0x0000000708a00000| Untracked 
|  48|0x0000000708c00000, 0x0000000708c00000, 0x0000000708e00000|  0%| F|  |TAMS 0x0000000708c00000, 0x0000000708c00000| Untracked 
|  49|0x0000000708e00000, 0x0000000708e00000, 0x0000000709000000|  0%| F|  |TAMS 0x0000000708e00000, 0x0000000708e00000| Untracked 
|  50|0x0000000709000000, 0x0000000709000000, 0x0000000709200000|  0%| F|  |TAMS 0x0000000709000000, 0x0000000709000000| Untracked 
|  51|0x0000000709200000, 0x0000000709200000, 0x0000000709400000|  0%| F|  |TAMS 0x0000000709200000, 0x0000000709200000| Untracked 
|  52|0x0000000709400000, 0x0000000709400000, 0x0000000709600000|  0%| F|  |TAMS 0x0000000709400000, 0x0000000709400000| Untracked 
|  53|0x0000000709600000, 0x0000000709600000, 0x0000000709800000|  0%| F|  |TAMS 0x0000000709600000, 0x0000000709600000| Untracked 
|  54|0x0000000709800000, 0x0000000709800000, 0x0000000709a00000|  0%| F|  |TAMS 0x0000000709800000, 0x0000000709800000| Untracked 
|  55|0x0000000709a00000, 0x0000000709a00000, 0x0000000709c00000|  0%| F|  |TAMS 0x0000000709a00000, 0x0000000709a00000| Untracked 
|  56|0x0000000709c00000, 0x0000000709c00000, 0x0000000709e00000|  0%| F|  |TAMS 0x0000000709c00000, 0x0000000709c00000| Untracked 
|  57|0x0000000709e00000, 0x0000000709e00000, 0x000000070a000000|  0%| F|  |TAMS 0x0000000709e00000, 0x0000000709e00000| Untracked 
|  58|0x000000070a000000, 0x000000070a000000, 0x000000070a200000|  0%| F|  |TAMS 0x000000070a000000, 0x000000070a000000| Untracked 
|  59|0x000000070a200000, 0x000000070a200000, 0x000000070a400000|  0%| F|  |TAMS 0x000000070a200000, 0x000000070a200000| Untracked 
|  60|0x000000070a400000, 0x000000070a400000, 0x000000070a600000|  0%| F|  |TAMS 0x000000070a400000, 0x000000070a400000| Untracked 
|  61|0x000000070a600000, 0x000000070a600000, 0x000000070a800000|  0%| F|  |TAMS 0x000000070a600000, 0x000000070a600000| Untracked 
|  62|0x000000070a800000, 0x000000070a800000, 0x000000070aa00000|  0%| F|  |TAMS 0x000000070a800000, 0x000000070a800000| Untracked 
|  63|0x000000070aa00000, 0x000000070aa00000, 0x000000070ac00000|  0%| F|  |TAMS 0x000000070aa00000, 0x000000070aa00000| Untracked 
|  64|0x000000070ac00000, 0x000000070ac00000, 0x000000070ae00000|  0%| F|  |TAMS 0x000000070ac00000, 0x000000070ac00000| Untracked 
|  65|0x000000070ae00000, 0x000000070ae00000, 0x000000070b000000|  0%| F|  |TAMS 0x000000070ae00000, 0x000000070ae00000| Untracked 
|  66|0x000000070b000000, 0x000000070b000000, 0x000000070b200000|  0%| F|  |TAMS 0x000000070b000000, 0x000000070b000000| Untracked 
|  67|0x000000070b200000, 0x000000070b200000, 0x000000070b400000|  0%| F|  |TAMS 0x000000070b200000, 0x000000070b200000| Untracked 
|  68|0x000000070b400000, 0x000000070b400000, 0x000000070b600000|  0%| F|  |TAMS 0x000000070b400000, 0x000000070b400000| Untracked 
|  69|0x000000070b600000, 0x000000070b600000, 0x000000070b800000|  0%| F|  |TAMS 0x000000070b600000, 0x000000070b600000| Untracked 
|  70|0x000000070b800000, 0x000000070b800000, 0x000000070ba00000|  0%| F|  |TAMS 0x000000070b800000, 0x000000070b800000| Untracked 
|  71|0x000000070ba00000, 0x000000070ba00000, 0x000000070bc00000|  0%| F|  |TAMS 0x000000070ba00000, 0x000000070ba00000| Untracked 
|  72|0x000000070bc00000, 0x000000070bc00000, 0x000000070be00000|  0%| F|  |TAMS 0x000000070bc00000, 0x000000070bc00000| Untracked 
|  73|0x000000070be00000, 0x000000070be00000, 0x000000070c000000|  0%| F|  |TAMS 0x000000070be00000, 0x000000070be00000| Untracked 
|  74|0x000000070c000000, 0x000000070c000000, 0x000000070c200000|  0%| F|  |TAMS 0x000000070c000000, 0x000000070c000000| Untracked 
|  75|0x000000070c200000, 0x000000070c200000, 0x000000070c400000|  0%| F|  |TAMS 0x000000070c200000, 0x000000070c200000| Untracked 
|  76|0x000000070c400000, 0x000000070c400000, 0x000000070c600000|  0%| F|  |TAMS 0x000000070c400000, 0x000000070c400000| Untracked 
|  77|0x000000070c600000, 0x000000070c600000, 0x000000070c800000|  0%| F|  |TAMS 0x000000070c600000, 0x000000070c600000| Untracked 
|  78|0x000000070c800000, 0x000000070c800000, 0x000000070ca00000|  0%| F|  |TAMS 0x000000070c800000, 0x000000070c800000| Untracked 
|  79|0x000000070ca00000, 0x000000070ca00000, 0x000000070cc00000|  0%| F|  |TAMS 0x000000070ca00000, 0x000000070ca00000| Untracked 
|  80|0x000000070cc00000, 0x000000070cc00000, 0x000000070ce00000|  0%| F|  |TAMS 0x000000070cc00000, 0x000000070cc00000| Untracked 
|  81|0x000000070ce00000, 0x000000070ce00000, 0x000000070d000000|  0%| F|  |TAMS 0x000000070ce00000, 0x000000070ce00000| Untracked 
|  82|0x000000070d000000, 0x000000070d000000, 0x000000070d200000|  0%| F|  |TAMS 0x000000070d000000, 0x000000070d000000| Untracked 
|  83|0x000000070d200000, 0x000000070d200000, 0x000000070d400000|  0%| F|  |TAMS 0x000000070d200000, 0x000000070d200000| Untracked 
|  84|0x000000070d400000, 0x000000070d400000, 0x000000070d600000|  0%| F|  |TAMS 0x000000070d400000, 0x000000070d400000| Untracked 
|  85|0x000000070d600000, 0x000000070d600000, 0x000000070d800000|  0%| F|  |TAMS 0x000000070d600000, 0x000000070d600000| Untracked 
|  86|0x000000070d800000, 0x000000070d800000, 0x000000070da00000|  0%| F|  |TAMS 0x000000070d800000, 0x000000070d800000| Untracked 
|  87|0x000000070da00000, 0x000000070da00000, 0x000000070dc00000|  0%| F|  |TAMS 0x000000070da00000, 0x000000070da00000| Untracked 
|  88|0x000000070dc00000, 0x000000070dc00000, 0x000000070de00000|  0%| F|  |TAMS 0x000000070dc00000, 0x000000070dc00000| Untracked 
|  89|0x000000070de00000, 0x000000070de00000, 0x000000070e000000|  0%| F|  |TAMS 0x000000070de00000, 0x000000070de00000| Untracked 
|  90|0x000000070e000000, 0x000000070e000000, 0x000000070e200000|  0%| F|  |TAMS 0x000000070e000000, 0x000000070e000000| Untracked 
|  91|0x000000070e200000, 0x000000070e200000, 0x000000070e400000|  0%| F|  |TAMS 0x000000070e200000, 0x000000070e200000| Untracked 
|  92|0x000000070e400000, 0x000000070e400000, 0x000000070e600000|  0%| F|  |TAMS 0x000000070e400000, 0x000000070e400000| Untracked 
|  93|0x000000070e600000, 0x000000070e600000, 0x000000070e800000|  0%| F|  |TAMS 0x000000070e600000, 0x000000070e600000| Untracked 
|  94|0x000000070e800000, 0x000000070e800000, 0x000000070ea00000|  0%| F|  |TAMS 0x000000070e800000, 0x000000070e800000| Untracked 
|  95|0x000000070ea00000, 0x000000070ea00000, 0x000000070ec00000|  0%| F|  |TAMS 0x000000070ea00000, 0x000000070ea00000| Untracked 
|  96|0x000000070ec00000, 0x000000070ec00000, 0x000000070ee00000|  0%| F|  |TAMS 0x000000070ec00000, 0x000000070ec00000| Untracked 
|  97|0x000000070ee00000, 0x000000070ee00000, 0x000000070f000000|  0%| F|  |TAMS 0x000000070ee00000, 0x000000070ee00000| Untracked 
|  98|0x000000070f000000, 0x000000070f000000, 0x000000070f200000|  0%| F|  |TAMS 0x000000070f000000, 0x000000070f000000| Untracked 
|  99|0x000000070f200000, 0x000000070f200000, 0x000000070f400000|  0%| F|  |TAMS 0x000000070f200000, 0x000000070f200000| Untracked 
| 100|0x000000070f400000, 0x000000070f400000, 0x000000070f600000|  0%| F|  |TAMS 0x000000070f400000, 0x000000070f400000| Untracked 
| 101|0x000000070f600000, 0x000000070f600000, 0x000000070f800000|  0%| F|  |TAMS 0x000000070f600000, 0x000000070f600000| Untracked 
| 102|0x000000070f800000, 0x000000070f800000, 0x000000070fa00000|  0%| F|  |TAMS 0x000000070f800000, 0x000000070f800000| Untracked 
| 103|0x000000070fa00000, 0x000000070fa00000, 0x000000070fc00000|  0%| F|  |TAMS 0x000000070fa00000, 0x000000070fa00000| Untracked 
| 104|0x000000070fc00000, 0x000000070fc00000, 0x000000070fe00000|  0%| F|  |TAMS 0x000000070fc00000, 0x000000070fc00000| Untracked 
| 105|0x000000070fe00000, 0x000000070fe00000, 0x0000000710000000|  0%| F|  |TAMS 0x000000070fe00000, 0x000000070fe00000| Untracked 
| 106|0x0000000710000000, 0x0000000710000000, 0x0000000710200000|  0%| F|  |TAMS 0x0000000710000000, 0x0000000710000000| Untracked 
| 107|0x0000000710200000, 0x0000000710200000, 0x0000000710400000|  0%| F|  |TAMS 0x0000000710200000, 0x0000000710200000| Untracked 
| 108|0x0000000710400000, 0x0000000710400000, 0x0000000710600000|  0%| F|  |TAMS 0x0000000710400000, 0x0000000710400000| Untracked 
| 109|0x0000000710600000, 0x0000000710600000, 0x0000000710800000|  0%| F|  |TAMS 0x0000000710600000, 0x0000000710600000| Untracked 
| 110|0x0000000710800000, 0x000000071081c4a0, 0x0000000710a00000|  5%| S|CS|TAMS 0x0000000710800000, 0x0000000710800000| Complete 
| 111|0x0000000710a00000, 0x0000000710c00000, 0x0000000710c00000|100%| S|CS|TAMS 0x0000000710a00000, 0x0000000710a00000| Complete 
| 112|0x0000000710c00000, 0x0000000710c00000, 0x0000000710e00000|  0%| F|  |TAMS 0x0000000710c00000, 0x0000000710c00000| Untracked 
| 113|0x0000000710e00000, 0x0000000710e00000, 0x0000000711000000|  0%| F|  |TAMS 0x0000000710e00000, 0x0000000710e00000| Untracked 
| 114|0x0000000711000000, 0x0000000711000000, 0x0000000711200000|  0%| F|  |TAMS 0x0000000711000000, 0x0000000711000000| Untracked 
| 115|0x0000000711200000, 0x0000000711200000, 0x0000000711400000|  0%| F|  |TAMS 0x0000000711200000, 0x0000000711200000| Untracked 
| 116|0x0000000711400000, 0x0000000711400000, 0x0000000711600000|  0%| F|  |TAMS 0x0000000711400000, 0x0000000711400000| Untracked 
| 117|0x0000000711600000, 0x0000000711600000, 0x0000000711800000|  0%| F|  |TAMS 0x0000000711600000, 0x0000000711600000| Untracked 
| 118|0x0000000711800000, 0x0000000711800000, 0x0000000711a00000|  0%| F|  |TAMS 0x0000000711800000, 0x0000000711800000| Untracked 
| 119|0x0000000711a00000, 0x0000000711a00000, 0x0000000711c00000|  0%| F|  |TAMS 0x0000000711a00000, 0x0000000711a00000| Untracked 
| 120|0x0000000711c00000, 0x0000000711c00000, 0x0000000711e00000|  0%| F|  |TAMS 0x0000000711c00000, 0x0000000711c00000| Untracked 
| 121|0x0000000711e00000, 0x0000000711e00000, 0x0000000712000000|  0%| F|  |TAMS 0x0000000711e00000, 0x0000000711e00000| Untracked 
| 122|0x0000000712000000, 0x0000000712000000, 0x0000000712200000|  0%| F|  |TAMS 0x0000000712000000, 0x0000000712000000| Untracked 
| 123|0x0000000712200000, 0x0000000712400000, 0x0000000712400000|100%| E|  |TAMS 0x0000000712200000, 0x0000000712200000| Complete 
| 124|0x0000000712400000, 0x0000000712600000, 0x0000000712600000|100%| E|CS|TAMS 0x0000000712400000, 0x0000000712400000| Complete 
| 125|0x0000000712600000, 0x0000000712800000, 0x0000000712800000|100%| E|CS|TAMS 0x0000000712600000, 0x0000000712600000| Complete 
| 126|0x0000000712800000, 0x0000000712a00000, 0x0000000712a00000|100%| E|CS|TAMS 0x0000000712800000, 0x0000000712800000| Complete 

Card table byte_map: [0x00000228a6560000,0x00000228a6d50000] _byte_map_base: 0x00000228a2d4a000

Marking Bits (Prev, Next): (CMBitMap*) 0x000002288ece1400, (CMBitMap*) 0x000002288ece1440
 Prev Bits: [0x00000228a7540000, 0x00000228ab490000)
 Next Bits: [0x00000228ab490000, 0x00000228af3e0000)

Polling page: 0x000002288cc20000

Metaspace:

Usage:
  Non-class:      9.99 MB used.
      Class:      1.48 MB used.
       Both:     11.48 MB used.

Virtual space:
  Non-class space:       16.00 MB reserved,      10.06 MB ( 63%) committed,  2 nodes.
      Class space:        1.00 GB reserved,       1.62 MB ( <1%) committed,  1 nodes.
             Both:        1.02 GB reserved,      11.69 MB (  1%) committed. 

Chunk freelists:
   Non-Class:  1.88 MB
       Class:  2.36 MB
        Both:  4.23 MB

MaxMetaspaceSize: unlimited
CompressedClassSpaceSize: 1.00 GB
Initial GC threshold: 21.00 MB
Current GC threshold: 21.00 MB
CDS: on
MetaspaceReclaimPolicy: balanced
 - commit_granule_bytes: 65536.
 - commit_granule_words: 8192.
 - virtual_space_node_default_size: 1048576.
 - enlarge_chunks_in_place: 1.
 - new_chunks_are_fully_committed: 0.
 - uncommit_free_chunks: 1.
 - use_allocation_guard: 0.
 - handle_deallocations: 1.


Internal statistics:

num_allocs_failed_limit: 0.
num_arena_births: 156.
num_arena_deaths: 0.
num_vsnodes_births: 3.
num_vsnodes_deaths: 0.
num_space_committed: 187.
num_space_uncommitted: 0.
num_chunks_returned_to_freelist: 0.
num_chunks_taken_from_freelist: 569.
num_chunk_merges: 0.
num_chunk_splits: 337.
num_chunks_enlarged: 234.
num_purges: 0.
num_inconsistent_stats: 0.

CodeHeap 'non-profiled nmethods': size=119168Kb used=692Kb max_used=692Kb free=118475Kb
 bounds [0x000002289e080000, 0x000002289e2f0000, 0x00000228a54e0000]
CodeHeap 'profiled nmethods': size=119104Kb used=3892Kb max_used=3892Kb free=115212Kb
 bounds [0x0000022896c30000, 0x0000022897000000, 0x000002289e080000]
CodeHeap 'non-nmethods': size=7488Kb used=2304Kb max_used=2335Kb free=5183Kb
 bounds [0x00000228964e0000, 0x0000022896750000, 0x0000022896c30000]
 total_blobs=2427 nmethods=1955 adapters=382
 compilation: enabled
              stopped_count=0, restarted_count=0
 full_count=0

Compilation events (20 events):
Event: 1.021 Thread 0x00000228b2d84e00 1874   !   3       java.util.concurrent.ConcurrentHashMap::putVal (432 bytes)
Event: 1.021 Thread 0x00000228b2d844e0 1875       3       java.util.Collections$UnmodifiableCollection$1::hasNext (10 bytes)
Event: 1.021 Thread 0x00000228b2d844e0 nmethod 1875 0x0000022896fcc090 code [0x0000022896fcc240, 0x0000022896fcc428]
Event: 1.021 Thread 0x00000228b2d844e0 1876       3       java.util.Collections$UnmodifiableCollection$1::next (10 bytes)
Event: 1.021 Thread 0x00000228b2d844e0 nmethod 1876 0x0000022896fcc510 code [0x0000022896fcc6c0, 0x0000022896fcc8a8]
Event: 1.022 Thread 0x00000228b2c7b140 1877       3       java.util.Properties::saveConvert (383 bytes)
Event: 1.023 Thread 0x00000228b2d84e00 nmethod 1874 0x0000022896fcc990 code [0x0000022896fccd00, 0x0000022896fce908]
Event: 1.024 Thread 0x00000228b2c7b140 nmethod 1877 0x0000022896fcf310 code [0x0000022896fcf760, 0x0000022896fd13a8]
Event: 1.029 Thread 0x00000228b2d844e0 1878       3       java.util.ArrayList$Itr::next (66 bytes)
Event: 1.029 Thread 0x00000228b2d844e0 nmethod 1878 0x0000022896fd1e10 code [0x0000022896fd2000, 0x0000022896fd24e8]
Event: 1.029 Thread 0x00000228b2d844e0 1879       1       org.springframework.core.annotation.PackagesAnnotationFilter::hashCode (5 bytes)
Event: 1.029 Thread 0x00000228b2d844e0 nmethod 1879 0x000002289e126a10 code [0x000002289e126ba0, 0x000002289e126c78]
Event: 1.033 Thread 0x00000228b35c4d10 nmethod 1815 0x000002289e126d10 code [0x000002289e126f80, 0x000002289e128f80]
Event: 1.034 Thread 0x00000228b35c4d10 1869       4       java.io.WinNTFileSystem::normalize (143 bytes)
Event: 1.034 Thread 0x00000228b2d844e0 1882       3       java.util.ImmutableCollections$List12::size (16 bytes)
Event: 1.034 Thread 0x00000228b2d84e00 1883       3       java.lang.invoke.BoundMethodHandle::bindArgumentL (11 bytes)
Event: 1.034 Thread 0x00000228b2c7b140 1884       3       java.lang.invoke.LambdaFormEditor::bindArgumentL (59 bytes)
Event: 1.034 Thread 0x00000228b2d844e0 nmethod 1882 0x0000022896fd2710 code [0x0000022896fd28a0, 0x0000022896fd2a38]
Event: 1.034 Thread 0x00000228b2c7b140 nmethod 1884 0x0000022896fd2b10 code [0x0000022896fd2ce0, 0x0000022896fd2f88]
Event: 1.034 Thread 0x00000228b2d84e00 nmethod 1883 0x0000022896fd3090 code [0x0000022896fd3280, 0x0000022896fd3778]

GC Heap History (4 events):
Event: 0.450 GC heap before
{Heap before GC invocations=0 (full 0):
 garbage-first heap   total 260096K, used 22528K [0x0000000702c00000, 0x0000000800000000)
  region size 2048K, 11 young (22528K), 0 survivors (0K)
 Metaspace       used 4658K, committed 4928K, reserved 1056768K
  class space    used 576K, committed 704K, reserved 1048576K
}
Event: 0.453 GC heap after
{Heap after GC invocations=1 (full 0):
 garbage-first heap   total 260096K, used 6317K [0x0000000702c00000, 0x0000000800000000)
  region size 2048K, 2 young (4096K), 2 survivors (4096K)
 Metaspace       used 4658K, committed 4928K, reserved 1056768K
  class space    used 576K, committed 704K, reserved 1048576K
}
Event: 0.999 GC heap before
{Heap before GC invocations=1 (full 0):
 garbage-first heap   total 260096K, used 30893K [0x0000000702c00000, 0x0000000800000000)
  region size 2048K, 15 young (30720K), 2 survivors (4096K)
 Metaspace       used 10531K, committed 10752K, reserved 1064960K
  class space    used 1367K, committed 1472K, reserved 1048576K
}
Event: 1.004 GC heap after
{Heap after GC invocations=2 (full 0):
 garbage-first heap   total 260096K, used 8286K [0x0000000702c00000, 0x0000000800000000)
  region size 2048K, 2 young (4096K), 2 survivors (4096K)
 Metaspace       used 10531K, committed 10752K, reserved 1064960K
  class space    used 1367K, committed 1472K, reserved 1048576K
}

Deoptimization events (20 events):
Event: 0.823 Thread 0x000002288ec751a0 Uncommon trap: trap_request=0xffffff45 fr.pc=0x000002289e0bad40 relative=0x00000000000000a0
Event: 0.823 Thread 0x000002288ec751a0 Uncommon trap: reason=unstable_if action=reinterpret pc=0x000002289e0bad40 method=sun.reflect.generics.parser.SignatureParser.current()C @ 39 c2
Event: 0.823 Thread 0x000002288ec751a0 DEOPT PACKING pc=0x000002289e0bad40 sp=0x00000089bf3fbde0
Event: 0.823 Thread 0x000002288ec751a0 DEOPT UNPACKING pc=0x00000228965323a3 sp=0x00000089bf3fbd78 mode 2
Event: 0.823 Thread 0x000002288ec751a0 Uncommon trap: trap_request=0xffffff45 fr.pc=0x000002289e116c64 relative=0x0000000000000424
Event: 0.823 Thread 0x000002288ec751a0 Uncommon trap: reason=unstable_if action=reinterpret pc=0x000002289e116c64 method=sun.reflect.generics.parser.SignatureParser.skipIdentifier()V @ 44 c2
Event: 0.823 Thread 0x000002288ec751a0 DEOPT PACKING pc=0x000002289e116c64 sp=0x00000089bf3fc790
Event: 0.823 Thread 0x000002288ec751a0 DEOPT UNPACKING pc=0x00000228965323a3 sp=0x00000089bf3fc728 mode 2
Event: 0.887 Thread 0x000002288ec751a0 DEOPT PACKING pc=0x0000022896d660fd sp=0x00000089bf3fc500
Event: 0.887 Thread 0x000002288ec751a0 DEOPT UNPACKING pc=0x0000022896532b43 sp=0x00000089bf3fb988 mode 0
Event: 0.963 Thread 0x000002288ec751a0 DEOPT PACKING pc=0x0000022896d660fd sp=0x00000089bf3fbca0
Event: 0.963 Thread 0x000002288ec751a0 DEOPT UNPACKING pc=0x0000022896532b43 sp=0x00000089bf3fb128 mode 0
Event: 1.009 Thread 0x000002288ec751a0 DEOPT PACKING pc=0x0000022896d660fd sp=0x00000089bf3fb4c0
Event: 1.009 Thread 0x000002288ec751a0 DEOPT UNPACKING pc=0x0000022896532b43 sp=0x00000089bf3fa948 mode 0
Event: 1.012 Thread 0x000002288ec751a0 DEOPT PACKING pc=0x0000022896f28e18 sp=0x00000089bf3f7b20
Event: 1.012 Thread 0x000002288ec751a0 DEOPT UNPACKING pc=0x0000022896532b43 sp=0x00000089bf3f7028 mode 0
Event: 1.014 Thread 0x00000228b2c6fe80 Uncommon trap: trap_request=0xffffff45 fr.pc=0x000002289e0fc628 relative=0x0000000000001008
Event: 1.014 Thread 0x00000228b2c6fe80 Uncommon trap: reason=unstable_if action=reinterpret pc=0x000002289e0fc628 method=java.util.concurrent.ConcurrentHashMap.putVal(Ljava/lang/Object;Ljava/lang/Object;Z)Ljava/lang/Object; @ 148 c2
Event: 1.014 Thread 0x00000228b2c6fe80 DEOPT PACKING pc=0x000002289e0fc628 sp=0x00000089bfdfe460
Event: 1.014 Thread 0x00000228b2c6fe80 DEOPT UNPACKING pc=0x00000228965323a3 sp=0x00000089bfdfe3e0 mode 2

Classes unloaded (0 events):
No events

Classes redefined (0 events):
No events

Internal exceptions (20 events):
Event: 0.384 Thread 0x000002288ec751a0 Exception <a 'java/lang/NoSuchMethodError'{0x000000071170d2e8}: 'void java.lang.invoke.DirectMethodHandle$Holder.invokeStatic(java.lang.Object, java.lang.Object, java.lang.Object, java.lang.Object)'> (0x000000071170d2e8) 
thrown [s\open\src\hotspot\share\interpreter\linkResolver.cpp, line 759]
Event: 0.394 Thread 0x000002288ec751a0 Exception <a 'java/lang/NoSuchMethodError'{0x00000007117bb230}: 'java.lang.Object java.lang.invoke.Invokers$Holder.invokeExact_MT(java.lang.Object, java.lang.Object, java.lang.Object, java.lang.Object, java.lang.Object, java.lang.Object)'> (0x00000007117bb230) 
thrown [s\open\src\hotspot\share\interpreter\linkResolver.cpp, line 759]
Event: 0.395 Thread 0x000002288ec751a0 Exception <a 'java/lang/NoSuchMethodError'{0x00000007117cb200}: 'int java.lang.invoke.DirectMethodHandle$Holder.invokeStatic(java.lang.Object, java.lang.Object, java.lang.Object, java.lang.Object, java.lang.Object)'> (0x00000007117cb200) 
thrown [s\open\src\hotspot\share\interpreter\linkResolver.cpp, line 759]
Event: 0.401 Thread 0x000002288ec751a0 Exception <a 'java/lang/NoSuchMethodError'{0x000000071141c138}: 'void java.lang.invoke.DirectMethodHandle$Holder.invokeStaticInit(java.lang.Object)'> (0x000000071141c138) 
thrown [s\open\src\hotspot\share\interpreter\linkResolver.cpp, line 759]
Event: 0.418 Thread 0x000002288ec751a0 Exception <a 'java/lang/NoSuchMethodError'{0x0000000711525858}: 'int java.lang.invoke.DirectMethodHandle$Holder.invokeStaticInit(java.lang.Object, java.lang.Object)'> (0x0000000711525858) 
thrown [s\open\src\hotspot\share\interpreter\linkResolver.cpp, line 759]
Event: 0.515 Thread 0x000002288ec751a0 Exception <a 'java/lang/ClassNotFoundException'{0x0000000712750f18}: javax/smartcardio/CardPermission> (0x0000000712750f18) 
thrown [s\open\src\hotspot\share\classfile\systemDictionary.cpp, line 256]
Event: 0.528 Thread 0x000002288ec751a0 Exception <a 'java/io/FileNotFoundException'{0x000000071275f638}> (0x000000071275f638) 
thrown [s\open\src\hotspot\share\prims\jni.cpp, line 516]
Event: 0.604 Thread 0x000002288ec751a0 Implicit null exception at 0x000002289e0f5080 to 0x000002289e0f68c0
Event: 0.667 Thread 0x000002288ec751a0 Exception <a 'java/lang/NoSuchMethodError'{0x00000007123cf2d8}: 'int java.lang.invoke.DirectMethodHandle$Holder.invokeStaticInit(java.lang.Object, java.lang.Object, java.lang.Object)'> (0x00000007123cf2d8) 
thrown [s\open\src\hotspot\share\interpreter\linkResolver.cpp, line 759]
Event: 0.679 Thread 0x000002288ec751a0 Exception <a 'java/lang/NoSuchMethodError'{0x00000007120c0c80}: 'int java.lang.invoke.DirectMethodHandle$Holder.invokeInterface(java.lang.Object, java.lang.Object)'> (0x00000007120c0c80) 
thrown [s\open\src\hotspot\share\interpreter\linkResolver.cpp, line 759]
Event: 0.690 Thread 0x000002288ec751a0 Exception <a 'java/lang/NoSuchMethodError'{0x00000007121b72e0}: 'void java.lang.invoke.DirectMethodHandle$Holder.invokeStaticInit(java.lang.Object, java.lang.Object)'> (0x00000007121b72e0) 
thrown [s\open\src\hotspot\share\interpreter\linkResolver.cpp, line 759]
Event: 0.734 Thread 0x000002288ec751a0 Exception <a 'java/lang/NoSuchMethodError'{0x0000000711ce5e90}: 'int java.lang.invoke.DirectMethodHandle$Holder.invokeSpecial(java.lang.Object, java.lang.Object, java.lang.Object, java.lang.Object)'> (0x0000000711ce5e90) 
thrown [s\open\src\hotspot\share\interpreter\linkResolver.cpp, line 759]
Event: 0.740 Thread 0x000002288ec751a0 Exception <a 'java/lang/NoSuchMethodError'{0x0000000711d17870}: 'int java.lang.invoke.DirectMethodHandle$Holder.invokeSpecial(java.lang.Object, java.lang.Object, java.lang.Object, java.lang.Object, java.lang.Object)'> (0x0000000711d17870) 
thrown [s\open\src\hotspot\share\interpreter\linkResolver.cpp, line 759]
Event: 0.741 Thread 0x000002288ec751a0 Exception <a 'java/lang/NoSuchMethodError'{0x0000000711d21290}: 'void java.lang.invoke.DirectMethodHandle$Holder.invokeVirtual(java.lang.Object, java.lang.Object)'> (0x0000000711d21290) 
thrown [s\open\src\hotspot\share\interpreter\linkResolver.cpp, line 759]
Event: 0.802 Thread 0x000002288ec751a0 Exception <a 'java/lang/NoSuchMethodError'{0x0000000711914b00}: 'void java.lang.invoke.DirectMethodHandle$Holder.invokeVirtual(java.lang.Object, java.lang.Object, java.lang.Object, java.lang.Object)'> (0x0000000711914b00) 
thrown [s\open\src\hotspot\share\interpreter\linkResolver.cpp, line 759]
Event: 0.945 Thread 0x000002288ec751a0 Exception <a 'java/lang/NoSuchMethodError'{0x0000000710f06240}: 'int java.lang.invoke.DirectMethodHandle$Holder.invokeVirtual(java.lang.Object, java.lang.Object, java.lang.Object)'> (0x0000000710f06240) 
thrown [s\open\src\hotspot\share\interpreter\linkResolver.cpp, line 759]
Event: 0.951 Thread 0x000002288ec751a0 Exception <a 'java/lang/NoSuchMethodError'{0x0000000710f3ddc0}: 'java.lang.Object java.lang.invoke.DirectMethodHandle$Holder.newInvokeSpecial(java.lang.Object, java.lang.Object, java.lang.Object, java.lang.Object, java.lang.Object, java.lang.Object, java.lang.Object)'> (0x0000000710f3ddc0) 
thrown [s\open\src\hotspot\share\interpreter\linkResolver.cpp, line 759]
Event: 0.951 Thread 0x000002288ec751a0 Exception <a 'java/lang/NoSuchMethodError'{0x0000000710f42978}: 'java.lang.Object java.lang.invoke.Invokers$Holder.linkToTargetMethod(java.lang.Object, java.lang.Object, java.lang.Object, java.lang.Object, java.lang.Object, java.lang.Object, java.lang.Object)'> (0x0000000710f42978) 
thrown [s\open\src\hotspot\share\interpreter\linkResolver.cpp, line 759]
Event: 0.953 Thread 0x000002288ec751a0 Exception <a 'java/lang/NoSuchMethodError'{0x0000000710f54fb8}: 'java.lang.Object java.lang.invoke.DirectMethodHandle$Holder.invokeInterface(java.lang.Object, java.lang.Object, java.lang.Object, java.lang.Object, java.lang.Object)'> (0x0000000710f54fb8) 
thrown [s\open\src\hotspot\share\interpreter\linkResolver.cpp, line 759]
Event: 0.953 Thread 0x000002288ec751a0 Exception <a 'java/lang/IncompatibleClassChangeError'{0x0000000710f58db0}: Found class java.lang.Object, but interface was expected> (0x0000000710f58db0) 
thrown [s\open\src\hotspot\share\interpreter\linkResolver.cpp, line 826]

VM Operations (20 events):
Event: 0.474 Executing VM operation: HandshakeAllThreads
Event: 0.474 Executing VM operation: HandshakeAllThreads done
Event: 0.534 Executing VM operation: HandshakeAllThreads
Event: 0.534 Executing VM operation: HandshakeAllThreads done
Event: 0.563 Executing VM operation: HandshakeAllThreads
Event: 0.563 Executing VM operation: HandshakeAllThreads done
Event: 0.624 Executing VM operation: HandshakeAllThreads
Event: 0.624 Executing VM operation: HandshakeAllThreads done
Event: 0.624 Executing VM operation: HandshakeAllThreads
Event: 0.624 Executing VM operation: HandshakeAllThreads done
Event: 0.680 Executing VM operation: HandshakeAllThreads
Event: 0.680 Executing VM operation: HandshakeAllThreads done
Event: 0.722 Executing VM operation: HandshakeAllThreads
Event: 0.722 Executing VM operation: HandshakeAllThreads done
Event: 0.739 Executing VM operation: HandshakeAllThreads
Event: 0.739 Executing VM operation: HandshakeAllThreads done
Event: 0.956 Executing VM operation: HandshakeAllThreads
Event: 0.956 Executing VM operation: HandshakeAllThreads done
Event: 0.999 Executing VM operation: G1CollectForAllocation
Event: 1.004 Executing VM operation: G1CollectForAllocation done

Events (20 events):
Event: 1.033 loading class jdk/internal/logger/SimpleConsoleLogger done
Event: 1.033 loading class jdk/internal/logger/SurrogateLogger done
Event: 1.033 loading class java/lang/System$Logger$Level
Event: 1.033 loading class java/lang/System$Logger$Level done
Event: 1.033 loading class sun/util/logging/PlatformLogger
Event: 1.033 loading class sun/util/logging/PlatformLogger done
Event: 1.033 loading class sun/util/logging/PlatformLogger$Level
Event: 1.033 loading class sun/util/logging/PlatformLogger$Level done
Event: 1.033 loading class jdk/internal/logger/SimpleConsoleLogger$Formatting
Event: 1.033 loading class jdk/internal/logger/SimpleConsoleLogger$Formatting done
Event: 1.033 loading class java/util/logging/ErrorManager
Event: 1.034 loading class java/util/logging/ErrorManager done
Event: 1.034 loading class java/util/logging/Handler$1
Event: 1.034 loading class java/util/logging/Handler$1 done
Event: 1.034 loading class java/util/logging/StreamHandler$1
Event: 1.034 loading class java/util/logging/StreamHandler$1 done
Event: 1.034 loading class java/util/logging/LogManager$CloseOnReset
Event: 1.034 loading class java/util/logging/LogManager$CloseOnReset done
Event: 1.034 loading class java/util/MissingResourceException
Event: 1.034 loading class java/util/MissingResourceException done


Dynamic libraries:
0x00007ff697b30000 - 0x00007ff697b40000 	D:\software\jdk-17.0.4.1\bin\java.exe
0x00007ffccb110000 - 0x00007ffccb308000 	C:\WINDOWS\SYSTEM32\ntdll.dll
0x00007ffcca680000 - 0x00007ffcca73f000 	C:\WINDOWS\System32\KERNEL32.DLL
0x00007ffcc8a20000 - 0x00007ffcc8cfa000 	C:\WINDOWS\System32\KERNELBASE.dll
0x00007ffcc8fb0000 - 0x00007ffcc90b0000 	C:\WINDOWS\System32\ucrtbase.dll
0x00007ffcbced0000 - 0x00007ffcbcee8000 	D:\software\jdk-17.0.4.1\bin\jli.dll
0x00007ffcb7b20000 - 0x00007ffcb7b3a000 	D:\software\jdk-17.0.4.1\bin\VCRUNTIME140.dll
0x00007ffcca370000 - 0x00007ffcca41e000 	C:\WINDOWS\System32\ADVAPI32.dll
0x00007ffcca5e0000 - 0x00007ffcca67e000 	C:\WINDOWS\System32\msvcrt.dll
0x00007ffcca9e0000 - 0x00007ffccaa7c000 	C:\WINDOWS\System32\sechost.dll
0x00007ffcca890000 - 0x00007ffcca9b6000 	C:\WINDOWS\System32\RPCRT4.dll
0x00007ffcc9180000 - 0x00007ffcc931d000 	C:\WINDOWS\System32\USER32.dll
0x00007ffcc8f80000 - 0x00007ffcc8fa2000 	C:\WINDOWS\System32\win32u.dll
0x00007ffcc9a70000 - 0x00007ffcc9a9b000 	C:\WINDOWS\System32\GDI32.dll
0x00007ffcc8db0000 - 0x00007ffcc8ec0000 	C:\WINDOWS\System32\gdi32full.dll
0x00007ffcc8980000 - 0x00007ffcc8a1d000 	C:\WINDOWS\System32\msvcp_win.dll
0x00007ffcb46d0000 - 0x00007ffcb496a000 	C:\WINDOWS\WinSxS\amd64_microsoft.windows.common-controls_6595b64144ccf1df_6.0.19041.1110_none_60b5254171f9507e\COMCTL32.dll
0x00007ffcc3700000 - 0x00007ffcc370a000 	C:\WINDOWS\SYSTEM32\VERSION.dll
0x00007ffcc9aa0000 - 0x00007ffcc9ad0000 	C:\WINDOWS\System32\IMM32.DLL
0x00007ffcc46d0000 - 0x00007ffcc46dc000 	D:\software\jdk-17.0.4.1\bin\vcruntime140_1.dll
0x00007ffca0f90000 - 0x00007ffca101d000 	D:\software\jdk-17.0.4.1\bin\msvcp140.dll
0x00007ffc7d940000 - 0x00007ffc7e502000 	D:\software\jdk-17.0.4.1\bin\server\jvm.dll
0x00007ffcc9170000 - 0x00007ffcc9178000 	C:\WINDOWS\System32\PSAPI.DLL
0x00007ffcb7a50000 - 0x00007ffcb7a77000 	C:\WINDOWS\SYSTEM32\WINMM.dll
0x00007ffcb85a0000 - 0x00007ffcb85a9000 	C:\WINDOWS\SYSTEM32\WSOCK32.dll
0x00007ffccaf30000 - 0x00007ffccaf9b000 	C:\WINDOWS\System32\WS2_32.dll
0x00007ffcc6700000 - 0x00007ffcc6712000 	C:\WINDOWS\SYSTEM32\kernel.appcore.dll
0x00007ffcbcb60000 - 0x00007ffcbcb6a000 	D:\software\jdk-17.0.4.1\bin\jimage.dll
0x00007ffcb38e0000 - 0x00007ffcb3ac4000 	C:\WINDOWS\SYSTEM32\DBGHELP.DLL
0x00007ffcb3870000 - 0x00007ffcb38a4000 	C:\WINDOWS\SYSTEM32\dbgcore.DLL
0x00007ffcc90e0000 - 0x00007ffcc9162000 	C:\WINDOWS\System32\bcryptPrimitives.dll
0x00007ffcb7230000 - 0x00007ffcb723e000 	D:\software\jdk-17.0.4.1\bin\instrument.dll
0x00007ffcb7200000 - 0x00007ffcb7225000 	D:\software\jdk-17.0.4.1\bin\java.dll
0x00007ffc96ae0000 - 0x00007ffc96bb6000 	D:\software\jdk-17.0.4.1\bin\jsvml.dll
0x00007ffcc9320000 - 0x00007ffcc9a64000 	C:\WINDOWS\System32\SHELL32.dll
0x00007ffcc6900000 - 0x00007ffcc7093000 	C:\WINDOWS\SYSTEM32\windows.storage.dll
0x00007ffcca010000 - 0x00007ffcca364000 	C:\WINDOWS\System32\combase.dll
0x00007ffcc8280000 - 0x00007ffcc82ae000 	C:\WINDOWS\SYSTEM32\Wldp.dll
0x00007ffccac70000 - 0x00007ffccad1d000 	C:\WINDOWS\System32\SHCORE.dll
0x00007ffcc9ad0000 - 0x00007ffcc9b25000 	C:\WINDOWS\System32\shlwapi.dll
0x00007ffcc8760000 - 0x00007ffcc877f000 	C:\WINDOWS\SYSTEM32\profapi.dll
0x00007ffcb65c0000 - 0x00007ffcb65d8000 	D:\software\jdk-17.0.4.1\bin\zip.dll
0x00007ffcb6a90000 - 0x00007ffcb6aa9000 	D:\software\jdk-17.0.4.1\bin\net.dll
0x00007ffcc24d0000 - 0x00007ffcc25da000 	C:\WINDOWS\SYSTEM32\WINHTTP.dll
0x00007ffcc7fe0000 - 0x00007ffcc804a000 	C:\WINDOWS\system32\mswsock.dll
0x00007ffcb6720000 - 0x00007ffcb6736000 	D:\software\jdk-17.0.4.1\bin\nio.dll
0x00007ffca9100000 - 0x00007ffca911a000 	D:\software\JetBrains\IntelliJ IDEA 2021.3.1\bin\breakgen64.dll

dbghelp: loaded successfully - version: 4.0.5 - missing functions: none
symbol engine: initialized successfully - sym options: 0x614 - pdb path: .;D:\software\jdk-17.0.4.1\bin;C:\WINDOWS\SYSTEM32;C:\WINDOWS\WinSxS\amd64_microsoft.windows.common-controls_6595b64144ccf1df_6.0.19041.1110_none_60b5254171f9507e;D:\software\jdk-17.0.4.1\bin\server;D:\software\JetBrains\IntelliJ IDEA 2021.3.1\bin

VM Arguments:
jvm_args: -ea -Didea.test.cyclic.buffer.size=4194304 -javaagent:D:\software\JetBrains\IntelliJ IDEA 2021.3.1\lib\idea_rt.jar=51758:D:\software\JetBrains\IntelliJ IDEA 2021.3.1\bin -Dfile.encoding=UTF-8 
java_command: com.intellij.rt.junit.JUnitStarter -ideVersion5 -junit5 com.example.banksys.businesslogiclayer.EnterpriseUserAccountTest,withdraw
java_class_path (initial): C:\Users\admin\.m2\repository\org\junit\platform\junit-platform-launcher\1.9.2\junit-platform-launcher-1.9.2.jar;D:\software\JetBrains\IntelliJ IDEA 2021.3.1\lib\idea_rt.jar;D:\software\JetBrains\IntelliJ IDEA 2021.3.1\plugins\junit\lib\junit5-rt.jar;D:\software\JetBrains\IntelliJ IDEA 2021.3.1\plugins\junit\lib\junit-rt.jar;D:\data\IdeaProjects\面向对象技术\22214608张渊博 OOM final\bankSys\target\test-classes;D:\data\IdeaProjects\面向对象技术\22214608张渊博 OOM final\bankSys\target\classes;C:\Users\admin\.m2\repository\org\springframework\boot\spring-boot-starter-data-jpa\3.0.6\spring-boot-starter-data-jpa-3.0.6.jar;C:\Users\admin\.m2\repository\org\springframework\boot\spring-boot-starter-jdbc\3.0.6\spring-boot-starter-jdbc-3.0.6.jar;C:\Users\admin\.m2\repository\com\zaxxer\HikariCP\5.0.1\HikariCP-5.0.1.jar;C:\Users\admin\.m2\repository\org\springframework\spring-jdbc\6.0.8\spring-jdbc-6.0.8.jar;C:\Users\admin\.m2\repository\org\hibernate\orm\hibernate-core\6.1.7.Final\hibernate-core-6.1.7.Final.jar;C:\Users\admin\.m2\repository\jakarta\persistence\jakarta.persistence-api\3.1.0\jakarta.persistence-api-3.1.0.jar;C:\Users\admin\.m2\repository\jakarta\transaction\jakarta.transaction-api\2.0.1\jakarta.transaction-api-2.0.1.jar;C:\Users\admin\.m2\repository\org\jboss\logging\jboss-logging\3.5.0.Final\jboss-logging-3.5.0.Final.jar;C:\Users\admin\.m2\repository\org\hibernate\common\hibernate-commons-annotations\6.0.6.Final\hibernate-commons-annotations-6.0.6.Final.jar;C:\Users\admin\.m2\repository\org\jboss\jandex\2.4.2.Final\jandex-2.4.2.Final.jar;C:\Users\admin\.m2\repository\com\fasterxml\classmate\1.5.1\classmate-1.5.1.jar;C:\Users\admin\.m2\repository\net\bytebuddy\byte-buddy\1.12.23\byte-buddy-1.12.23.jar;C:\Users\admin\.m2\repository\org\glassfish\jaxb\jaxb-runtime\4.0.2\jaxb-runtime-4.0.2.jar;C:\Users\admin\.m2\repository\org\glassfish\jaxb\jaxb-core\4.0.2\jaxb-core-4.0.2.jar;C:\Users\admin\.m2\repository\org\eclipse\angus\angus-activ
Launcher Type: SUN_STANDARD

[Global flags]
     intx CICompilerCount                          = 12                                        {product} {ergonomic}
     uint ConcGCThreads                            = 3                                         {product} {ergonomic}
     uint G1ConcRefinementThreads                  = 13                                        {product} {ergonomic}
   size_t G1HeapRegionSize                         = 2097152                                   {product} {ergonomic}
    uintx GCDrainStackTargetSize                   = 64                                        {product} {ergonomic}
   size_t InitialHeapSize                          = 266338304                                 {product} {ergonomic}
   size_t MarkStackSize                            = 4194304                                   {product} {ergonomic}
   size_t MaxHeapSize                              = 4248829952                                {product} {ergonomic}
   size_t MaxNewSize                               = 2548039680                                {product} {ergonomic}
   size_t MinHeapDeltaBytes                        = 2097152                                   {product} {ergonomic}
   size_t MinHeapSize                              = 8388608                                   {product} {ergonomic}
    uintx NonNMethodCodeHeapSize                   = 7602480                                {pd product} {ergonomic}
    uintx NonProfiledCodeHeapSize                  = 122027880                              {pd product} {ergonomic}
    uintx ProfiledCodeHeapSize                     = 122027880                              {pd product} {ergonomic}
    uintx ReservedCodeCacheSize                    = 251658240                              {pd product} {ergonomic}
     bool SegmentedCodeCache                       = true                                      {product} {ergonomic}
   size_t SoftMaxHeapSize                          = 4248829952                             {manageable} {ergonomic}
     bool UseCompressedClassPointers               = true                           {product lp64_product} {ergonomic}
     bool UseCompressedOops                        = true                           {product lp64_product} {ergonomic}
     bool UseG1GC                                  = true                                      {product} {ergonomic}
     bool UseLargePagesIndividualAllocation        = false                                  {pd product} {ergonomic}

Logging:
Log output configuration:
 #0: stdout all=warning uptime,level,tags
 #1: stderr all=off uptime,level,tags

Environment Variables:
JAVA_HOME=D:\software\jdk-17.0.4.1
PATH=D:\VMware\VMware Workstation\bin\;C:\Program Files\Common Files\Oracle\Java\javapath;C:\windows\system32;C:\windows;C:\windows\System32\Wbem;C:\windows\System32\WindowsPowerShell\v1.0\;C:\windows\System32\OpenSSH\;C:\Program Files (x86)\NVIDIA Corporation\PhysX\Common;%path%;C:\WINDOWS\system32;C:\WINDOWS;C:\WINDOWS\system32\WBEM;C:\WINDOWS\System32\WindowsPowerShell\v1.0\;C:\WINDOWS\System32\Wbem;C:\WINDOWS\System32\OpenSSH\;D:\software\jdk-17.0.4.1\bin;D:\software\jdk-17.0.4.1\jre\bin;D:\software\Git\cmd;D:\software\MinGW\bin;D:\software\Anaconda3;D:\software\Anaconda3\Scripts;D:\software\Anaconda3\Library\bin;D:\software\Anaconda3\Library\mingw-w64\bin;D:\software\MATLAB\R2022a\bin;D:\software\apache-maven-3.9.0-bin\apache-maven-3.9.0\bin;D:\software\erl9.2\bin;D:\software\Xshell 7\;C:\Users\admin\AppData\Local\Microsoft\WindowsApps;D:\software\cpolar\;D:\software\texlive\2022\bin\win32
USERNAME=admin
OS=Windows_NT
PROCESSOR_IDENTIFIER=Intel64 Family 6 Model 165 Stepping 5, GenuineIntel



---------------  S Y S T E M  ---------------

OS:
 Windows 10 , 64 bit Build 19041 (10.0.19041.2788)
OS uptime: 10 days 22:26 hours

CPU: total 16 (initial active 16) (8 cores per cpu, 2 threads per core) family 6 model 165 stepping 5 microcode 0xca, cx8, cmov, fxsr, ht, mmx, 3dnowpref, sse, sse2, sse3, ssse3, sse4.1, sse4.2, popcnt, lzcnt, tsc, tscinvbit, avx, avx2, aes, erms, clmul, bmi1, bmi2, adx, fma, vzeroupper, clflush, clflushopt

Memory: 4k page, system-wide physical 16206M (581M free)
TotalPageFile size 46615M (AvailPageFile size 1M)
current process WorkingSet (physical memory assigned to process): 137M, peak: 139M
current process commit charge ("private bytes"): 418M, peak: 420M

vm_info: Java HotSpot(TM) 64-Bit Server VM (17.0.4.1+1-LTS-2) for windows-amd64 JRE (17.0.4.1+1-LTS-2), built on Aug 16 2022 18:32:06 by "mach5one" with MS VC++ 16.8 / 16.9 (VS2019)

END.
