#
# There is insufficient memory for the Java Runtime Environment to continue.
# Native memory allocation (malloc) failed to allocate 32744 bytes for ChunkPool::allocate
# Possible reasons:
#   The system is out of physical RAM or swap space
#   The process is running with CompressedOops enabled, and the Java Heap may be blocking the growth of the native heap
# Possible solutions:
#   Reduce memory load on the system
#   Increase physical memory or swap space
#   Check if swap backing store is full
#   Decrease Java heap size (-Xmx/-Xms)
#   Decrease number of Java threads
#   Decrease Java thread stack sizes (-Xss)
#   Set larger code cache with -XX:ReservedCodeCacheSize=
#   JVM is running with Zero Based Compressed Oops mode in which the Java heap is
#     placed in the first 32GB address space. The Java Heap base address is the
#     maximum limit for the native heap growth. Please use -XX:HeapBaseMinAddress
#     to set the Java Heap base and to place the Java Heap above 32GB virtual address.
# This output file may be truncated or incomplete.
#
#  Out of Memory Error (arena.cpp:78), pid=10936, tid=19652
#
# JRE version: Java(TM) SE Runtime Environment (17.0.4.1+1) (build 17.0.4.1+1-LTS-2)
# Java VM: Java HotSpot(TM) 64-Bit Server VM (17.0.4.1+1-LTS-2, mixed mode, sharing, tiered, compressed oops, compressed class ptrs, g1 gc, windows-amd64)
# No core dump will be written. Minidumps are not enabled by default on client versions of Windows
#

---------------  S U M M A R Y ------------

Command Line: -ea -Didea.test.cyclic.buffer.size=4194304 -javaagent:D:\software\JetBrains\IntelliJ IDEA 2021.3.1\lib\idea_rt.jar=58596:D:\software\JetBrains\IntelliJ IDEA 2021.3.1\bin -Dfile.encoding=UTF-8 com.intellij.rt.junit.JUnitStarter -ideVersion5 -junit5 com.example.banksys.model.CloseAccountTest,closeAccountLogTest

Host: Intel(R) Core(TM) i7-10700 CPU @ 2.90GHz, 16 cores, 15G,  Windows 10 , 64 bit Build 19041 (10.0.19041.2788)
Time: Fri May 12 13:46:30 2023  Windows 10 , 64 bit Build 19041 (10.0.19041.2788) elapsed time: 0.812264 seconds (0d 0h 0m 0s)

---------------  T H R E A D  ---------------

Current thread (0x00000275977f5840):  JavaThread "main" [_thread_in_vm, id=19652, stack(0x000000a807e00000,0x000000a807f00000)]

Stack: [0x000000a807e00000,0x000000a807f00000]
Native frames: (J=compiled Java code, j=interpreted, Vv=VM code, C=native code)
V  [jvm.dll+0x6723ba]
V  [jvm.dll+0x7d1e34]
V  [jvm.dll+0x7d35de]
V  [jvm.dll+0x7d3c43]
V  [jvm.dll+0x243065]
V  [jvm.dll+0xaa7c0]
V  [jvm.dll+0xaab0c]
V  [jvm.dll+0x1e6665]
V  [jvm.dll+0x1e9393]
V  [jvm.dll+0x1de891]
V  [jvm.dll+0x538bb0]
V  [jvm.dll+0x74c978]
V  [jvm.dll+0x74ca64]
V  [jvm.dll+0x409485]
V  [jvm.dll+0x40f4d8]
C  [java.dll+0x17ec]

Java frames: (J=compiled Java code, j=interpreted, Vv=VM code)
J 969  java.lang.ClassLoader.defineClass1(Ljava/lang/ClassLoader;Ljava/lang/String;[BIILjava/security/ProtectionDomain;Ljava/lang/String;)Ljava/lang/Class; java.base@17.0.4.1 (0 bytes) @ 0x00000275a6c4fce3 [0x00000275a6c4fc20+0x00000000000000c3]
J 1240 c1 java.lang.ClassLoader.defineClass(Ljava/lang/String;[BIILjava/security/ProtectionDomain;)Ljava/lang/Class; java.base@17.0.4.1 (43 bytes) @ 0x000002759fa0a35c [0x000002759fa0a000+0x000000000000035c]
J 995 c1 java.security.SecureClassLoader.defineClass(Ljava/lang/String;[BIILjava/security/CodeSource;)Ljava/lang/Class; java.base@17.0.4.1 (16 bytes) @ 0x000002759f97018c [0x000002759f9700c0+0x00000000000000cc]
J 1154 c1 jdk.internal.loader.BuiltinClassLoader.defineClass(Ljava/lang/String;Ljdk/internal/loader/Resource;)Ljava/lang/Class; java.base@17.0.4.1 (121 bytes) @ 0x000002759f9c3674 [0x000002759f9c2700+0x0000000000000f74]
J 946 c1 jdk.internal.loader.BuiltinClassLoader.findClassOnClassPathOrNull(Ljava/lang/String;)Ljava/lang/Class; java.base@17.0.4.1 (64 bytes) @ 0x000002759f959a64 [0x000002759f9589e0+0x0000000000001084]
J 684 c1 jdk.internal.loader.BuiltinClassLoader.loadClassOrNull(Ljava/lang/String;Z)Ljava/lang/Class; java.base@17.0.4.1 (143 bytes) @ 0x000002759f8d1cd4 [0x000002759f8d0dc0+0x0000000000000f14]
J 876 c1 jdk.internal.loader.ClassLoaders$AppClassLoader.loadClass(Ljava/lang/String;Z)Ljava/lang/Class; java.base@17.0.4.1 (40 bytes) @ 0x000002759f92f18c [0x000002759f92eb60+0x000000000000062c]
J 875 c1 java.lang.ClassLoader.loadClass(Ljava/lang/String;)Ljava/lang/Class; java.base@17.0.4.1 (7 bytes) @ 0x000002759f92dc4c [0x000002759f92db40+0x000000000000010c]
v  ~StubRoutines::call_stub
j  org.springframework.boot.test.context.SpringBootContextLoader$ContextLoaderHook.getRunListener(Lorg/springframework/boot/SpringApplication;)Lorg/springframework/boot/SpringApplicationRunListener;+0
j  org.springframework.boot.SpringApplication.getRunListeners([Ljava/lang/String;)Lorg/springframework/boot/SpringApplicationRunListeners;+46
j  org.springframework.boot.SpringApplication.run([Ljava/lang/String;)Lorg/springframework/context/ConfigurableApplicationContext;+19
j  org.springframework.boot.test.context.SpringBootContextLoader.lambda$loadContext$3(Lorg/springframework/boot/SpringApplication;[Ljava/lang/String;)Lorg/springframework/context/ConfigurableApplicationContext;+2
j  org.springframework.boot.test.context.SpringBootContextLoader$$Lambda$476+0x0000000800d70cd0.getWithException()Ljava/lang/Object;+8
j  org.springframework.util.function.ThrowingSupplier.get(Ljava/util/function/BiFunction;)Ljava/lang/Object;+1
j  org.springframework.util.function.ThrowingSupplier.get()Ljava/lang/Object;+6
j  org.springframework.boot.SpringApplication.withHook(Lorg/springframework/boot/SpringApplicationHook;Lorg/springframework/util/function/ThrowingSupplier;)Ljava/lang/Object;+8
j  org.springframework.boot.test.context.SpringBootContextLoader$ContextLoaderHook.run(Lorg/springframework/util/function/ThrowingSupplier;)Lorg/springframework/context/ApplicationContext;+2
j  org.springframework.boot.test.context.SpringBootContextLoader.loadContext(Lorg/springframework/test/context/MergedContextConfiguration;Lorg/springframework/boot/test/context/SpringBootContextLoader$Mode;Lorg/springframework/context/ApplicationContextInitializer;)Lorg/springframework/context/ApplicationContext;+110
j  org.springframework.boot.test.context.SpringBootContextLoader.loadContext(Lorg/springframework/test/context/MergedContextConfiguration;)Lorg/springframework/context/ApplicationContext;+6
j  org.springframework.test.context.cache.DefaultCacheAwareContextLoaderDelegate.loadContextInternal(Lorg/springframework/test/context/MergedContextConfiguration;)Lorg/springframework/context/ApplicationContext;+20
j  org.springframework.test.context.cache.DefaultCacheAwareContextLoaderDelegate.loadContext(Lorg/springframework/test/context/MergedContextConfiguration;)Lorg/springframework/context/ApplicationContext;+53
j  org.springframework.test.context.support.DefaultTestContext.getApplicationContext()Lorg/springframework/context/ApplicationContext;+8
j  org.springframework.test.context.web.ServletTestExecutionListener.setUpRequestContextIfNecessary(Lorg/springframework/test/context/TestContext;)V+18
j  org.springframework.test.context.web.ServletTestExecutionListener.prepareTestInstance(Lorg/springframework/test/context/TestContext;)V+2
j  org.springframework.test.context.TestContextManager.prepareTestInstance(Ljava/lang/Object;)V+71
j  org.springframework.test.context.junit.jupiter.SpringExtension.postProcessTestInstance(Ljava/lang/Object;Lorg/junit/jupiter/api/extension/ExtensionContext;)V+10
j  org.junit.jupiter.engine.descriptor.ClassBasedTestDescriptor.lambda$invokeTestInstancePostProcessors$10(Lorg/junit/jupiter/api/extension/TestInstancePostProcessor;Ljava/lang/Object;Lorg/junit/jupiter/api/extension/ExtensionContext;)V+3
j  org.junit.jupiter.engine.descriptor.ClassBasedTestDescriptor$$Lambda$465+0x0000000800d659f8.execute()V+12
j  org.junit.jupiter.engine.descriptor.ClassBasedTestDescriptor.executeAndMaskThrowable(Lorg/junit/jupiter/api/function/Executable;)V+1
j  org.junit.jupiter.engine.descriptor.ClassBasedTestDescriptor.lambda$invokeTestInstancePostProcessors$11(Ljava/lang/Object;Lorg/junit/jupiter/api/extension/ExtensionContext;Lorg/junit/jupiter/api/extension/TestInstancePostProcessor;)V+9
j  org.junit.jupiter.engine.descriptor.ClassBasedTestDescriptor$$Lambda$464+0x0000000800d655d0.accept(Ljava/lang/Object;)V+16
j  java.util.stream.StreamSpliterators$WrappingSpliterator$$Lambda$308+0x0000000800c71548.accept(Ljava/lang/Object;)V+5 java.base@17.0.4.1
J 1435 c1 java.util.stream.ReferencePipeline$3$1.accept(Ljava/lang/Object;)V java.base@17.0.4.1 (23 bytes) @ 0x000002759fa6fb14 [0x000002759fa6f940+0x00000000000001d4]
J 1045 c1 java.util.stream.ReferencePipeline$2$1.accept(Ljava/lang/Object;)V java.base@17.0.4.1 (27 bytes) @ 0x000002759f98d6dc [0x000002759f98d4c0+0x000000000000021c]
j  java.util.ArrayList$ArrayListSpliterator.forEachRemaining(Ljava/util/function/Consumer;)V+95 java.base@17.0.4.1
J 1456 c1 java.util.stream.AbstractPipeline.copyInto(Ljava/util/stream/Sink;Ljava/util/Spliterator;)V java.base@17.0.4.1 (54 bytes) @ 0x000002759fa7bdb4 [0x000002759fa7b9c0+0x00000000000003f4]
J 1455 c1 java.util.stream.AbstractPipeline.wrapAndCopyInto(Ljava/util/stream/Sink;Ljava/util/Spliterator;)Ljava/util/stream/Sink; java.base@17.0.4.1 (18 bytes) @ 0x000002759fa7b41c [0x000002759fa7b1e0+0x000000000000023c]
j  java.util.stream.StreamSpliterators$WrappingSpliterator.forEachRemaining(Ljava/util/function/Consumer;)V+42 java.base@17.0.4.1
j  java.util.stream.Streams$ConcatSpliterator.forEachRemaining(Ljava/util/function/Consumer;)V+22 java.base@17.0.4.1
j  java.util.stream.Streams$ConcatSpliterator.forEachRemaining(Ljava/util/function/Consumer;)V+12 java.base@17.0.4.1
j  java.util.stream.ReferencePipeline$Head.forEach(Ljava/util/function/Consumer;)V+12 java.base@17.0.4.1
j  org.junit.jupiter.engine.descriptor.ClassBasedTestDescriptor.invokeTestInstancePostProcessors(Ljava/lang/Object;Lorg/junit/jupiter/engine/extension/ExtensionRegistry;Lorg/junit/jupiter/api/extension/ExtensionContext;)V+17
j  org.junit.jupiter.engine.descriptor.ClassBasedTestDescriptor.lambda$instantiateAndPostProcessTestInstance$6(Lorg/junit/jupiter/api/extension/TestInstances;Lorg/junit/jupiter/engine/extension/ExtensionRegistry;Lorg/junit/jupiter/api/extension/ExtensionContext;Lorg/junit/jupiter/engine/extension/ExtensionRegistrar;)V+9
j  org.junit.jupiter.engine.descriptor.ClassBasedTestDescriptor$$Lambda$463+0x0000000800d653b0.execute()V+20
j  org.junit.platform.engine.support.hierarchical.ThrowableCollector.execute(Lorg/junit/platform/engine/support/hierarchical/ThrowableCollector$Executable;)V+1
j  org.junit.jupiter.engine.descriptor.ClassBasedTestDescriptor.instantiateAndPostProcessTestInstance(Lorg/junit/jupiter/engine/execution/JupiterEngineExecutionContext;Lorg/junit/jupiter/api/extension/ExtensionContext;Lorg/junit/jupiter/engine/extension/ExtensionRegistry;Lorg/junit/jupiter/engine/extension/ExtensionRegistrar;Lorg/junit/platform/engine/support/hierarchical/ThrowableCollector;)Lorg/junit/jupiter/api/extension/TestInstances;+27
j  org.junit.jupiter.engine.descriptor.ClassBasedTestDescriptor.lambda$testInstancesProvider$4(Lorg/junit/jupiter/engine/execution/JupiterEngineExecutionContext;Lorg/junit/jupiter/engine/descriptor/ClassExtensionContext;Lorg/junit/jupiter/engine/extension/ExtensionRegistry;Lorg/junit/jupiter/engine/extension/ExtensionRegistrar;Lorg/junit/platform/engine/support/hierarchical/ThrowableCollector;)Lorg/junit/jupiter/api/extension/TestInstances;+8
j  org.junit.jupiter.engine.descriptor.ClassBasedTestDescriptor$$Lambda$457+0x0000000800d5f1f0.get()Ljava/lang/Object;+24
j  java.util.Optional.orElseGet(Ljava/util/function/Supplier;)Ljava/lang/Object;+15 java.base@17.0.4.1
j  org.junit.jupiter.engine.descriptor.ClassBasedTestDescriptor.lambda$testInstancesProvider$5(Lorg/junit/jupiter/engine/descriptor/ClassExtensionContext;Lorg/junit/jupiter/engine/execution/JupiterEngineExecutionContext;Lorg/junit/jupiter/engine/extension/ExtensionRegistry;Lorg/junit/jupiter/engine/extension/ExtensionRegistrar;Lorg/junit/platform/engine/support/hierarchical/ThrowableCollector;)Lorg/junit/jupiter/api/extension/TestInstances;+17
j  org.junit.jupiter.engine.descriptor.ClassBasedTestDescriptor$$Lambda$328+0x0000000800cb5cc0.getTestInstances(Lorg/junit/jupiter/engine/extension/ExtensionRegistry;Lorg/junit/jupiter/engine/extension/ExtensionRegistrar;Lorg/junit/platform/engine/support/hierarchical/ThrowableCollector;)Lorg/junit/jupiter/api/extension/TestInstances;+15
j  org.junit.jupiter.engine.execution.TestInstancesProvider.getTestInstances(Lorg/junit/jupiter/engine/extension/MutableExtensionRegistry;Lorg/junit/platform/engine/support/hierarchical/ThrowableCollector;)Lorg/junit/jupiter/api/extension/TestInstances;+4
j  org.junit.jupiter.engine.descriptor.TestMethodTestDescriptor.lambda$prepare$0(Lorg/junit/jupiter/engine/execution/JupiterEngineExecutionContext;Lorg/junit/jupiter/engine/extension/MutableExtensionRegistry;Lorg/junit/platform/engine/support/hierarchical/ThrowableCollector;Lorg/junit/jupiter/engine/descriptor/MethodExtensionContext;)V+6
j  org.junit.jupiter.engine.descriptor.TestMethodTestDescriptor$$Lambda$456+0x0000000800d5efd0.execute()V+16
j  org.junit.platform.engine.support.hierarchical.ThrowableCollector.execute(Lorg/junit/platform/engine/support/hierarchical/ThrowableCollector$Executable;)V+1
j  org.junit.jupiter.engine.descriptor.TestMethodTestDescriptor.prepare(Lorg/junit/jupiter/engine/execution/JupiterEngineExecutionContext;)Lorg/junit/jupiter/engine/execution/JupiterEngineExecutionContext;+56
j  org.junit.jupiter.engine.descriptor.TestMethodTestDescriptor.prepare(Lorg/junit/platform/engine/support/hierarchical/EngineExecutionContext;)Lorg/junit/platform/engine/support/hierarchical/EngineExecutionContext;+5
j  org.junit.platform.engine.support.hierarchical.NodeTestTask.lambda$prepare$2()V+9
j  org.junit.platform.engine.support.hierarchical.NodeTestTask$$Lambda$268+0x0000000800ca6e60.execute()V+4
j  org.junit.platform.engine.support.hierarchical.ThrowableCollector.execute(Lorg/junit/platform/engine/support/hierarchical/ThrowableCollector$Executable;)V+1
j  org.junit.platform.engine.support.hierarchical.NodeTestTask.prepare()V+10
j  org.junit.platform.engine.support.hierarchical.NodeTestTask.execute()V+17
j  org.junit.platform.engine.support.hierarchical.SameThreadHierarchicalTestExecutorService$$Lambda$283+0x0000000800caa050.accept(Ljava/lang/Object;)V+4
j  java.util.ArrayList.forEach(Ljava/util/function/Consumer;)V+46 java.base@17.0.4.1
j  org.junit.platform.engine.support.hierarchical.SameThreadHierarchicalTestExecutorService.invokeAll(Ljava/util/List;)V+6
j  org.junit.platform.engine.support.hierarchical.NodeTestTask.lambda$executeRecursively$6()V+116
j  org.junit.platform.engine.support.hierarchical.NodeTestTask$$Lambda$279+0x0000000800ca9560.execute()V+4
j  org.junit.platform.engine.support.hierarchical.ThrowableCollector.execute(Lorg/junit/platform/engine/support/hierarchical/ThrowableCollector$Executable;)V+1
j  org.junit.platform.engine.support.hierarchical.NodeTestTask.lambda$executeRecursively$8(Lorg/junit/platform/engine/support/hierarchical/EngineExecutionContext;)V+15
j  org.junit.platform.engine.support.hierarchical.NodeTestTask$$Lambda$278+0x0000000800ca9340.invoke(Lorg/junit/platform/engine/support/hierarchical/EngineExecutionContext;)V+5
j  org.junit.platform.engine.support.hierarchical.Node.around(Lorg/junit/platform/engine/support/hierarchical/EngineExecutionContext;Lorg/junit/platform/engine/support/hierarchical/Node$Invocation;)V+2
j  org.junit.platform.engine.support.hierarchical.NodeTestTask.lambda$executeRecursively$9()V+14
j  org.junit.platform.engine.support.hierarchical.NodeTestTask$$Lambda$277+0x0000000800ca8f28.execute()V+4
j  org.junit.platform.engine.support.hierarchical.ThrowableCollector.execute(Lorg/junit/platform/engine/support/hierarchical/ThrowableCollector$Executable;)V+1
j  org.junit.platform.engine.support.hierarchical.NodeTestTask.executeRecursively()V+31
j  org.junit.platform.engine.support.hierarchical.NodeTestTask.execute()V+55
j  org.junit.platform.engine.support.hierarchical.SameThreadHierarchicalTestExecutorService$$Lambda$283+0x0000000800caa050.accept(Ljava/lang/Object;)V+4
j  java.util.ArrayList.forEach(Ljava/util/function/Consumer;)V+46 java.base@17.0.4.1
j  org.junit.platform.engine.support.hierarchical.SameThreadHierarchicalTestExecutorService.invokeAll(Ljava/util/List;)V+6
j  org.junit.platform.engine.support.hierarchical.NodeTestTask.lambda$executeRecursively$6()V+116
j  org.junit.platform.engine.support.hierarchical.NodeTestTask$$Lambda$279+0x0000000800ca9560.execute()V+4
j  org.junit.platform.engine.support.hierarchical.ThrowableCollector.execute(Lorg/junit/platform/engine/support/hierarchical/ThrowableCollector$Executable;)V+1
j  org.junit.platform.engine.support.hierarchical.NodeTestTask.lambda$executeRecursively$8(Lorg/junit/platform/engine/support/hierarchical/EngineExecutionContext;)V+15
j  org.junit.platform.engine.support.hierarchical.NodeTestTask$$Lambda$278+0x0000000800ca9340.invoke(Lorg/junit/platform/engine/support/hierarchical/EngineExecutionContext;)V+5
j  org.junit.platform.engine.support.hierarchical.Node.around(Lorg/junit/platform/engine/support/hierarchical/EngineExecutionContext;Lorg/junit/platform/engine/support/hierarchical/Node$Invocation;)V+2
j  org.junit.platform.engine.support.hierarchical.NodeTestTask.lambda$executeRecursively$9()V+14
j  org.junit.platform.engine.support.hierarchical.NodeTestTask$$Lambda$277+0x0000000800ca8f28.execute()V+4
j  org.junit.platform.engine.support.hierarchical.ThrowableCollector.execute(Lorg/junit/platform/engine/support/hierarchical/ThrowableCollector$Executable;)V+1
j  org.junit.platform.engine.support.hierarchical.NodeTestTask.executeRecursively()V+31
j  org.junit.platform.engine.support.hierarchical.NodeTestTask.execute()V+55
j  org.junit.platform.engine.support.hierarchical.SameThreadHierarchicalTestExecutorService.submit(Lorg/junit/platform/engine/support/hierarchical/HierarchicalTestExecutorService$TestTask;)Ljava/util/concurrent/Future;+1
j  org.junit.platform.engine.support.hierarchical.HierarchicalTestExecutor.execute()Ljava/util/concurrent/Future;+74
j  org.junit.platform.engine.support.hierarchical.HierarchicalTestEngine.execute(Lorg/junit/platform/engine/ExecutionRequest;)V+31
j  org.junit.platform.launcher.core.EngineExecutionOrchestrator.execute(Lorg/junit/platform/engine/TestDescriptor;Lorg/junit/platform/engine/EngineExecutionListener;Lorg/junit/platform/engine/ConfigurationParameters;Lorg/junit/platform/engine/TestEngine;)V+24
j  org.junit.platform.launcher.core.EngineExecutionOrchestrator.execute(Lorg/junit/platform/launcher/core/LauncherDiscoveryResult;Lorg/junit/platform/engine/EngineExecutionListener;)V+100
j  org.junit.platform.launcher.core.EngineExecutionOrchestrator.execute(Lorg/junit/platform/launcher/core/InternalTestPlan;Lorg/junit/platform/engine/EngineExecutionListener;Lorg/junit/platform/launcher/TestExecutionListener;)V+63
j  org.junit.platform.launcher.core.EngineExecutionOrchestrator.lambda$execute$0(Lorg/junit/platform/launcher/core/InternalTestPlan;Lorg/junit/platform/launcher/TestExecutionListener;)V+6
j  org.junit.platform.launcher.core.EngineExecutionOrchestrator$$Lambda$216+0x0000000800c936a0.accept(Ljava/lang/Object;)V+12
j  org.junit.platform.launcher.core.EngineExecutionOrchestrator.withInterceptedStreams(Lorg/junit/platform/engine/ConfigurationParameters;Lorg/junit/platform/launcher/core/ListenerRegistry;Ljava/util/function/Consumer;)V+51
j  org.junit.platform.launcher.core.EngineExecutionOrchestrator.execute(Lorg/junit/platform/launcher/core/InternalTestPlan;[Lorg/junit/platform/launcher/TestExecutionListener;)V+23
j  org.junit.platform.launcher.core.DefaultLauncher.execute(Lorg/junit/platform/launcher/core/InternalTestPlan;[Lorg/junit/platform/launcher/TestExecutionListener;)V+6
j  org.junit.platform.launcher.core.DefaultLauncher.execute(Lorg/junit/platform/launcher/LauncherDiscoveryRequest;[Lorg/junit/platform/launcher/TestExecutionListener;)V+34
j  org.junit.platform.launcher.core.DefaultLauncherSession$DelegatingLauncher.execute(Lorg/junit/platform/launcher/LauncherDiscoveryRequest;[Lorg/junit/platform/launcher/TestExecutionListener;)V+6
j  org.junit.platform.launcher.core.SessionPerRequestLauncher.execute(Lorg/junit/platform/launcher/LauncherDiscoveryRequest;[Lorg/junit/platform/launcher/TestExecutionListener;)V+13
j  com.intellij.junit5.JUnit5IdeaTestRunner.startRunnerWithArgs([Ljava/lang/String;Ljava/lang/String;IZ)I+202
j  com.intellij.rt.junit.IdeaTestRunner$Repeater$1.execute(Z)I+17
j  com.intellij.rt.execution.junit.TestsRepeater.repeat(IZLcom/intellij/rt/execution/junit/TestsRepeater$TestRun;)I+7
j  com.intellij.rt.junit.IdeaTestRunner$Repeater.startRunnerWithArgs(Lcom/intellij/rt/junit/IdeaTestRunner;[Ljava/lang/String;Ljava/util/ArrayList;Ljava/lang/String;IZ)I+25
j  com.intellij.rt.junit.JUnitStarter.prepareStreamsAndStart([Ljava/lang/String;Ljava/lang/String;Ljava/util/ArrayList;Ljava/lang/String;)I+116
j  com.intellij.rt.junit.JUnitStarter.main([Ljava/lang/String;)V+97
v  ~StubRoutines::call_stub

---------------  P R O C E S S  ---------------

Threads class SMR info:
_java_thread_list=0x00000275bb1eb740, length=18, elements={
0x00000275977f5840, 0x00000275bb032060, 0x00000275bb033ee0, 0x00000275bb04fbc0,
0x00000275bb052680, 0x00000275bb053030, 0x00000275bb0539e0, 0x00000275bb0546c0,
0x00000275bb060670, 0x00000275bb063070, 0x00000275bb15df40, 0x00000275bb15f660,
0x00000275bb160a80, 0x00000275bb1635e0, 0x00000275bb1bd0a0, 0x00000275bb293170,
0x00000275bb293640, 0x00000275bb3824b0
}

Java Threads: ( => current thread )
=>0x00000275977f5840 JavaThread "main" [_thread_in_vm, id=19652, stack(0x000000a807e00000,0x000000a807f00000)]
  0x00000275bb032060 JavaThread "Reference Handler" daemon [_thread_blocked, id=18704, stack(0x000000a808500000,0x000000a808600000)]
  0x00000275bb033ee0 JavaThread "Finalizer" daemon [_thread_blocked, id=30108, stack(0x000000a808600000,0x000000a808700000)]
  0x00000275bb04fbc0 JavaThread "Signal Dispatcher" daemon [_thread_blocked, id=16472, stack(0x000000a808700000,0x000000a808800000)]
  0x00000275bb052680 JavaThread "Attach Listener" daemon [_thread_blocked, id=26988, stack(0x000000a808800000,0x000000a808900000)]
  0x00000275bb053030 JavaThread "Service Thread" daemon [_thread_blocked, id=17600, stack(0x000000a808900000,0x000000a808a00000)]
  0x00000275bb0539e0 JavaThread "Monitor Deflation Thread" daemon [_thread_blocked, id=28764, stack(0x000000a808a00000,0x000000a808b00000)]
  0x00000275bb0546c0 JavaThread "C2 CompilerThread0" daemon [_thread_blocked, id=27344, stack(0x000000a808b00000,0x000000a808c00000)]
  0x00000275bb060670 JavaThread "C1 CompilerThread0" daemon [_thread_blocked, id=7636, stack(0x000000a808c00000,0x000000a808d00000)]
  0x00000275bb063070 JavaThread "Sweeper thread" daemon [_thread_blocked, id=29772, stack(0x000000a808d00000,0x000000a808e00000)]
  0x00000275bb15df40 JavaThread "Common-Cleaner" daemon [_thread_blocked, id=24184, stack(0x000000a808e00000,0x000000a808f00000)]
  0x00000275bb15f660 JavaThread "C1 CompilerThread1" daemon [_thread_in_native, id=15328, stack(0x000000a808f00000,0x000000a809000000)]
  0x00000275bb160a80 JavaThread "C1 CompilerThread2" daemon [_thread_blocked, id=9352, stack(0x000000a809000000,0x000000a809100000)]
  0x00000275bb1635e0 JavaThread "C1 CompilerThread3" daemon [_thread_blocked, id=28132, stack(0x000000a809100000,0x000000a809200000)]
  0x00000275bb1bd0a0 JavaThread "C2 CompilerThread1" daemon [_thread_in_native, id=30684, stack(0x000000a809200000,0x000000a809300000)]
  0x00000275bb293170 JavaThread "Monitor Ctrl-Break" daemon [_thread_in_native, id=23720, stack(0x000000a809300000,0x000000a809400000)]
  0x00000275bb293640 JavaThread "Notification Thread" daemon [_thread_blocked, id=5620, stack(0x000000a809400000,0x000000a809500000)]
  0x00000275bb3824b0 JavaThread "C2 CompilerThread2" daemon [_thread_in_native, id=23784, stack(0x000000a809600000,0x000000a809700000)]

Other Threads:
  0x00000275bb02e470 VMThread "VM Thread" [stack: 0x000000a808400000,0x000000a808500000] [id=30248]
  0x00000275bb262f20 WatcherThread [stack: 0x000000a809500000,0x000000a809600000] [id=28928]
  0x000002759785f210 GCTaskThread "GC Thread#0" [stack: 0x000000a807f00000,0x000000a808000000] [id=14132]
  0x00000275bca5be00 GCTaskThread "GC Thread#1" [stack: 0x000000a809700000,0x000000a809800000] [id=26252]
  0x00000275bc99f120 GCTaskThread "GC Thread#2" [stack: 0x000000a809800000,0x000000a809900000] [id=2424]
  0x00000275bc99f3d0 GCTaskThread "GC Thread#3" [stack: 0x000000a809900000,0x000000a809a00000] [id=21880]
  0x00000275bc99fa90 GCTaskThread "GC Thread#4" [stack: 0x000000a809a00000,0x000000a809b00000] [id=1112]
  0x00000275bcd692b0 GCTaskThread "GC Thread#5" [stack: 0x000000a809b00000,0x000000a809c00000] [id=4056]
  0x00000275bcf37360 GCTaskThread "GC Thread#6" [stack: 0x000000a809c00000,0x000000a809d00000] [id=19712]
  0x00000275bd0fc0e0 GCTaskThread "GC Thread#7" [stack: 0x000000a809d00000,0x000000a809e00000] [id=12604]
  0x0000027597871eb0 ConcurrentGCThread "G1 Main Marker" [stack: 0x000000a808000000,0x000000a808100000] [id=9640]
  0x0000027597874070 ConcurrentGCThread "G1 Conc#0" [stack: 0x000000a808100000,0x000000a808200000] [id=23608]
  0x00000275978bd950 ConcurrentGCThread "G1 Refine#0" [stack: 0x000000a808200000,0x000000a808300000] [id=15280]
  0x00000275978be370 ConcurrentGCThread "G1 Service" [stack: 0x000000a808300000,0x000000a808400000] [id=30396]

Threads with active compile tasks:
C1 CompilerThread1      829 1891       3       java.lang.invoke.MethodHandleImpl::makePairwiseConvertByEditor (627 bytes)
C2 CompilerThread1      829 1762       4       jdk.internal.org.objectweb.asm.Frame::execute (2305 bytes)
C2 CompilerThread2      829 1844 %     4       java.io.WinNTFileSystem::normalize @ 22 (143 bytes)

VM state: not at safepoint (normal execution)

VM Mutex/Monitor currently owned by a thread: None

Heap address: 0x0000000702c00000, size: 4052 MB, Compressed Oops mode: Zero based, Oop shift amount: 3

CDS archive(s) mapped at: [0x0000000800000000-0x0000000800bc0000-0x0000000800bc0000), size 12320768, SharedBaseAddress: 0x0000000800000000, ArchiveRelocationMode: 0.
Compressed class space mapped at: 0x0000000800c00000-0x0000000840c00000, reserved size: 1073741824
Narrow klass base: 0x0000000800000000, Narrow klass shift: 0, Narrow klass range: 0x100000000

GC Precious Log:
 CPUs: 16 total, 16 available
 Memory: 16206M
 Large Page Support: Disabled
 NUMA Support: Disabled
 Compressed Oops: Enabled (Zero based)
 Heap Region Size: 2M
 Heap Min Capacity: 8M
 Heap Initial Capacity: 254M
 Heap Max Capacity: 4052M
 Pre-touch: Disabled
 Parallel Workers: 13
 Concurrent Workers: 3
 Concurrent Refinement Workers: 13
 Periodic GC: Disabled

Heap:
 garbage-first heap   total 260096K, used 10476K [0x0000000702c00000, 0x0000000800000000)
  region size 2048K, 4 young (8192K), 2 survivors (4096K)
 Metaspace       used 10864K, committed 11072K, reserved 1064960K
  class space    used 1415K, committed 1536K, reserved 1048576K

Heap Regions: E=young(eden), S=young(survivor), O=old, HS=humongous(starts), HC=humongous(continues), CS=collection set, F=free, OA=open archive, CA=closed archive, TAMS=top-at-mark-start (previous, next)
|   0|0x0000000702c00000, 0x0000000702e00000, 0x0000000702e00000|100%| O|  |TAMS 0x0000000702c00000, 0x0000000702c00000| Untracked 
|   1|0x0000000702e00000, 0x0000000703000000, 0x0000000703000000|100%| O|  |TAMS 0x0000000702e00000, 0x0000000702e00000| Untracked 
|   2|0x0000000703000000, 0x0000000703200000, 0x0000000703200000|100%| O|  |TAMS 0x0000000703000000, 0x0000000703000000| Untracked 
|   3|0x0000000703200000, 0x000000070321ca00, 0x0000000703400000|  5%| O|  |TAMS 0x0000000703200000, 0x0000000703200000| Untracked 
|   4|0x0000000703400000, 0x0000000703400000, 0x0000000703600000|  0%| F|  |TAMS 0x0000000703400000, 0x0000000703400000| Untracked 
|   5|0x0000000703600000, 0x0000000703600000, 0x0000000703800000|  0%| F|  |TAMS 0x0000000703600000, 0x0000000703600000| Untracked 
|   6|0x0000000703800000, 0x0000000703800000, 0x0000000703a00000|  0%| F|  |TAMS 0x0000000703800000, 0x0000000703800000| Untracked 
|   7|0x0000000703a00000, 0x0000000703a00000, 0x0000000703c00000|  0%| F|  |TAMS 0x0000000703a00000, 0x0000000703a00000| Untracked 
|   8|0x0000000703c00000, 0x0000000703c00000, 0x0000000703e00000|  0%| F|  |TAMS 0x0000000703c00000, 0x0000000703c00000| Untracked 
|   9|0x0000000703e00000, 0x0000000703e00000, 0x0000000704000000|  0%| F|  |TAMS 0x0000000703e00000, 0x0000000703e00000| Untracked 
|  10|0x0000000704000000, 0x0000000704000000, 0x0000000704200000|  0%| F|  |TAMS 0x0000000704000000, 0x0000000704000000| Untracked 
|  11|0x0000000704200000, 0x0000000704200000, 0x0000000704400000|  0%| F|  |TAMS 0x0000000704200000, 0x0000000704200000| Untracked 
|  12|0x0000000704400000, 0x0000000704400000, 0x0000000704600000|  0%| F|  |TAMS 0x0000000704400000, 0x0000000704400000| Untracked 
|  13|0x0000000704600000, 0x0000000704600000, 0x0000000704800000|  0%| F|  |TAMS 0x0000000704600000, 0x0000000704600000| Untracked 
|  14|0x0000000704800000, 0x0000000704800000, 0x0000000704a00000|  0%| F|  |TAMS 0x0000000704800000, 0x0000000704800000| Untracked 
|  15|0x0000000704a00000, 0x0000000704a00000, 0x0000000704c00000|  0%| F|  |TAMS 0x0000000704a00000, 0x0000000704a00000| Untracked 
|  16|0x0000000704c00000, 0x0000000704c00000, 0x0000000704e00000|  0%| F|  |TAMS 0x0000000704c00000, 0x0000000704c00000| Untracked 
|  17|0x0000000704e00000, 0x0000000704e00000, 0x0000000705000000|  0%| F|  |TAMS 0x0000000704e00000, 0x0000000704e00000| Untracked 
|  18|0x0000000705000000, 0x0000000705000000, 0x0000000705200000|  0%| F|  |TAMS 0x0000000705000000, 0x0000000705000000| Untracked 
|  19|0x0000000705200000, 0x0000000705200000, 0x0000000705400000|  0%| F|  |TAMS 0x0000000705200000, 0x0000000705200000| Untracked 
|  20|0x0000000705400000, 0x0000000705400000, 0x0000000705600000|  0%| F|  |TAMS 0x0000000705400000, 0x0000000705400000| Untracked 
|  21|0x0000000705600000, 0x0000000705600000, 0x0000000705800000|  0%| F|  |TAMS 0x0000000705600000, 0x0000000705600000| Untracked 
|  22|0x0000000705800000, 0x0000000705800000, 0x0000000705a00000|  0%| F|  |TAMS 0x0000000705800000, 0x0000000705800000| Untracked 
|  23|0x0000000705a00000, 0x0000000705a00000, 0x0000000705c00000|  0%| F|  |TAMS 0x0000000705a00000, 0x0000000705a00000| Untracked 
|  24|0x0000000705c00000, 0x0000000705c00000, 0x0000000705e00000|  0%| F|  |TAMS 0x0000000705c00000, 0x0000000705c00000| Untracked 
|  25|0x0000000705e00000, 0x0000000705e00000, 0x0000000706000000|  0%| F|  |TAMS 0x0000000705e00000, 0x0000000705e00000| Untracked 
|  26|0x0000000706000000, 0x0000000706000000, 0x0000000706200000|  0%| F|  |TAMS 0x0000000706000000, 0x0000000706000000| Untracked 
|  27|0x0000000706200000, 0x0000000706200000, 0x0000000706400000|  0%| F|  |TAMS 0x0000000706200000, 0x0000000706200000| Untracked 
|  28|0x0000000706400000, 0x0000000706400000, 0x0000000706600000|  0%| F|  |TAMS 0x0000000706400000, 0x0000000706400000| Untracked 
|  29|0x0000000706600000, 0x0000000706600000, 0x0000000706800000|  0%| F|  |TAMS 0x0000000706600000, 0x0000000706600000| Untracked 
|  30|0x0000000706800000, 0x0000000706800000, 0x0000000706a00000|  0%| F|  |TAMS 0x0000000706800000, 0x0000000706800000| Untracked 
|  31|0x0000000706a00000, 0x0000000706a00000, 0x0000000706c00000|  0%| F|  |TAMS 0x0000000706a00000, 0x0000000706a00000| Untracked 
|  32|0x0000000706c00000, 0x0000000706c00000, 0x0000000706e00000|  0%| F|  |TAMS 0x0000000706c00000, 0x0000000706c00000| Untracked 
|  33|0x0000000706e00000, 0x0000000706e00000, 0x0000000707000000|  0%| F|  |TAMS 0x0000000706e00000, 0x0000000706e00000| Untracked 
|  34|0x0000000707000000, 0x0000000707000000, 0x0000000707200000|  0%| F|  |TAMS 0x0000000707000000, 0x0000000707000000| Untracked 
|  35|0x0000000707200000, 0x0000000707200000, 0x0000000707400000|  0%| F|  |TAMS 0x0000000707200000, 0x0000000707200000| Untracked 
|  36|0x0000000707400000, 0x0000000707400000, 0x0000000707600000|  0%| F|  |TAMS 0x0000000707400000, 0x0000000707400000| Untracked 
|  37|0x0000000707600000, 0x0000000707600000, 0x0000000707800000|  0%| F|  |TAMS 0x0000000707600000, 0x0000000707600000| Untracked 
|  38|0x0000000707800000, 0x0000000707800000, 0x0000000707a00000|  0%| F|  |TAMS 0x0000000707800000, 0x0000000707800000| Untracked 
|  39|0x0000000707a00000, 0x0000000707a00000, 0x0000000707c00000|  0%| F|  |TAMS 0x0000000707a00000, 0x0000000707a00000| Untracked 
|  40|0x0000000707c00000, 0x0000000707c00000, 0x0000000707e00000|  0%| F|  |TAMS 0x0000000707c00000, 0x0000000707c00000| Untracked 
|  41|0x0000000707e00000, 0x0000000707e00000, 0x0000000708000000|  0%| F|  |TAMS 0x0000000707e00000, 0x0000000707e00000| Untracked 
|  42|0x0000000708000000, 0x0000000708000000, 0x0000000708200000|  0%| F|  |TAMS 0x0000000708000000, 0x0000000708000000| Untracked 
|  43|0x0000000708200000, 0x0000000708200000, 0x0000000708400000|  0%| F|  |TAMS 0x0000000708200000, 0x0000000708200000| Untracked 
|  44|0x0000000708400000, 0x0000000708400000, 0x0000000708600000|  0%| F|  |TAMS 0x0000000708400000, 0x0000000708400000| Untracked 
|  45|0x0000000708600000, 0x0000000708600000, 0x0000000708800000|  0%| F|  |TAMS 0x0000000708600000, 0x0000000708600000| Untracked 
|  46|0x0000000708800000, 0x0000000708800000, 0x0000000708a00000|  0%| F|  |TAMS 0x0000000708800000, 0x0000000708800000| Untracked 
|  47|0x0000000708a00000, 0x0000000708a00000, 0x0000000708c00000|  0%| F|  |TAMS 0x0000000708a00000, 0x0000000708a00000| Untracked 
|  48|0x0000000708c00000, 0x0000000708c00000, 0x0000000708e00000|  0%| F|  |TAMS 0x0000000708c00000, 0x0000000708c00000| Untracked 
|  49|0x0000000708e00000, 0x0000000708e00000, 0x0000000709000000|  0%| F|  |TAMS 0x0000000708e00000, 0x0000000708e00000| Untracked 
|  50|0x0000000709000000, 0x0000000709000000, 0x0000000709200000|  0%| F|  |TAMS 0x0000000709000000, 0x0000000709000000| Untracked 
|  51|0x0000000709200000, 0x0000000709200000, 0x0000000709400000|  0%| F|  |TAMS 0x0000000709200000, 0x0000000709200000| Untracked 
|  52|0x0000000709400000, 0x0000000709400000, 0x0000000709600000|  0%| F|  |TAMS 0x0000000709400000, 0x0000000709400000| Untracked 
|  53|0x0000000709600000, 0x0000000709600000, 0x0000000709800000|  0%| F|  |TAMS 0x0000000709600000, 0x0000000709600000| Untracked 
|  54|0x0000000709800000, 0x0000000709800000, 0x0000000709a00000|  0%| F|  |TAMS 0x0000000709800000, 0x0000000709800000| Untracked 
|  55|0x0000000709a00000, 0x0000000709a00000, 0x0000000709c00000|  0%| F|  |TAMS 0x0000000709a00000, 0x0000000709a00000| Untracked 
|  56|0x0000000709c00000, 0x0000000709c00000, 0x0000000709e00000|  0%| F|  |TAMS 0x0000000709c00000, 0x0000000709c00000| Untracked 
|  57|0x0000000709e00000, 0x0000000709e00000, 0x000000070a000000|  0%| F|  |TAMS 0x0000000709e00000, 0x0000000709e00000| Untracked 
|  58|0x000000070a000000, 0x000000070a000000, 0x000000070a200000|  0%| F|  |TAMS 0x000000070a000000, 0x000000070a000000| Untracked 
|  59|0x000000070a200000, 0x000000070a200000, 0x000000070a400000|  0%| F|  |TAMS 0x000000070a200000, 0x000000070a200000| Untracked 
|  60|0x000000070a400000, 0x000000070a400000, 0x000000070a600000|  0%| F|  |TAMS 0x000000070a400000, 0x000000070a400000| Untracked 
|  61|0x000000070a600000, 0x000000070a600000, 0x000000070a800000|  0%| F|  |TAMS 0x000000070a600000, 0x000000070a600000| Untracked 
|  62|0x000000070a800000, 0x000000070a800000, 0x000000070aa00000|  0%| F|  |TAMS 0x000000070a800000, 0x000000070a800000| Untracked 
|  63|0x000000070aa00000, 0x000000070aa00000, 0x000000070ac00000|  0%| F|  |TAMS 0x000000070aa00000, 0x000000070aa00000| Untracked 
|  64|0x000000070ac00000, 0x000000070ac00000, 0x000000070ae00000|  0%| F|  |TAMS 0x000000070ac00000, 0x000000070ac00000| Untracked 
|  65|0x000000070ae00000, 0x000000070ae00000, 0x000000070b000000|  0%| F|  |TAMS 0x000000070ae00000, 0x000000070ae00000| Untracked 
|  66|0x000000070b000000, 0x000000070b000000, 0x000000070b200000|  0%| F|  |TAMS 0x000000070b000000, 0x000000070b000000| Untracked 
|  67|0x000000070b200000, 0x000000070b200000, 0x000000070b400000|  0%| F|  |TAMS 0x000000070b200000, 0x000000070b200000| Untracked 
|  68|0x000000070b400000, 0x000000070b400000, 0x000000070b600000|  0%| F|  |TAMS 0x000000070b400000, 0x000000070b400000| Untracked 
|  69|0x000000070b600000, 0x000000070b600000, 0x000000070b800000|  0%| F|  |TAMS 0x000000070b600000, 0x000000070b600000| Untracked 
|  70|0x000000070b800000, 0x000000070b800000, 0x000000070ba00000|  0%| F|  |TAMS 0x000000070b800000, 0x000000070b800000| Untracked 
|  71|0x000000070ba00000, 0x000000070ba00000, 0x000000070bc00000|  0%| F|  |TAMS 0x000000070ba00000, 0x000000070ba00000| Untracked 
|  72|0x000000070bc00000, 0x000000070bc00000, 0x000000070be00000|  0%| F|  |TAMS 0x000000070bc00000, 0x000000070bc00000| Untracked 
|  73|0x000000070be00000, 0x000000070be00000, 0x000000070c000000|  0%| F|  |TAMS 0x000000070be00000, 0x000000070be00000| Untracked 
|  74|0x000000070c000000, 0x000000070c000000, 0x000000070c200000|  0%| F|  |TAMS 0x000000070c000000, 0x000000070c000000| Untracked 
|  75|0x000000070c200000, 0x000000070c200000, 0x000000070c400000|  0%| F|  |TAMS 0x000000070c200000, 0x000000070c200000| Untracked 
|  76|0x000000070c400000, 0x000000070c400000, 0x000000070c600000|  0%| F|  |TAMS 0x000000070c400000, 0x000000070c400000| Untracked 
|  77|0x000000070c600000, 0x000000070c600000, 0x000000070c800000|  0%| F|  |TAMS 0x000000070c600000, 0x000000070c600000| Untracked 
|  78|0x000000070c800000, 0x000000070c800000, 0x000000070ca00000|  0%| F|  |TAMS 0x000000070c800000, 0x000000070c800000| Untracked 
|  79|0x000000070ca00000, 0x000000070ca00000, 0x000000070cc00000|  0%| F|  |TAMS 0x000000070ca00000, 0x000000070ca00000| Untracked 
|  80|0x000000070cc00000, 0x000000070cc00000, 0x000000070ce00000|  0%| F|  |TAMS 0x000000070cc00000, 0x000000070cc00000| Untracked 
|  81|0x000000070ce00000, 0x000000070ce00000, 0x000000070d000000|  0%| F|  |TAMS 0x000000070ce00000, 0x000000070ce00000| Untracked 
|  82|0x000000070d000000, 0x000000070d000000, 0x000000070d200000|  0%| F|  |TAMS 0x000000070d000000, 0x000000070d000000| Untracked 
|  83|0x000000070d200000, 0x000000070d200000, 0x000000070d400000|  0%| F|  |TAMS 0x000000070d200000, 0x000000070d200000| Untracked 
|  84|0x000000070d400000, 0x000000070d400000, 0x000000070d600000|  0%| F|  |TAMS 0x000000070d400000, 0x000000070d400000| Untracked 
|  85|0x000000070d600000, 0x000000070d600000, 0x000000070d800000|  0%| F|  |TAMS 0x000000070d600000, 0x000000070d600000| Untracked 
|  86|0x000000070d800000, 0x000000070d800000, 0x000000070da00000|  0%| F|  |TAMS 0x000000070d800000, 0x000000070d800000| Untracked 
|  87|0x000000070da00000, 0x000000070da00000, 0x000000070dc00000|  0%| F|  |TAMS 0x000000070da00000, 0x000000070da00000| Untracked 
|  88|0x000000070dc00000, 0x000000070dc00000, 0x000000070de00000|  0%| F|  |TAMS 0x000000070dc00000, 0x000000070dc00000| Untracked 
|  89|0x000000070de00000, 0x000000070de00000, 0x000000070e000000|  0%| F|  |TAMS 0x000000070de00000, 0x000000070de00000| Untracked 
|  90|0x000000070e000000, 0x000000070e000000, 0x000000070e200000|  0%| F|  |TAMS 0x000000070e000000, 0x000000070e000000| Untracked 
|  91|0x000000070e200000, 0x000000070e200000, 0x000000070e400000|  0%| F|  |TAMS 0x000000070e200000, 0x000000070e200000| Untracked 
|  92|0x000000070e400000, 0x000000070e400000, 0x000000070e600000|  0%| F|  |TAMS 0x000000070e400000, 0x000000070e400000| Untracked 
|  93|0x000000070e600000, 0x000000070e600000, 0x000000070e800000|  0%| F|  |TAMS 0x000000070e600000, 0x000000070e600000| Untracked 
|  94|0x000000070e800000, 0x000000070e800000, 0x000000070ea00000|  0%| F|  |TAMS 0x000000070e800000, 0x000000070e800000| Untracked 
|  95|0x000000070ea00000, 0x000000070ea00000, 0x000000070ec00000|  0%| F|  |TAMS 0x000000070ea00000, 0x000000070ea00000| Untracked 
|  96|0x000000070ec00000, 0x000000070ec00000, 0x000000070ee00000|  0%| F|  |TAMS 0x000000070ec00000, 0x000000070ec00000| Untracked 
|  97|0x000000070ee00000, 0x000000070ee00000, 0x000000070f000000|  0%| F|  |TAMS 0x000000070ee00000, 0x000000070ee00000| Untracked 
|  98|0x000000070f000000, 0x000000070f000000, 0x000000070f200000|  0%| F|  |TAMS 0x000000070f000000, 0x000000070f000000| Untracked 
|  99|0x000000070f200000, 0x000000070f200000, 0x000000070f400000|  0%| F|  |TAMS 0x000000070f200000, 0x000000070f200000| Untracked 
| 100|0x000000070f400000, 0x000000070f400000, 0x000000070f600000|  0%| F|  |TAMS 0x000000070f400000, 0x000000070f400000| Untracked 
| 101|0x000000070f600000, 0x000000070f600000, 0x000000070f800000|  0%| F|  |TAMS 0x000000070f600000, 0x000000070f600000| Untracked 
| 102|0x000000070f800000, 0x000000070f800000, 0x000000070fa00000|  0%| F|  |TAMS 0x000000070f800000, 0x000000070f800000| Untracked 
| 103|0x000000070fa00000, 0x000000070fa00000, 0x000000070fc00000|  0%| F|  |TAMS 0x000000070fa00000, 0x000000070fa00000| Untracked 
| 104|0x000000070fc00000, 0x000000070fc00000, 0x000000070fe00000|  0%| F|  |TAMS 0x000000070fc00000, 0x000000070fc00000| Untracked 
| 105|0x000000070fe00000, 0x000000070fe00000, 0x0000000710000000|  0%| F|  |TAMS 0x000000070fe00000, 0x000000070fe00000| Untracked 
| 106|0x0000000710000000, 0x0000000710000000, 0x0000000710200000|  0%| F|  |TAMS 0x0000000710000000, 0x0000000710000000| Untracked 
| 107|0x0000000710200000, 0x0000000710200000, 0x0000000710400000|  0%| F|  |TAMS 0x0000000710200000, 0x0000000710200000| Untracked 
| 108|0x0000000710400000, 0x0000000710400000, 0x0000000710600000|  0%| F|  |TAMS 0x0000000710400000, 0x0000000710400000| Untracked 
| 109|0x0000000710600000, 0x0000000710600000, 0x0000000710800000|  0%| F|  |TAMS 0x0000000710600000, 0x0000000710600000| Untracked 
| 110|0x0000000710800000, 0x000000071081e9f0, 0x0000000710a00000|  5%| S|CS|TAMS 0x0000000710800000, 0x0000000710800000| Complete 
| 111|0x0000000710a00000, 0x0000000710c00000, 0x0000000710c00000|100%| S|CS|TAMS 0x0000000710a00000, 0x0000000710a00000| Complete 
| 112|0x0000000710c00000, 0x0000000710c00000, 0x0000000710e00000|  0%| F|  |TAMS 0x0000000710c00000, 0x0000000710c00000| Untracked 
| 113|0x0000000710e00000, 0x0000000710e00000, 0x0000000711000000|  0%| F|  |TAMS 0x0000000710e00000, 0x0000000710e00000| Untracked 
| 114|0x0000000711000000, 0x0000000711000000, 0x0000000711200000|  0%| F|  |TAMS 0x0000000711000000, 0x0000000711000000| Untracked 
| 115|0x0000000711200000, 0x0000000711200000, 0x0000000711400000|  0%| F|  |TAMS 0x0000000711200000, 0x0000000711200000| Untracked 
| 116|0x0000000711400000, 0x0000000711400000, 0x0000000711600000|  0%| F|  |TAMS 0x0000000711400000, 0x0000000711400000| Untracked 
| 117|0x0000000711600000, 0x0000000711600000, 0x0000000711800000|  0%| F|  |TAMS 0x0000000711600000, 0x0000000711600000| Untracked 
| 118|0x0000000711800000, 0x0000000711800000, 0x0000000711a00000|  0%| F|  |TAMS 0x0000000711800000, 0x0000000711800000| Untracked 
| 119|0x0000000711a00000, 0x0000000711a00000, 0x0000000711c00000|  0%| F|  |TAMS 0x0000000711a00000, 0x0000000711a00000| Untracked 
| 120|0x0000000711c00000, 0x0000000711c00000, 0x0000000711e00000|  0%| F|  |TAMS 0x0000000711c00000, 0x0000000711c00000| Untracked 
| 121|0x0000000711e00000, 0x0000000711e00000, 0x0000000712000000|  0%| F|  |TAMS 0x0000000711e00000, 0x0000000711e00000| Untracked 
| 122|0x0000000712000000, 0x0000000712000000, 0x0000000712200000|  0%| F|  |TAMS 0x0000000712000000, 0x0000000712000000| Untracked 
| 123|0x0000000712200000, 0x0000000712200000, 0x0000000712400000|  0%| F|  |TAMS 0x0000000712200000, 0x0000000712200000| Untracked 
| 124|0x0000000712400000, 0x0000000712400000, 0x0000000712600000|  0%| F|  |TAMS 0x0000000712400000, 0x0000000712400000| Untracked 
| 125|0x0000000712600000, 0x0000000712700800, 0x0000000712800000| 50%| E|  |TAMS 0x0000000712600000, 0x0000000712600000| Complete 
| 126|0x0000000712800000, 0x0000000712a00000, 0x0000000712a00000|100%| E|CS|TAMS 0x0000000712800000, 0x0000000712800000| Complete 

Card table byte_map: [0x00000275af0f0000,0x00000275af8e0000] _byte_map_base: 0x00000275ab8da000

Marking Bits (Prev, Next): (CMBitMap*) 0x0000027597861840, (CMBitMap*) 0x0000027597861880
 Prev Bits: [0x00000275b00d0000, 0x00000275b4020000)
 Next Bits: [0x00000275b4020000, 0x00000275b7f70000)

Polling page: 0x0000027596fc0000

Metaspace:

Usage:
  Non-class:      9.23 MB used.
      Class:      1.38 MB used.
       Both:     10.61 MB used.

Virtual space:
  Non-class space:       16.00 MB reserved,       9.31 MB ( 58%) committed,  2 nodes.
      Class space:        1.00 GB reserved,       1.50 MB ( <1%) committed,  1 nodes.
             Both:        1.02 GB reserved,      10.81 MB (  1%) committed. 

Chunk freelists:
   Non-Class:  2.28 MB
       Class:  2.55 MB
        Both:  4.83 MB

MaxMetaspaceSize: unlimited
CompressedClassSpaceSize: 1.00 GB
Initial GC threshold: 21.00 MB
Current GC threshold: 21.00 MB
CDS: on
MetaspaceReclaimPolicy: balanced
 - commit_granule_bytes: 65536.
 - commit_granule_words: 8192.
 - virtual_space_node_default_size: 1048576.
 - enlarge_chunks_in_place: 1.
 - new_chunks_are_fully_committed: 0.
 - uncommit_free_chunks: 1.
 - use_allocation_guard: 0.
 - handle_deallocations: 1.


Internal statistics:

num_allocs_failed_limit: 0.
num_arena_births: 146.
num_arena_deaths: 0.
num_vsnodes_births: 3.
num_vsnodes_deaths: 0.
num_space_committed: 173.
num_space_uncommitted: 0.
num_chunks_returned_to_freelist: 0.
num_chunks_taken_from_freelist: 530.
num_chunk_merges: 0.
num_chunk_splits: 310.
num_chunks_enlarged: 219.
num_purges: 0.
num_inconsistent_stats: 0.

CodeHeap 'non-profiled nmethods': size=119168Kb used=694Kb max_used=694Kb free=118474Kb
 bounds [0x00000275a6c00000, 0x00000275a6e70000, 0x00000275ae060000]
CodeHeap 'profiled nmethods': size=119104Kb used=3767Kb max_used=3767Kb free=115336Kb
 bounds [0x000002759f7b0000, 0x000002759fb60000, 0x00000275a6c00000]
CodeHeap 'non-nmethods': size=7488Kb used=2899Kb max_used=2915Kb free=4588Kb
 bounds [0x000002759f060000, 0x000002759f340000, 0x000002759f7b0000]
 total_blobs=2361 nmethods=1890 adapters=378
 compilation: enabled
              stopped_count=0, restarted_count=0
 full_count=0

Compilation events (20 events):
Event: 0.788 Thread 0x00000275bb15f660 1883       3       java.lang.StackStreamFactory$FrameBuffer::isEmpty (32 bytes)
Event: 0.788 Thread 0x00000275bb1635e0 1884       3       java.lang.StackWalker::hasOption (11 bytes)
Event: 0.788 Thread 0x00000275bb15f660 nmethod 1883 0x000002759fb56e10 code [0x000002759fb56fa0, 0x000002759fb57178]
Event: 0.788 Thread 0x00000275bb1635e0 nmethod 1884 0x000002759fb57210 code [0x000002759fb573c0, 0x000002759fb575a8]
Event: 0.789 Thread 0x00000275bb160a80 nmethod 1880 0x000002759fb57690 code [0x000002759fb57a40, 0x000002759fb59368]
Event: 0.796 Thread 0x00000275bb15f660 1885       3       java.lang.invoke.MethodHandles$Lookup::getDirectConstructor (10 bytes)
Event: 0.796 Thread 0x00000275bb060670 1892       3       java.lang.invoke.MethodHandleImpl::computeValueConversions (121 bytes)
Event: 0.796 Thread 0x00000275bb160a80 1887       3       java.lang.invoke.MethodHandle::asTypeUncached (59 bytes)
Event: 0.796 Thread 0x00000275bb1635e0 1888       3       java.lang.invoke.MethodType::isConvertibleTo (164 bytes)
Event: 0.796 Thread 0x00000275bb15f660 nmethod 1885 0x000002759fb59e10 code [0x000002759fb59fa0, 0x000002759fb5a0e8]
Event: 0.796 Thread 0x00000275bb15f660 1889       3       java.lang.invoke.MethodHandleImpl::makePairwiseConvert (8 bytes)
Event: 0.796 Thread 0x00000275bb15f660 nmethod 1889 0x000002759fb5a190 code [0x000002759fb5a320, 0x000002759fb5a448]
Event: 0.796 Thread 0x00000275bb15f660 1890       3       java.lang.invoke.MethodHandleImpl::makePairwiseConvert (22 bytes)
Event: 0.796 Thread 0x00000275bb15f660 nmethod 1890 0x000002759fb5a510 code [0x000002759fb5a6c0, 0x000002759fb5a8e8]
Event: 0.797 Thread 0x00000275bb15f660 1891       3       java.lang.invoke.MethodHandleImpl::makePairwiseConvertByEditor (627 bytes)
Event: 0.797 Thread 0x00000275bb060670 nmethod 1892 0x000002759fb5aa10 code [0x000002759fb5ac20, 0x000002759fb5b458]
Event: 0.797 Thread 0x00000275bb160a80 nmethod 1887 0x000002759fb5b810 code [0x000002759fb5bae0, 0x000002759fb5c678]
Event: 0.798 Thread 0x00000275bb1635e0 nmethod 1888 0x000002759fb5cb10 code [0x000002759fb5cd60, 0x000002759fb5d728]
Event: 0.798 Thread 0x00000275bb1635e0 1893       3       java.lang.invoke.MemberName$Factory::resolveOrNull (54 bytes)
Event: 0.799 Thread 0x00000275bb1635e0 nmethod 1893 0x000002759fb5da10 code [0x000002759fb5dbc0, 0x000002759fb5de88]

GC Heap History (4 events):
Event: 0.406 GC heap before
{Heap before GC invocations=0 (full 0):
 garbage-first heap   total 260096K, used 20480K [0x0000000702c00000, 0x0000000800000000)
  region size 2048K, 11 young (22528K), 0 survivors (0K)
 Metaspace       used 4505K, committed 4672K, reserved 1056768K
  class space    used 553K, committed 640K, reserved 1048576K
}
Event: 0.409 GC heap after
{Heap after GC invocations=1 (full 0):
 garbage-first heap   total 260096K, used 6179K [0x0000000702c00000, 0x0000000800000000)
  region size 2048K, 2 young (4096K), 2 survivors (4096K)
 Metaspace       used 4505K, committed 4672K, reserved 1056768K
  class space    used 553K, committed 640K, reserved 1048576K
}
Event: 0.772 GC heap before
{Heap before GC invocations=1 (full 0):
 garbage-first heap   total 260096K, used 30755K [0x0000000702c00000, 0x0000000800000000)
  region size 2048K, 15 young (30720K), 2 survivors (4096K)
 Metaspace       used 10462K, committed 10688K, reserved 1064960K
  class space    used 1352K, committed 1472K, reserved 1048576K
}
Event: 0.776 GC heap after
{Heap after GC invocations=2 (full 0):
 garbage-first heap   total 260096K, used 8428K [0x0000000702c00000, 0x0000000800000000)
  region size 2048K, 2 young (4096K), 2 survivors (4096K)
 Metaspace       used 10462K, committed 10688K, reserved 1064960K
  class space    used 1352K, committed 1472K, reserved 1048576K
}

Deoptimization events (20 events):
Event: 0.623 Thread 0x00000275977f5840 Uncommon trap: trap_request=0xffffff45 fr.pc=0x00000275a6c3cd48 relative=0x0000000000000048
Event: 0.623 Thread 0x00000275977f5840 Uncommon trap: reason=unstable_if action=reinterpret pc=0x00000275a6c3cd48 method=java.lang.CharacterData.of(I)Ljava/lang/CharacterData; @ 4 c2
Event: 0.623 Thread 0x00000275977f5840 DEOPT PACKING pc=0x00000275a6c3cd48 sp=0x000000a807efcb20
Event: 0.623 Thread 0x00000275977f5840 DEOPT UNPACKING pc=0x000002759f0b23a3 sp=0x000000a807efcac0 mode 2
Event: 0.624 Thread 0x00000275977f5840 Uncommon trap: trap_request=0xffffff45 fr.pc=0x00000275a6c1b040 relative=0x0000000000000040
Event: 0.624 Thread 0x00000275977f5840 Uncommon trap: reason=unstable_if action=reinterpret pc=0x00000275a6c1b040 method=sun.nio.fs.WindowsPathParser.isSlash(C)Z @ 9 c2
Event: 0.624 Thread 0x00000275977f5840 DEOPT PACKING pc=0x00000275a6c1b040 sp=0x000000a807efccb0
Event: 0.624 Thread 0x00000275977f5840 DEOPT UNPACKING pc=0x000002759f0b23a3 sp=0x000000a807efcc38 mode 2
Event: 0.627 Thread 0x00000275977f5840 Uncommon trap: trap_request=0xffffff45 fr.pc=0x00000275a6c80420 relative=0x00000000000001a0
Event: 0.627 Thread 0x00000275977f5840 Uncommon trap: reason=unstable_if action=reinterpret pc=0x00000275a6c80420 method=java.lang.String.equals(Ljava/lang/Object;)Z @ 33 c2
Event: 0.627 Thread 0x00000275977f5840 DEOPT PACKING pc=0x00000275a6c80420 sp=0x000000a807efc970
Event: 0.627 Thread 0x00000275977f5840 DEOPT UNPACKING pc=0x000002759f0b23a3 sp=0x000000a807efc910 mode 2
Event: 0.696 Thread 0x00000275977f5840 Uncommon trap: trap_request=0xffffff45 fr.pc=0x00000275a6c3c9c0 relative=0x00000000000000a0
Event: 0.696 Thread 0x00000275977f5840 Uncommon trap: reason=unstable_if action=reinterpret pc=0x00000275a6c3c9c0 method=sun.reflect.generics.parser.SignatureParser.current()C @ 39 c2
Event: 0.696 Thread 0x00000275977f5840 DEOPT PACKING pc=0x00000275a6c3c9c0 sp=0x000000a807efbbe0
Event: 0.696 Thread 0x00000275977f5840 DEOPT UNPACKING pc=0x000002759f0b23a3 sp=0x000000a807efbb78 mode 2
Event: 0.696 Thread 0x00000275977f5840 Uncommon trap: trap_request=0xffffff45 fr.pc=0x00000275a6c9cee4 relative=0x0000000000000424
Event: 0.696 Thread 0x00000275977f5840 Uncommon trap: reason=unstable_if action=reinterpret pc=0x00000275a6c9cee4 method=sun.reflect.generics.parser.SignatureParser.skipIdentifier()V @ 44 c2
Event: 0.696 Thread 0x00000275977f5840 DEOPT PACKING pc=0x00000275a6c9cee4 sp=0x000000a807efc590
Event: 0.696 Thread 0x00000275977f5840 DEOPT UNPACKING pc=0x000002759f0b23a3 sp=0x000000a807efc528 mode 2

Classes unloaded (0 events):
No events

Classes redefined (0 events):
No events

Internal exceptions (20 events):
Event: 0.383 Thread 0x00000275977f5840 Exception <a 'java/lang/NoSuchMethodError'{0x0000000711483878}: 'void java.lang.invoke.DirectMethodHandle$Holder.invokeStatic(java.lang.Object, java.lang.Object, java.lang.Object, java.lang.Object)'> (0x0000000711483878) 
thrown [s\open\src\hotspot\share\interpreter\linkResolver.cpp, line 759]
Event: 0.399 Thread 0x00000275977f5840 Exception <a 'java/lang/NoSuchMethodError'{0x000000071157c6b0}: 'java.lang.Object java.lang.invoke.Invokers$Holder.invokeExact_MT(java.lang.Object, java.lang.Object, java.lang.Object, java.lang.Object, java.lang.Object, java.lang.Object)'> (0x000000071157c6b0) 
thrown [s\open\src\hotspot\share\interpreter\linkResolver.cpp, line 759]
Event: 0.401 Thread 0x00000275977f5840 Exception <a 'java/lang/NoSuchMethodError'{0x000000071158c420}: 'int java.lang.invoke.DirectMethodHandle$Holder.invokeStatic(java.lang.Object, java.lang.Object, java.lang.Object, java.lang.Object, java.lang.Object)'> (0x000000071158c420) 
thrown [s\open\src\hotspot\share\interpreter\linkResolver.cpp, line 759]
Event: 0.410 Thread 0x00000275977f5840 Exception <a 'java/lang/NoSuchMethodError'{0x00000007128141d0}: 'void java.lang.invoke.DirectMethodHandle$Holder.invokeStaticInit(java.lang.Object)'> (0x00000007128141d0) 
thrown [s\open\src\hotspot\share\interpreter\linkResolver.cpp, line 759]
Event: 0.422 Thread 0x00000275977f5840 Exception <a 'java/lang/NoSuchMethodError'{0x00000007129d2ef8}: 'int java.lang.invoke.DirectMethodHandle$Holder.invokeStaticInit(java.lang.Object, java.lang.Object)'> (0x00000007129d2ef8) 
thrown [s\open\src\hotspot\share\interpreter\linkResolver.cpp, line 759]
Event: 0.480 Thread 0x00000275977f5840 Exception <a 'java/lang/ClassNotFoundException'{0x000000071253dcc0}: javax/smartcardio/CardPermission> (0x000000071253dcc0) 
thrown [s\open\src\hotspot\share\classfile\systemDictionary.cpp, line 256]
Event: 0.482 Thread 0x00000275977f5840 Exception <a 'java/io/FileNotFoundException'{0x000000071254c3e0}> (0x000000071254c3e0) 
thrown [s\open\src\hotspot\share\prims\jni.cpp, line 516]
Event: 0.546 Thread 0x00000275977f5840 Exception <a 'java/lang/NoSuchMethodError'{0x00000007121bb5c8}: 'int java.lang.invoke.DirectMethodHandle$Holder.invokeStaticInit(java.lang.Object, java.lang.Object, java.lang.Object)'> (0x00000007121bb5c8) 
thrown [s\open\src\hotspot\share\interpreter\linkResolver.cpp, line 759]
Event: 0.554 Thread 0x00000275977f5840 Implicit null exception at 0x00000275a6c78680 to 0x00000275a6c79c18
Event: 0.559 Thread 0x00000275977f5840 Exception <a 'java/lang/NoSuchMethodError'{0x0000000711eb5d38}: 'int java.lang.invoke.DirectMethodHandle$Holder.invokeInterface(java.lang.Object, java.lang.Object)'> (0x0000000711eb5d38) 
thrown [s\open\src\hotspot\share\interpreter\linkResolver.cpp, line 759]
Event: 0.573 Thread 0x00000275977f5840 Exception <a 'java/lang/NoSuchMethodError'{0x0000000711faecd0}: 'void java.lang.invoke.DirectMethodHandle$Holder.invokeStaticInit(java.lang.Object, java.lang.Object)'> (0x0000000711faecd0) 
thrown [s\open\src\hotspot\share\interpreter\linkResolver.cpp, line 759]
Event: 0.620 Thread 0x00000275977f5840 Exception <a 'java/lang/NoSuchMethodError'{0x0000000711adf3a8}: 'int java.lang.invoke.DirectMethodHandle$Holder.invokeSpecial(java.lang.Object, java.lang.Object, java.lang.Object, java.lang.Object)'> (0x0000000711adf3a8) 
thrown [s\open\src\hotspot\share\interpreter\linkResolver.cpp, line 759]
Event: 0.625 Thread 0x00000275977f5840 Exception <a 'java/lang/NoSuchMethodError'{0x0000000711b110f0}: 'int java.lang.invoke.DirectMethodHandle$Holder.invokeSpecial(java.lang.Object, java.lang.Object, java.lang.Object, java.lang.Object, java.lang.Object)'> (0x0000000711b110f0) 
thrown [s\open\src\hotspot\share\interpreter\linkResolver.cpp, line 759]
Event: 0.626 Thread 0x00000275977f5840 Exception <a 'java/lang/NoSuchMethodError'{0x0000000711b1a9d0}: 'void java.lang.invoke.DirectMethodHandle$Holder.invokeVirtual(java.lang.Object, java.lang.Object)'> (0x0000000711b1a9d0) 
thrown [s\open\src\hotspot\share\interpreter\linkResolver.cpp, line 759]
Event: 0.678 Thread 0x00000275977f5840 Exception <a 'java/lang/NoSuchMethodError'{0x00000007116fd530}: 'void java.lang.invoke.DirectMethodHandle$Holder.invokeVirtual(java.lang.Object, java.lang.Object, java.lang.Object, java.lang.Object)'> (0x00000007116fd530) 
thrown [s\open\src\hotspot\share\interpreter\linkResolver.cpp, line 759]
Event: 0.756 Thread 0x00000275977f5840 Exception <a 'java/lang/NoSuchMethodError'{0x0000000710ceeca0}: 'int java.lang.invoke.DirectMethodHandle$Holder.invokeVirtual(java.lang.Object, java.lang.Object, java.lang.Object)'> (0x0000000710ceeca0) 
thrown [s\open\src\hotspot\share\interpreter\linkResolver.cpp, line 759]
Event: 0.760 Thread 0x00000275977f5840 Exception <a 'java/lang/NoSuchMethodError'{0x0000000710d262e0}: 'java.lang.Object java.lang.invoke.DirectMethodHandle$Holder.newInvokeSpecial(java.lang.Object, java.lang.Object, java.lang.Object, java.lang.Object, java.lang.Object, java.lang.Object, java.lang.Object)'> (0x0000000710d262e0) 
thrown [s\open\src\hotspot\share\interpreter\linkResolver.cpp, line 759]
Event: 0.761 Thread 0x00000275977f5840 Exception <a 'java/lang/NoSuchMethodError'{0x0000000710d2ae98}: 'java.lang.Object java.lang.invoke.Invokers$Holder.linkToTargetMethod(java.lang.Object, java.lang.Object, java.lang.Object, java.lang.Object, java.lang.Object, java.lang.Object, java.lang.Object)'> (0x0000000710d2ae98) 
thrown [s\open\src\hotspot\share\interpreter\linkResolver.cpp, line 759]
Event: 0.762 Thread 0x00000275977f5840 Exception <a 'java/lang/NoSuchMethodError'{0x0000000710d3d4d8}: 'java.lang.Object java.lang.invoke.DirectMethodHandle$Holder.invokeInterface(java.lang.Object, java.lang.Object, java.lang.Object, java.lang.Object, java.lang.Object)'> (0x0000000710d3d4d8) 
thrown [s\open\src\hotspot\share\interpreter\linkResolver.cpp, line 759]
Event: 0.762 Thread 0x00000275977f5840 Exception <a 'java/lang/IncompatibleClassChangeError'{0x0000000710d412d0}: Found class java.lang.Object, but interface was expected> (0x0000000710d412d0) 
thrown [s\open\src\hotspot\share\interpreter\linkResolver.cpp, line 826]

VM Operations (20 events):
Event: 0.406 Executing VM operation: G1CollectForAllocation
Event: 0.409 Executing VM operation: G1CollectForAllocation done
Event: 0.463 Executing VM operation: HandshakeAllThreads
Event: 0.463 Executing VM operation: HandshakeAllThreads done
Event: 0.483 Executing VM operation: HandshakeAllThreads
Event: 0.483 Executing VM operation: HandshakeAllThreads done
Event: 0.493 Executing VM operation: HandshakeAllThreads
Event: 0.493 Executing VM operation: HandshakeAllThreads done
Event: 0.560 Executing VM operation: HandshakeAllThreads
Event: 0.560 Executing VM operation: HandshakeAllThreads done
Event: 0.608 Executing VM operation: HandshakeAllThreads
Event: 0.608 Executing VM operation: HandshakeAllThreads done
Event: 0.624 Executing VM operation: HandshakeAllThreads
Event: 0.624 Executing VM operation: HandshakeAllThreads done
Event: 0.672 Executing VM operation: ICBufferFull
Event: 0.672 Executing VM operation: ICBufferFull done
Event: 0.764 Executing VM operation: HandshakeAllThreads
Event: 0.764 Executing VM operation: HandshakeAllThreads done
Event: 0.772 Executing VM operation: G1CollectForAllocation
Event: 0.776 Executing VM operation: G1CollectForAllocation done

Events (20 events):
Event: 0.787 loading class java/lang/StackStreamFactory
Event: 0.787 loading class java/lang/StackStreamFactory done
Event: 0.787 loading class java/lang/StackWalker$ExtendedOption
Event: 0.787 loading class java/lang/StackWalker$ExtendedOption done
Event: 0.787 loading class java/lang/StackStreamFactory$StackFrameTraverser
Event: 0.787 loading class java/lang/StackStreamFactory$StackFrameTraverser done
Event: 0.787 loading class java/lang/StackStreamFactory$WalkerState
Event: 0.787 loading class java/lang/StackStreamFactory$WalkerState done
Event: 0.787 loading class java/lang/StackStreamFactory$1
Event: 0.787 loading class java/lang/StackStreamFactory$1 done
Event: 0.787 loading class java/lang/StackStreamFactory$StackFrameTraverser$StackFrameBuffer
Event: 0.787 loading class java/lang/StackStreamFactory$FrameBuffer
Event: 0.787 loading class java/lang/StackStreamFactory$FrameBuffer done
Event: 0.787 loading class java/lang/StackStreamFactory$StackFrameTraverser$StackFrameBuffer done
Event: 0.790 loading class java/nio/file/InvalidPathException
Event: 0.790 loading class java/nio/file/InvalidPathException done
Event: 0.793 loading class java/util/Collections$SynchronizedRandomAccessList
Event: 0.793 loading class java/util/Collections$SynchronizedList
Event: 0.793 loading class java/util/Collections$SynchronizedList done
Event: 0.793 loading class java/util/Collections$SynchronizedRandomAccessList done


Dynamic libraries:
0x00007ff6f5580000 - 0x00007ff6f5590000 	D:\software\jdk-17.0.4.1\bin\java.exe
0x00007ffccb110000 - 0x00007ffccb308000 	C:\WINDOWS\SYSTEM32\ntdll.dll
0x00007ffcca680000 - 0x00007ffcca73f000 	C:\WINDOWS\System32\KERNEL32.DLL
0x00007ffcc8a20000 - 0x00007ffcc8cfa000 	C:\WINDOWS\System32\KERNELBASE.dll
0x00007ffcc8fb0000 - 0x00007ffcc90b0000 	C:\WINDOWS\System32\ucrtbase.dll
0x00007ffcb6720000 - 0x00007ffcb6738000 	D:\software\jdk-17.0.4.1\bin\jli.dll
0x00007ffcb65c0000 - 0x00007ffcb65da000 	D:\software\jdk-17.0.4.1\bin\VCRUNTIME140.dll
0x00007ffcca370000 - 0x00007ffcca41e000 	C:\WINDOWS\System32\ADVAPI32.dll
0x00007ffcca5e0000 - 0x00007ffcca67e000 	C:\WINDOWS\System32\msvcrt.dll
0x00007ffcca9e0000 - 0x00007ffccaa7c000 	C:\WINDOWS\System32\sechost.dll
0x00007ffcca890000 - 0x00007ffcca9b6000 	C:\WINDOWS\System32\RPCRT4.dll
0x00007ffcc9180000 - 0x00007ffcc931d000 	C:\WINDOWS\System32\USER32.dll
0x00007ffcb46d0000 - 0x00007ffcb496a000 	C:\WINDOWS\WinSxS\amd64_microsoft.windows.common-controls_6595b64144ccf1df_6.0.19041.1110_none_60b5254171f9507e\COMCTL32.dll
0x00007ffcc8f80000 - 0x00007ffcc8fa2000 	C:\WINDOWS\System32\win32u.dll
0x00007ffcc9a70000 - 0x00007ffcc9a9b000 	C:\WINDOWS\System32\GDI32.dll
0x00007ffcc8db0000 - 0x00007ffcc8ec0000 	C:\WINDOWS\System32\gdi32full.dll
0x00007ffcc8980000 - 0x00007ffcc8a1d000 	C:\WINDOWS\System32\msvcp_win.dll
0x00007ffcc3700000 - 0x00007ffcc370a000 	C:\WINDOWS\SYSTEM32\VERSION.dll
0x00007ffcc9aa0000 - 0x00007ffcc9ad0000 	C:\WINDOWS\System32\IMM32.DLL
0x00007ffcb71a0000 - 0x00007ffcb71ac000 	D:\software\jdk-17.0.4.1\bin\vcruntime140_1.dll
0x00007ffca0f90000 - 0x00007ffca101d000 	D:\software\jdk-17.0.4.1\bin\msvcp140.dll
0x00007ffc7d940000 - 0x00007ffc7e502000 	D:\software\jdk-17.0.4.1\bin\server\jvm.dll
0x00007ffcc9170000 - 0x00007ffcc9178000 	C:\WINDOWS\System32\PSAPI.DLL
0x00007ffcb7a50000 - 0x00007ffcb7a77000 	C:\WINDOWS\SYSTEM32\WINMM.dll
0x00007ffcb85a0000 - 0x00007ffcb85a9000 	C:\WINDOWS\SYSTEM32\WSOCK32.dll
0x00007ffccaf30000 - 0x00007ffccaf9b000 	C:\WINDOWS\System32\WS2_32.dll
0x00007ffcc6700000 - 0x00007ffcc6712000 	C:\WINDOWS\SYSTEM32\kernel.appcore.dll
0x00007ffcb6420000 - 0x00007ffcb642a000 	D:\software\jdk-17.0.4.1\bin\jimage.dll
0x00007ffcb38e0000 - 0x00007ffcb3ac4000 	C:\WINDOWS\SYSTEM32\DBGHELP.DLL
0x00007ffcb3870000 - 0x00007ffcb38a4000 	C:\WINDOWS\SYSTEM32\dbgcore.DLL
0x00007ffcc90e0000 - 0x00007ffcc9162000 	C:\WINDOWS\System32\bcryptPrimitives.dll
0x00007ffcb44c0000 - 0x00007ffcb44ce000 	D:\software\jdk-17.0.4.1\bin\instrument.dll
0x00007ffcaf920000 - 0x00007ffcaf945000 	D:\software\jdk-17.0.4.1\bin\java.dll
0x00007ffc9f9f0000 - 0x00007ffc9fac6000 	D:\software\jdk-17.0.4.1\bin\jsvml.dll
0x00007ffcc9320000 - 0x00007ffcc9a64000 	C:\WINDOWS\System32\SHELL32.dll
0x00007ffcc6900000 - 0x00007ffcc7093000 	C:\WINDOWS\SYSTEM32\windows.storage.dll
0x00007ffcca010000 - 0x00007ffcca364000 	C:\WINDOWS\System32\combase.dll
0x00007ffcc8280000 - 0x00007ffcc82ae000 	C:\WINDOWS\SYSTEM32\Wldp.dll
0x00007ffccac70000 - 0x00007ffccad1d000 	C:\WINDOWS\System32\SHCORE.dll
0x00007ffcc9ad0000 - 0x00007ffcc9b25000 	C:\WINDOWS\System32\shlwapi.dll
0x00007ffcc8760000 - 0x00007ffcc877f000 	C:\WINDOWS\SYSTEM32\profapi.dll
0x00007ffca9d20000 - 0x00007ffca9d38000 	D:\software\jdk-17.0.4.1\bin\zip.dll
0x00007ffcad2c0000 - 0x00007ffcad2d9000 	D:\software\jdk-17.0.4.1\bin\net.dll
0x00007ffcc24d0000 - 0x00007ffcc25da000 	C:\WINDOWS\SYSTEM32\WINHTTP.dll
0x00007ffcc7fe0000 - 0x00007ffcc804a000 	C:\WINDOWS\system32\mswsock.dll
0x00007ffcad2a0000 - 0x00007ffcad2b6000 	D:\software\jdk-17.0.4.1\bin\nio.dll
0x00007ffca9590000 - 0x00007ffca95aa000 	D:\software\JetBrains\IntelliJ IDEA 2021.3.1\bin\breakgen64.dll
0x00007ffcb4a60000 - 0x00007ffcb4a70000 	D:\software\jdk-17.0.4.1\bin\verify.dll

dbghelp: loaded successfully - version: 4.0.5 - missing functions: none
symbol engine: initialized successfully - sym options: 0x614 - pdb path: .;D:\software\jdk-17.0.4.1\bin;C:\WINDOWS\SYSTEM32;C:\WINDOWS\WinSxS\amd64_microsoft.windows.common-controls_6595b64144ccf1df_6.0.19041.1110_none_60b5254171f9507e;D:\software\jdk-17.0.4.1\bin\server;D:\software\JetBrains\IntelliJ IDEA 2021.3.1\bin

VM Arguments:
jvm_args: -ea -Didea.test.cyclic.buffer.size=4194304 -javaagent:D:\software\JetBrains\IntelliJ IDEA 2021.3.1\lib\idea_rt.jar=58596:D:\software\JetBrains\IntelliJ IDEA 2021.3.1\bin -Dfile.encoding=UTF-8 
java_command: com.intellij.rt.junit.JUnitStarter -ideVersion5 -junit5 com.example.banksys.model.CloseAccountTest,closeAccountLogTest
java_class_path (initial): C:\Users\admin\.m2\repository\org\junit\platform\junit-platform-launcher\1.9.2\junit-platform-launcher-1.9.2.jar;C:\Users\admin\.m2\repository\org\junit\vintage\junit-vintage-engine\5.9.2\junit-vintage-engine-5.9.2.jar;D:\software\JetBrains\IntelliJ IDEA 2021.3.1\lib\idea_rt.jar;D:\software\JetBrains\IntelliJ IDEA 2021.3.1\plugins\junit\lib\junit5-rt.jar;D:\software\JetBrains\IntelliJ IDEA 2021.3.1\plugins\junit\lib\junit-rt.jar;D:\data\IdeaProjects\\22214608 OOM final\bankSys\target\test-classes;D:\data\IdeaProjects\\22214608 OOM final\bankSys\target\classes;C:\Users\admin\.m2\repository\org\springframework\boot\spring-boot-starter-data-jpa\3.0.6\spring-boot-starter-data-jpa-3.0.6.jar;C:\Users\admin\.m2\repository\org\springframework\boot\spring-boot-starter-jdbc\3.0.6\spring-boot-starter-jdbc-3.0.6.jar;C:\Users\admin\.m2\repository\com\zaxxer\HikariCP\5.0.1\HikariCP-5.0.1.jar;C:\Users\admin\.m2\repository\org\springframework\spring-jdbc\6.0.8\spring-jdbc-6.0.8.jar;C:\Users\admin\.m2\repository\org\hibernate\orm\hibernate-core\6.1.7.Final\hibernate-core-6.1.7.Final.jar;C:\Users\admin\.m2\repository\jakarta\persistence\jakarta.persistence-api\3.1.0\jakarta.persistence-api-3.1.0.jar;C:\Users\admin\.m2\repository\jakarta\transaction\jakarta.transaction-api\2.0.1\jakarta.transaction-api-2.0.1.jar;C:\Users\admin\.m2\repository\org\jboss\logging\jboss-logging\3.5.0.Final\jboss-logging-3.5.0.Final.jar;C:\Users\admin\.m2\repository\org\hibernate\common\hibernate-commons-annotations\6.0.6.Final\hibernate-commons-annotations-6.0.6.Final.jar;C:\Users\admin\.m2\repository\org\jboss\jandex\2.4.2.Final\jandex-2.4.2.Final.jar;C:\Users\admin\.m2\repository\com\fasterxml\classmate\1.5.1\classmate-1.5.1.jar;C:\Users\admin\.m2\repository\net\bytebuddy\byte-buddy\1.12.23\byte-buddy-1.12.23.jar;C:\Users\admin\.m2\repository\org\glassfish\jaxb\jaxb-runtime\4.0.2\jaxb-runtime-4.0.2.jar;C:\Users\admin\.m2\repository\org\glas
Launcher Type: SUN_STANDARD

[Global flags]
     intx CICompilerCount                          = 12                                        {product} {ergonomic}
     uint ConcGCThreads                            = 3                                         {product} {ergonomic}
     uint G1ConcRefinementThreads                  = 13                                        {product} {ergonomic}
   size_t G1HeapRegionSize                         = 2097152                                   {product} {ergonomic}
    uintx GCDrainStackTargetSize                   = 64                                        {product} {ergonomic}
   size_t InitialHeapSize                          = 266338304                                 {product} {ergonomic}
   size_t MarkStackSize                            = 4194304                                   {product} {ergonomic}
   size_t MaxHeapSize                              = 4248829952                                {product} {ergonomic}
   size_t MaxNewSize                               = 2548039680                                {product} {ergonomic}
   size_t MinHeapDeltaBytes                        = 2097152                                   {product} {ergonomic}
   size_t MinHeapSize                              = 8388608                                   {product} {ergonomic}
    uintx NonNMethodCodeHeapSize                   = 7602480                                {pd product} {ergonomic}
    uintx NonProfiledCodeHeapSize                  = 122027880                              {pd product} {ergonomic}
    uintx ProfiledCodeHeapSize                     = 122027880                              {pd product} {ergonomic}
    uintx ReservedCodeCacheSize                    = 251658240                              {pd product} {ergonomic}
     bool SegmentedCodeCache                       = true                                      {product} {ergonomic}
   size_t SoftMaxHeapSize                          = 4248829952                             {manageable} {ergonomic}
     bool UseCompressedClassPointers               = true                           {product lp64_product} {ergonomic}
     bool UseCompressedOops                        = true                           {product lp64_product} {ergonomic}
     bool UseG1GC                                  = true                                      {product} {ergonomic}
     bool UseLargePagesIndividualAllocation        = false                                  {pd product} {ergonomic}

Logging:
Log output configuration:
 #0: stdout all=warning uptime,level,tags
 #1: stderr all=off uptime,level,tags

Environment Variables:
JAVA_HOME=D:\software\jdk-17.0.4.1
PATH=D:\VMware\VMware Workstation\bin\;C:\Program Files\Common Files\Oracle\Java\javapath;C:\windows\system32;C:\windows;C:\windows\System32\Wbem;C:\windows\System32\WindowsPowerShell\v1.0\;C:\windows\System32\OpenSSH\;C:\Program Files (x86)\NVIDIA Corporation\PhysX\Common;%path%;C:\WINDOWS\system32;C:\WINDOWS;C:\WINDOWS\system32\WBEM;C:\WINDOWS\System32\WindowsPowerShell\v1.0\;C:\WINDOWS\System32\Wbem;C:\WINDOWS\System32\OpenSSH\;D:\software\jdk-17.0.4.1\bin;D:\software\jdk-17.0.4.1\jre\bin;D:\software\Git\cmd;D:\software\MinGW\bin;D:\software\Anaconda3;D:\software\Anaconda3\Scripts;D:\software\Anaconda3\Library\bin;D:\software\Anaconda3\Library\mingw-w64\bin;D:\software\MATLAB\R2022a\bin;D:\software\apache-maven-3.9.0-bin\apache-maven-3.9.0\bin;D:\software\erl9.2\bin;D:\software\Xshell 7\;C:\Users\admin\AppData\Local\Microsoft\WindowsApps;D:\software\cpolar\;D:\software\texlive\2022\bin\win32
USERNAME=admin
OS=Windows_NT
PROCESSOR_IDENTIFIER=Intel64 Family 6 Model 165 Stepping 5, GenuineIntel



---------------  S Y S T E M  ---------------

OS:
 Windows 10 , 64 bit Build 19041 (10.0.19041.2788)
OS uptime: 12 days 18:55 hours

CPU: total 16 (initial active 16) (8 cores per cpu, 2 threads per core) family 6 model 165 stepping 5 microcode 0xca, cx8, cmov, fxsr, ht, mmx, 3dnowpref, sse, sse2, sse3, ssse3, sse4.1, sse4.2, popcnt, lzcnt, tsc, tscinvbit, avx, avx2, aes, erms, clmul, bmi1, bmi2, adx, fma, vzeroupper, clflush, clflushopt

Memory: 4k page, system-wide physical 16206M (1294M free)
TotalPageFile size 46615M (AvailPageFile size 3M)
current process WorkingSet (physical memory assigned to process): 122M, peak: 122M
current process commit charge ("private bytes"): 400M, peak: 400M

vm_info: Java HotSpot(TM) 64-Bit Server VM (17.0.4.1+1-LTS-2) for windows-amd64 JRE (17.0.4.1+1-LTS-2), built on Aug 16 2022 18:32:06 by "mach5one" with MS VC++ 16.8 / 16.9 (VS2019)

END.
